{"E:\\Downloads\\Download\\the gp\\Fas7nyBackend\\controllers\\aiSearchController.js": {"path":"E:\\Downloads\\Download\\the gp\\Fas7nyBackend\\controllers\\aiSearchController.js","statementMap":{"0":{"start":{"line":1,"column":14},"end":{"line":1,"column":48}},"1":{"start":{"line":2,"column":13},"end":{"line":2,"column":38}},"2":{"start":{"line":3,"column":14},"end":{"line":3,"column":30}},"3":{"start":{"line":4,"column":18},"end":{"line":4,"column":39}},"4":{"start":{"line":5,"column":23},"end":{"line":5,"column":55}},"5":{"start":{"line":6,"column":0},"end":{"line":6,"column":79}},"6":{"start":{"line":6,"column":26},"end":{"line":6,"column":77}},"7":{"start":{"line":7,"column":19},"end":{"line":7,"column":36}},"8":{"start":{"line":9,"column":25},"end":{"line":9,"column":26}},"9":{"start":{"line":11,"column":17},"end":{"line":18,"column":1}},"10":{"start":{"line":22,"column":21},"end":{"line":22,"column":39}},"11":{"start":{"line":23,"column":19},"end":{"line":23,"column":43}},"12":{"start":{"line":24,"column":4},"end":{"line":27,"column":5}},"13":{"start":{"line":25,"column":8},"end":{"line":25,"column":81}},"14":{"start":{"line":26,"column":8},"end":{"line":26,"column":58}},"15":{"start":{"line":29,"column":20},"end":{"line":29,"column":22}},"16":{"start":{"line":30,"column":21},"end":{"line":30,"column":30}},"17":{"start":{"line":33,"column":4},"end":{"line":50,"column":5}},"18":{"start":{"line":34,"column":8},"end":{"line":49,"column":9}},"19":{"start":{"line":35,"column":29},"end":{"line":35,"column":39}},"20":{"start":{"line":36,"column":29},"end":{"line":36,"column":62}},"21":{"start":{"line":37,"column":29},"end":{"line":37,"column":93}},"22":{"start":{"line":38,"column":22},"end":{"line":42,"column":14}},"23":{"start":{"line":43,"column":25},"end":{"line":43,"column":69}},"24":{"start":{"line":44,"column":12},"end":{"line":44,"column":42}},"25":{"start":{"line":45,"column":12},"end":{"line":45,"column":33}},"26":{"start":{"line":46,"column":12},"end":{"line":46,"column":66}},"27":{"start":{"line":48,"column":12},"end":{"line":48,"column":60}},"28":{"start":{"line":53,"column":4},"end":{"line":79,"column":5}},"29":{"start":{"line":54,"column":8},"end":{"line":78,"column":9}},"30":{"start":{"line":55,"column":22},"end":{"line":58,"column":13}},"31":{"start":{"line":59,"column":27},"end":{"line":59,"column":47}},"32":{"start":{"line":60,"column":12},"end":{"line":69,"column":16}},"33":{"start":{"line":60,"column":59},"end":{"line":69,"column":13}},"34":{"start":{"line":70,"column":12},"end":{"line":70,"column":34}},"35":{"start":{"line":71,"column":12},"end":{"line":71,"column":72}},"36":{"start":{"line":73,"column":12},"end":{"line":77,"column":13}},"37":{"start":{"line":74,"column":16},"end":{"line":74,"column":72}},"38":{"start":{"line":76,"column":16},"end":{"line":76,"column":62}},"39":{"start":{"line":82,"column":4},"end":{"line":95,"column":5}},"40":{"start":{"line":83,"column":8},"end":{"line":94,"column":9}},"41":{"start":{"line":84,"column":26},"end":{"line":86,"column":13}},"42":{"start":{"line":87,"column":12},"end":{"line":87,"column":116}},"43":{"start":{"line":88,"column":25},"end":{"line":88,"column":58}},"44":{"start":{"line":89,"column":12},"end":{"line":89,"column":53}},"45":{"start":{"line":89,"column":39},"end":{"line":89,"column":51}},"46":{"start":{"line":90,"column":12},"end":{"line":90,"column":33}},"47":{"start":{"line":91,"column":12},"end":{"line":91,"column":80}},"48":{"start":{"line":93,"column":12},"end":{"line":93,"column":59}},"49":{"start":{"line":98,"column":4},"end":{"line":102,"column":5}},"50":{"start":{"line":99,"column":8},"end":{"line":99,"column":44}},"51":{"start":{"line":100,"column":8},"end":{"line":100,"column":33}},"52":{"start":{"line":101,"column":8},"end":{"line":101,"column":65}},"53":{"start":{"line":104,"column":4},"end":{"line":104,"column":40}},"54":{"start":{"line":105,"column":4},"end":{"line":105,"column":150}},"55":{"start":{"line":106,"column":4},"end":{"line":106,"column":37}},"56":{"start":{"line":111,"column":26},"end":{"line":111,"column":66}},"57":{"start":{"line":112,"column":4},"end":{"line":129,"column":7}},"58":{"start":{"line":113,"column":20},"end":{"line":113,"column":84}},"59":{"start":{"line":114,"column":20},"end":{"line":114,"column":84}},"60":{"start":{"line":115,"column":8},"end":{"line":128,"column":10}},"61":{"start":{"line":133,"column":0},"end":{"line":170,"column":2}},"62":{"start":{"line":134,"column":4},"end":{"line":134,"column":43}},"63":{"start":{"line":135,"column":4},"end":{"line":169,"column":5}},"64":{"start":{"line":136,"column":91},"end":{"line":136,"column":99}},"65":{"start":{"line":138,"column":8},"end":{"line":140,"column":9}},"66":{"start":{"line":139,"column":12},"end":{"line":139,"column":96}},"67":{"start":{"line":143,"column":23},"end":{"line":143,"column":67}},"68":{"start":{"line":144,"column":26},"end":{"line":144,"column":66}},"69":{"start":{"line":145,"column":21},"end":{"line":145,"column":35}},"70":{"start":{"line":147,"column":42},"end":{"line":147,"column":77}},"71":{"start":{"line":148,"column":29},"end":{"line":148,"column":78}},"72":{"start":{"line":150,"column":22},"end":{"line":150,"column":67}},"73":{"start":{"line":151,"column":8},"end":{"line":162,"column":9}},"74":{"start":{"line":152,"column":27},"end":{"line":152,"column":120}},"75":{"start":{"line":153,"column":29},"end":{"line":153,"column":53}},"76":{"start":{"line":154,"column":12},"end":{"line":159,"column":13}},"77":{"start":{"line":155,"column":16},"end":{"line":155,"column":40}},"78":{"start":{"line":158,"column":16},"end":{"line":158,"column":95}},"79":{"start":{"line":161,"column":12},"end":{"line":161,"column":67}},"80":{"start":{"line":164,"column":8},"end":{"line":164,"column":85}},"81":{"start":{"line":167,"column":8},"end":{"line":167,"column":57}},"82":{"start":{"line":168,"column":8},"end":{"line":168,"column":76}},"83":{"start":{"line":173,"column":0},"end":{"line":301,"column":2}},"84":{"start":{"line":174,"column":18},"end":{"line":174,"column":28}},"85":{"start":{"line":175,"column":4},"end":{"line":175,"column":118}},"86":{"start":{"line":176,"column":4},"end":{"line":300,"column":5}},"87":{"start":{"line":177,"column":92},"end":{"line":177,"column":100}},"88":{"start":{"line":178,"column":21},"end":{"line":178,"column":35}},"89":{"start":{"line":179,"column":8},"end":{"line":179,"column":118}},"90":{"start":{"line":182,"column":28},"end":{"line":182,"column":30}},"91":{"start":{"line":183,"column":28},"end":{"line":183,"column":30}},"92":{"start":{"line":184,"column":8},"end":{"line":195,"column":9}},"93":{"start":{"line":185,"column":12},"end":{"line":194,"column":72}},"94":{"start":{"line":186,"column":26},"end":{"line":186,"column":80}},"95":{"start":{"line":187,"column":16},"end":{"line":191,"column":17}},"96":{"start":{"line":188,"column":20},"end":{"line":190,"column":24}},"97":{"start":{"line":188,"column":59},"end":{"line":190,"column":21}},"98":{"start":{"line":192,"column":16},"end":{"line":193,"column":79}},"99":{"start":{"line":192,"column":48},"end":{"line":192,"column":78}},"100":{"start":{"line":193,"column":21},"end":{"line":193,"column":79}},"101":{"start":{"line":193,"column":51},"end":{"line":193,"column":79}},"102":{"start":{"line":194,"column":26},"end":{"line":194,"column":70}},"103":{"start":{"line":197,"column":42},"end":{"line":197,"column":77}},"104":{"start":{"line":198,"column":24},"end":{"line":198,"column":73}},"105":{"start":{"line":200,"column":8},"end":{"line":200,"column":95}},"106":{"start":{"line":203,"column":30},"end":{"line":203,"column":119}},"107":{"start":{"line":203,"column":80},"end":{"line":203,"column":91}},"108":{"start":{"line":204,"column":30},"end":{"line":204,"column":119}},"109":{"start":{"line":204,"column":80},"end":{"line":204,"column":92}},"110":{"start":{"line":205,"column":30},"end":{"line":205,"column":100}},"111":{"start":{"line":206,"column":30},"end":{"line":206,"column":50}},"112":{"start":{"line":207,"column":30},"end":{"line":207,"column":54}},"113":{"start":{"line":209,"column":23},"end":{"line":231,"column":10}},"114":{"start":{"line":210,"column":29},"end":{"line":210,"column":30}},"115":{"start":{"line":210,"column":46},"end":{"line":210,"column":47}},"116":{"start":{"line":210,"column":64},"end":{"line":210,"column":65}},"117":{"start":{"line":210,"column":83},"end":{"line":210,"column":84}},"118":{"start":{"line":211,"column":12},"end":{"line":218,"column":13}},"119":{"start":{"line":212,"column":33},"end":{"line":212,"column":101}},"120":{"start":{"line":213,"column":16},"end":{"line":213,"column":63}},"121":{"start":{"line":214,"column":16},"end":{"line":214,"column":89}},"122":{"start":{"line":215,"column":16},"end":{"line":215,"column":67}},"123":{"start":{"line":217,"column":16},"end":{"line":217,"column":57}},"124":{"start":{"line":219,"column":12},"end":{"line":224,"column":13}},"125":{"start":{"line":220,"column":29},"end":{"line":220,"column":81}},"126":{"start":{"line":221,"column":16},"end":{"line":221,"column":123}},"127":{"start":{"line":221,"column":71},"end":{"line":221,"column":108}},"128":{"start":{"line":222,"column":19},"end":{"line":224,"column":13}},"129":{"start":{"line":223,"column":16},"end":{"line":223,"column":58}},"130":{"start":{"line":225,"column":40},"end":{"line":225,"column":107}},"131":{"start":{"line":226,"column":12},"end":{"line":226,"column":117}},"132":{"start":{"line":227,"column":35},"end":{"line":229,"column":57}},"133":{"start":{"line":230,"column":12},"end":{"line":230,"column":65}},"134":{"start":{"line":233,"column":8},"end":{"line":233,"column":77}},"135":{"start":{"line":233,"column":30},"end":{"line":233,"column":75}},"136":{"start":{"line":235,"column":29},"end":{"line":239,"column":11}},"137":{"start":{"line":235,"column":53},"end":{"line":239,"column":9}},"138":{"start":{"line":241,"column":8},"end":{"line":241,"column":33}},"139":{"start":{"line":242,"column":8},"end":{"line":244,"column":11}},"140":{"start":{"line":243,"column":12},"end":{"line":243,"column":156}},"141":{"start":{"line":247,"column":32},"end":{"line":247,"column":47}},"142":{"start":{"line":248,"column":34},"end":{"line":248,"column":102}},"143":{"start":{"line":249,"column":34},"end":{"line":249,"column":80}},"144":{"start":{"line":250,"column":34},"end":{"line":250,"column":88}},"145":{"start":{"line":252,"column":30},"end":{"line":252,"column":195}},"146":{"start":{"line":255,"column":22},"end":{"line":255,"column":71}},"147":{"start":{"line":256,"column":8},"end":{"line":266,"column":9}},"148":{"start":{"line":257,"column":27},"end":{"line":257,"column":177}},"149":{"start":{"line":258,"column":29},"end":{"line":258,"column":53}},"150":{"start":{"line":259,"column":12},"end":{"line":263,"column":13}},"151":{"start":{"line":260,"column":16},"end":{"line":260,"column":40}},"152":{"start":{"line":262,"column":16},"end":{"line":262,"column":98}},"153":{"start":{"line":265,"column":12},"end":{"line":265,"column":70}},"154":{"start":{"line":268,"column":8},"end":{"line":270,"column":9}},"155":{"start":{"line":269,"column":12},"end":{"line":269,"column":160}},"156":{"start":{"line":272,"column":31},"end":{"line":280,"column":9}},"157":{"start":{"line":282,"column":8},"end":{"line":282,"column":161}},"158":{"start":{"line":284,"column":8},"end":{"line":284,"column":116}},"159":{"start":{"line":287,"column":8},"end":{"line":287,"column":82}},"160":{"start":{"line":288,"column":25},"end":{"line":293,"column":11}},"161":{"start":{"line":288,"column":66},"end":{"line":293,"column":9}},"162":{"start":{"line":294,"column":8},"end":{"line":299,"column":11}},"163":{"start":{"line":315,"column":0},"end":{"line":409,"column":2}},"164":{"start":{"line":316,"column":20},"end":{"line":316,"column":48}},"165":{"start":{"line":319,"column":32},"end":{"line":328,"column":5}},"166":{"start":{"line":330,"column":4},"end":{"line":408,"column":5}},"167":{"start":{"line":331,"column":23},"end":{"line":331,"column":39}},"168":{"start":{"line":332,"column":28},"end":{"line":332,"column":30}},"169":{"start":{"line":333,"column":27},"end":{"line":333,"column":36}},"170":{"start":{"line":336,"column":8},"end":{"line":358,"column":9}},"171":{"start":{"line":337,"column":12},"end":{"line":357,"column":13}},"172":{"start":{"line":338,"column":29},"end":{"line":338,"column":124}},"173":{"start":{"line":339,"column":16},"end":{"line":341,"column":17}},"174":{"start":{"line":340,"column":20},"end":{"line":340,"column":92}},"175":{"start":{"line":340,"column":68},"end":{"line":340,"column":90}},"176":{"start":{"line":343,"column":39},"end":{"line":343,"column":123}},"177":{"start":{"line":344,"column":16},"end":{"line":353,"column":19}},"178":{"start":{"line":345,"column":20},"end":{"line":352,"column":21}},"179":{"start":{"line":347,"column":24},"end":{"line":351,"column":27}},"180":{"start":{"line":348,"column":28},"end":{"line":350,"column":29}},"181":{"start":{"line":349,"column":32},"end":{"line":349,"column":60}},"182":{"start":{"line":354,"column":16},"end":{"line":354,"column":130}},"183":{"start":{"line":356,"column":16},"end":{"line":356,"column":88}},"184":{"start":{"line":361,"column":29},"end":{"line":361,"column":53}},"185":{"start":{"line":362,"column":23},"end":{"line":378,"column":10}},"186":{"start":{"line":364,"column":31},"end":{"line":366,"column":19}},"187":{"start":{"line":365,"column":42},"end":{"line":365,"column":104}},"188":{"start":{"line":365,"column":67},"end":{"line":365,"column":103}},"189":{"start":{"line":367,"column":34},"end":{"line":367,"column":117}},"190":{"start":{"line":370,"column":33},"end":{"line":370,"column":69}},"191":{"start":{"line":373,"column":33},"end":{"line":373,"column":70}},"192":{"start":{"line":375,"column":31},"end":{"line":375,"column":103}},"193":{"start":{"line":376,"column":12},"end":{"line":376,"column":190}},"194":{"start":{"line":377,"column":12},"end":{"line":377,"column":43}},"195":{"start":{"line":381,"column":8},"end":{"line":381,"column":59}},"196":{"start":{"line":381,"column":30},"end":{"line":381,"column":57}},"197":{"start":{"line":382,"column":21},"end":{"line":382,"column":39}},"198":{"start":{"line":385,"column":26},"end":{"line":393,"column":11}},"199":{"start":{"line":385,"column":49},"end":{"line":393,"column":9}},"200":{"start":{"line":392,"column":54},"end":{"line":392,"column":116}},"201":{"start":{"line":392,"column":79},"end":{"line":392,"column":115}},"202":{"start":{"line":397,"column":8},"end":{"line":397,"column":96}},"203":{"start":{"line":398,"column":8},"end":{"line":398,"column":49}},"204":{"start":{"line":401,"column":8},"end":{"line":401,"column":67}},"205":{"start":{"line":403,"column":8},"end":{"line":407,"column":11}},"206":{"start":{"line":413,"column":4},"end":{"line":415,"column":5}},"207":{"start":{"line":414,"column":8},"end":{"line":414,"column":213}},"208":{"start":{"line":416,"column":23},"end":{"line":416,"column":88}},"209":{"start":{"line":417,"column":23},"end":{"line":417,"column":52}},"210":{"start":{"line":418,"column":4},"end":{"line":418,"column":101}},"211":{"start":{"line":418,"column":34},"end":{"line":418,"column":101}},"212":{"start":{"line":419,"column":4},"end":{"line":419,"column":97}},"213":{"start":{"line":419,"column":34},"end":{"line":419,"column":97}},"214":{"start":{"line":420,"column":4},"end":{"line":420,"column":107}},"215":{"start":{"line":420,"column":34},"end":{"line":420,"column":107}},"216":{"start":{"line":421,"column":4},"end":{"line":421,"column":58}},"217":{"start":{"line":425,"column":14},"end":{"line":425,"column":32}},"218":{"start":{"line":426,"column":4},"end":{"line":432,"column":6}},"219":{"start":{"line":426,"column":29},"end":{"line":432,"column":6}},"220":{"start":{"line":433,"column":4},"end":{"line":437,"column":6}},"221":{"start":{"line":433,"column":28},"end":{"line":437,"column":6}},"222":{"start":{"line":438,"column":4},"end":{"line":443,"column":6}},"223":{"start":{"line":438,"column":29},"end":{"line":443,"column":6}},"224":{"start":{"line":445,"column":4},"end":{"line":451,"column":6}},"225":{"start":{"line":445,"column":57},"end":{"line":451,"column":6}},"226":{"start":{"line":453,"column":4},"end":{"line":458,"column":6}},"227":{"start":{"line":453,"column":29},"end":{"line":458,"column":6}},"228":{"start":{"line":460,"column":4},"end":{"line":464,"column":6}},"229":{"start":{"line":460,"column":29},"end":{"line":464,"column":6}},"230":{"start":{"line":466,"column":4},"end":{"line":470,"column":6}},"231":{"start":{"line":466,"column":29},"end":{"line":470,"column":6}},"232":{"start":{"line":472,"column":4},"end":{"line":475,"column":6}},"233":{"start":{"line":472,"column":54},"end":{"line":475,"column":6}},"234":{"start":{"line":477,"column":4},"end":{"line":483,"column":6}}},"fnMap":{"0":{"name":"_fetchRawHotels","decl":{"start":{"line":21,"column":15},"end":{"line":21,"column":30}},"loc":{"start":{"line":21,"column":45},"end":{"line":107,"column":1}},"line":21},"1":{"name":"(anonymous_1)","decl":{"start":{"line":60,"column":48},"end":{"line":60,"column":49}},"loc":{"start":{"line":60,"column":59},"end":{"line":69,"column":13}},"line":60},"2":{"name":"(anonymous_2)","decl":{"start":{"line":89,"column":34},"end":{"line":89,"column":35}},"loc":{"start":{"line":89,"column":39},"end":{"line":89,"column":51}},"line":89},"3":{"name":"_unifyHotels","decl":{"start":{"line":110,"column":9},"end":{"line":110,"column":21}},"loc":{"start":{"line":110,"column":59},"end":{"line":130,"column":1}},"line":110},"4":{"name":"(anonymous_4)","decl":{"start":{"line":112,"column":25},"end":{"line":112,"column":26}},"loc":{"start":{"line":112,"column":37},"end":{"line":129,"column":5}},"line":112},"5":{"name":"(anonymous_5)","decl":{"start":{"line":133,"column":22},"end":{"line":133,"column":23}},"loc":{"start":{"line":133,"column":42},"end":{"line":170,"column":1}},"line":133},"6":{"name":"(anonymous_6)","decl":{"start":{"line":173,"column":25},"end":{"line":173,"column":26}},"loc":{"start":{"line":173,"column":45},"end":{"line":301,"column":1}},"line":173},"7":{"name":"(anonymous_7)","decl":{"start":{"line":188,"column":53},"end":{"line":188,"column":54}},"loc":{"start":{"line":188,"column":59},"end":{"line":190,"column":21}},"line":188},"8":{"name":"(anonymous_8)","decl":{"start":{"line":203,"column":70},"end":{"line":203,"column":71}},"loc":{"start":{"line":203,"column":80},"end":{"line":203,"column":91}},"line":203},"9":{"name":"(anonymous_9)","decl":{"start":{"line":204,"column":70},"end":{"line":204,"column":71}},"loc":{"start":{"line":204,"column":80},"end":{"line":204,"column":92}},"line":204},"10":{"name":"(anonymous_10)","decl":{"start":{"line":209,"column":35},"end":{"line":209,"column":36}},"loc":{"start":{"line":209,"column":40},"end":{"line":231,"column":9}},"line":209},"11":{"name":"(anonymous_11)","decl":{"start":{"line":221,"column":66},"end":{"line":221,"column":67}},"loc":{"start":{"line":221,"column":71},"end":{"line":221,"column":108}},"line":221},"12":{"name":"(anonymous_12)","decl":{"start":{"line":233,"column":20},"end":{"line":233,"column":21}},"loc":{"start":{"line":233,"column":30},"end":{"line":233,"column":75}},"line":233},"13":{"name":"(anonymous_13)","decl":{"start":{"line":235,"column":40},"end":{"line":235,"column":41}},"loc":{"start":{"line":235,"column":53},"end":{"line":239,"column":9}},"line":235},"14":{"name":"(anonymous_14)","decl":{"start":{"line":242,"column":41},"end":{"line":242,"column":42}},"loc":{"start":{"line":242,"column":51},"end":{"line":244,"column":9}},"line":242},"15":{"name":"(anonymous_15)","decl":{"start":{"line":288,"column":55},"end":{"line":288,"column":56}},"loc":{"start":{"line":288,"column":66},"end":{"line":293,"column":9}},"line":288},"16":{"name":"(anonymous_16)","decl":{"start":{"line":315,"column":31},"end":{"line":315,"column":32}},"loc":{"start":{"line":315,"column":51},"end":{"line":409,"column":1}},"line":315},"17":{"name":"(anonymous_17)","decl":{"start":{"line":340,"column":63},"end":{"line":340,"column":64}},"loc":{"start":{"line":340,"column":68},"end":{"line":340,"column":90}},"line":340},"18":{"name":"(anonymous_18)","decl":{"start":{"line":344,"column":39},"end":{"line":344,"column":40}},"loc":{"start":{"line":344,"column":44},"end":{"line":353,"column":17}},"line":344},"19":{"name":"(anonymous_19)","decl":{"start":{"line":347,"column":52},"end":{"line":347,"column":53}},"loc":{"start":{"line":347,"column":60},"end":{"line":351,"column":25}},"line":347},"20":{"name":"(anonymous_20)","decl":{"start":{"line":362,"column":47},"end":{"line":362,"column":48}},"loc":{"start":{"line":362,"column":55},"end":{"line":378,"column":9}},"line":362},"21":{"name":"(anonymous_21)","decl":{"start":{"line":365,"column":35},"end":{"line":365,"column":36}},"loc":{"start":{"line":365,"column":42},"end":{"line":365,"column":104}},"line":365},"22":{"name":"(anonymous_22)","decl":{"start":{"line":365,"column":61},"end":{"line":365,"column":62}},"loc":{"start":{"line":365,"column":67},"end":{"line":365,"column":103}},"line":365},"23":{"name":"(anonymous_23)","decl":{"start":{"line":381,"column":20},"end":{"line":381,"column":21}},"loc":{"start":{"line":381,"column":30},"end":{"line":381,"column":57}},"line":381},"24":{"name":"(anonymous_24)","decl":{"start":{"line":385,"column":35},"end":{"line":385,"column":36}},"loc":{"start":{"line":385,"column":49},"end":{"line":393,"column":9}},"line":385},"25":{"name":"(anonymous_25)","decl":{"start":{"line":392,"column":47},"end":{"line":392,"column":48}},"loc":{"start":{"line":392,"column":54},"end":{"line":392,"column":116}},"line":392},"26":{"name":"(anonymous_26)","decl":{"start":{"line":392,"column":73},"end":{"line":392,"column":74}},"loc":{"start":{"line":392,"column":79},"end":{"line":392,"column":115}},"line":392},"27":{"name":"_recommendationReason","decl":{"start":{"line":412,"column":9},"end":{"line":412,"column":30}},"loc":{"start":{"line":412,"column":84},"end":{"line":422,"column":1}},"line":412},"28":{"name":"_hardcodedHotels","decl":{"start":{"line":424,"column":9},"end":{"line":424,"column":25}},"loc":{"start":{"line":424,"column":32},"end":{"line":484,"column":1}},"line":424}},"branchMap":{"0":{"loc":{"start":{"line":6,"column":0},"end":{"line":6,"column":79}},"type":"if","locations":[{"start":{"line":6,"column":0},"end":{"line":6,"column":79}},{"start":{},"end":{}}],"line":6},"1":{"loc":{"start":{"line":24,"column":4},"end":{"line":27,"column":5}},"type":"if","locations":[{"start":{"line":24,"column":4},"end":{"line":27,"column":5}},{"start":{},"end":{}}],"line":24},"2":{"loc":{"start":{"line":33,"column":4},"end":{"line":50,"column":5}},"type":"if","locations":[{"start":{"line":33,"column":4},"end":{"line":50,"column":5}},{"start":{},"end":{}}],"line":33},"3":{"loc":{"start":{"line":43,"column":25},"end":{"line":43,"column":69}},"type":"binary-expr","locations":[{"start":{"line":43,"column":25},"end":{"line":43,"column":39}},{"start":{"line":43,"column":43},"end":{"line":43,"column":63}},{"start":{"line":43,"column":67},"end":{"line":43,"column":69}}],"line":43},"4":{"loc":{"start":{"line":53,"column":4},"end":{"line":79,"column":5}},"type":"if","locations":[{"start":{"line":53,"column":4},"end":{"line":79,"column":5}},{"start":{},"end":{}}],"line":53},"5":{"loc":{"start":{"line":53,"column":8},"end":{"line":53,"column":60}},"type":"binary-expr","locations":[{"start":{"line":53,"column":8},"end":{"line":53,"column":30}},{"start":{"line":53,"column":34},"end":{"line":53,"column":60}}],"line":53},"6":{"loc":{"start":{"line":59,"column":27},"end":{"line":59,"column":47}},"type":"binary-expr","locations":[{"start":{"line":59,"column":27},"end":{"line":59,"column":41}},{"start":{"line":59,"column":45},"end":{"line":59,"column":47}}],"line":59},"7":{"loc":{"start":{"line":62,"column":26},"end":{"line":62,"column":54}},"type":"binary-expr","locations":[{"start":{"line":62,"column":26},"end":{"line":62,"column":33}},{"start":{"line":62,"column":37},"end":{"line":62,"column":43}},{"start":{"line":62,"column":47},"end":{"line":62,"column":54}}],"line":62},"8":{"loc":{"start":{"line":63,"column":26},"end":{"line":63,"column":88}},"type":"cond-expr","locations":[{"start":{"line":63,"column":36},"end":{"line":63,"column":84}},{"start":{"line":63,"column":87},"end":{"line":63,"column":88}}],"line":63},"9":{"loc":{"start":{"line":63,"column":36},"end":{"line":63,"column":84}},"type":"binary-expr","locations":[{"start":{"line":63,"column":36},"end":{"line":63,"column":79}},{"start":{"line":63,"column":83},"end":{"line":63,"column":84}}],"line":63},"10":{"loc":{"start":{"line":64,"column":26},"end":{"line":64,"column":39}},"type":"binary-expr","locations":[{"start":{"line":64,"column":26},"end":{"line":64,"column":34}},{"start":{"line":64,"column":38},"end":{"line":64,"column":39}}],"line":64},"11":{"loc":{"start":{"line":65,"column":26},"end":{"line":65,"column":43}},"type":"binary-expr","locations":[{"start":{"line":65,"column":26},"end":{"line":65,"column":35}},{"start":{"line":65,"column":39},"end":{"line":65,"column":43}}],"line":65},"12":{"loc":{"start":{"line":66,"column":26},"end":{"line":66,"column":46}},"type":"binary-expr","locations":[{"start":{"line":66,"column":26},"end":{"line":66,"column":40}},{"start":{"line":66,"column":44},"end":{"line":66,"column":46}}],"line":66},"13":{"loc":{"start":{"line":68,"column":26},"end":{"line":68,"column":44}},"type":"binary-expr","locations":[{"start":{"line":68,"column":26},"end":{"line":68,"column":36}},{"start":{"line":68,"column":40},"end":{"line":68,"column":44}}],"line":68},"14":{"loc":{"start":{"line":68,"column":57},"end":{"line":68,"column":76}},"type":"binary-expr","locations":[{"start":{"line":68,"column":57},"end":{"line":68,"column":68}},{"start":{"line":68,"column":72},"end":{"line":68,"column":76}}],"line":68},"15":{"loc":{"start":{"line":73,"column":12},"end":{"line":77,"column":13}},"type":"if","locations":[{"start":{"line":73,"column":12},"end":{"line":77,"column":13}},{"start":{"line":75,"column":19},"end":{"line":77,"column":13}}],"line":73},"16":{"loc":{"start":{"line":73,"column":16},"end":{"line":73,"column":55}},"type":"binary-expr","locations":[{"start":{"line":73,"column":16},"end":{"line":73,"column":26}},{"start":{"line":73,"column":30},"end":{"line":73,"column":55}}],"line":73},"17":{"loc":{"start":{"line":82,"column":4},"end":{"line":95,"column":5}},"type":"if","locations":[{"start":{"line":82,"column":4},"end":{"line":95,"column":5}},{"start":{},"end":{}}],"line":82},"18":{"loc":{"start":{"line":98,"column":4},"end":{"line":102,"column":5}},"type":"if","locations":[{"start":{"line":98,"column":4},"end":{"line":102,"column":5}},{"start":{},"end":{}}],"line":98},"19":{"loc":{"start":{"line":111,"column":26},"end":{"line":111,"column":66}},"type":"binary-expr","locations":[{"start":{"line":111,"column":26},"end":{"line":111,"column":42}},{"start":{"line":111,"column":46},"end":{"line":111,"column":66}}],"line":111},"20":{"loc":{"start":{"line":113,"column":20},"end":{"line":113,"column":84}},"type":"binary-expr","locations":[{"start":{"line":113,"column":20},"end":{"line":113,"column":30}},{"start":{"line":113,"column":35},"end":{"line":113,"column":63}},{"start":{"line":113,"column":67},"end":{"line":113,"column":84}}],"line":113},"21":{"loc":{"start":{"line":114,"column":20},"end":{"line":114,"column":84}},"type":"binary-expr","locations":[{"start":{"line":114,"column":20},"end":{"line":114,"column":31}},{"start":{"line":114,"column":35},"end":{"line":114,"column":63}},{"start":{"line":114,"column":67},"end":{"line":114,"column":84}}],"line":114},"22":{"loc":{"start":{"line":116,"column":34},"end":{"line":116,"column":82}},"type":"binary-expr","locations":[{"start":{"line":116,"column":34},"end":{"line":116,"column":39}},{"start":{"line":116,"column":43},"end":{"line":116,"column":53}},{"start":{"line":116,"column":57},"end":{"line":116,"column":68}},{"start":{"line":116,"column":72},"end":{"line":116,"column":82}}],"line":116},"23":{"loc":{"start":{"line":117,"column":27},"end":{"line":117,"column":84}},"type":"binary-expr","locations":[{"start":{"line":117,"column":27},"end":{"line":117,"column":38}},{"start":{"line":117,"column":43},"end":{"line":117,"column":55}},{"start":{"line":117,"column":59},"end":{"line":117,"column":65}},{"start":{"line":117,"column":69},"end":{"line":117,"column":84}}],"line":117},"24":{"loc":{"start":{"line":118,"column":34},"end":{"line":118,"column":67}},"type":"binary-expr","locations":[{"start":{"line":118,"column":34},"end":{"line":118,"column":41}},{"start":{"line":118,"column":45},"end":{"line":118,"column":62}},{"start":{"line":118,"column":66},"end":{"line":118,"column":67}}],"line":118},"25":{"loc":{"start":{"line":119,"column":34},"end":{"line":119,"column":82}},"type":"binary-expr","locations":[{"start":{"line":119,"column":34},"end":{"line":119,"column":47}},{"start":{"line":119,"column":51},"end":{"line":119,"column":65}},{"start":{"line":119,"column":69},"end":{"line":119,"column":77}},{"start":{"line":119,"column":81},"end":{"line":119,"column":82}}],"line":119},"26":{"loc":{"start":{"line":120,"column":27},"end":{"line":120,"column":49}},"type":"binary-expr","locations":[{"start":{"line":120,"column":27},"end":{"line":120,"column":37}},{"start":{"line":120,"column":41},"end":{"line":120,"column":49}}],"line":120},"27":{"loc":{"start":{"line":121,"column":27},"end":{"line":121,"column":45}},"type":"binary-expr","locations":[{"start":{"line":121,"column":27},"end":{"line":121,"column":33}},{"start":{"line":121,"column":41},"end":{"line":121,"column":45}}],"line":121},"28":{"loc":{"start":{"line":122,"column":27},"end":{"line":122,"column":92}},"type":"binary-expr","locations":[{"start":{"line":122,"column":27},"end":{"line":122,"column":41}},{"start":{"line":122,"column":45},"end":{"line":122,"column":61}},{"start":{"line":122,"column":65},"end":{"line":122,"column":75}},{"start":{"line":122,"column":79},"end":{"line":122,"column":86}},{"start":{"line":122,"column":90},"end":{"line":122,"column":92}}],"line":122},"29":{"loc":{"start":{"line":123,"column":27},"end":{"line":123,"column":62}},"type":"binary-expr","locations":[{"start":{"line":123,"column":27},"end":{"line":123,"column":36}},{"start":{"line":123,"column":41},"end":{"line":123,"column":56}},{"start":{"line":123,"column":60},"end":{"line":123,"column":62}}],"line":123},"30":{"loc":{"start":{"line":124,"column":27},"end":{"line":124,"column":51}},"type":"binary-expr","locations":[{"start":{"line":124,"column":27},"end":{"line":124,"column":35}},{"start":{"line":124,"column":41},"end":{"line":124,"column":51}}],"line":124},"31":{"loc":{"start":{"line":125,"column":27},"end":{"line":125,"column":46}},"type":"binary-expr","locations":[{"start":{"line":125,"column":27},"end":{"line":125,"column":40}},{"start":{"line":125,"column":44},"end":{"line":125,"column":46}}],"line":125},"32":{"loc":{"start":{"line":136,"column":27},"end":{"line":136,"column":39}},"type":"default-arg","locations":[{"start":{"line":136,"column":37},"end":{"line":136,"column":39}}],"line":136},"33":{"loc":{"start":{"line":136,"column":41},"end":{"line":136,"column":58}},"type":"default-arg","locations":[{"start":{"line":136,"column":57},"end":{"line":136,"column":58}}],"line":136},"34":{"loc":{"start":{"line":138,"column":8},"end":{"line":140,"column":9}},"type":"if","locations":[{"start":{"line":138,"column":8},"end":{"line":140,"column":9}},{"start":{},"end":{}}],"line":138},"35":{"loc":{"start":{"line":143,"column":23},"end":{"line":143,"column":67}},"type":"binary-expr","locations":[{"start":{"line":143,"column":23},"end":{"line":143,"column":33}},{"start":{"line":143,"column":37},"end":{"line":143,"column":53}},{"start":{"line":143,"column":57},"end":{"line":143,"column":67}}],"line":143},"36":{"loc":{"start":{"line":144,"column":26},"end":{"line":144,"column":66}},"type":"binary-expr","locations":[{"start":{"line":144,"column":26},"end":{"line":144,"column":42}},{"start":{"line":144,"column":46},"end":{"line":144,"column":66}}],"line":144},"37":{"loc":{"start":{"line":154,"column":12},"end":{"line":159,"column":13}},"type":"if","locations":[{"start":{"line":154,"column":12},"end":{"line":159,"column":13}},{"start":{"line":157,"column":19},"end":{"line":159,"column":13}}],"line":154},"38":{"loc":{"start":{"line":177,"column":22},"end":{"line":177,"column":39}},"type":"default-arg","locations":[{"start":{"line":177,"column":32},"end":{"line":177,"column":39}}],"line":177},"39":{"loc":{"start":{"line":177,"column":41},"end":{"line":177,"column":60}},"type":"default-arg","locations":[{"start":{"line":177,"column":50},"end":{"line":177,"column":60}}],"line":177},"40":{"loc":{"start":{"line":177,"column":62},"end":{"line":177,"column":79}},"type":"default-arg","locations":[{"start":{"line":177,"column":78},"end":{"line":177,"column":79}}],"line":177},"41":{"loc":{"start":{"line":179,"column":95},"end":{"line":179,"column":114}},"type":"binary-expr","locations":[{"start":{"line":179,"column":95},"end":{"line":179,"column":101}},{"start":{"line":179,"column":105},"end":{"line":179,"column":114}}],"line":179},"42":{"loc":{"start":{"line":184,"column":8},"end":{"line":195,"column":9}},"type":"if","locations":[{"start":{"line":184,"column":8},"end":{"line":195,"column":9}},{"start":{},"end":{}}],"line":184},"43":{"loc":{"start":{"line":187,"column":16},"end":{"line":191,"column":17}},"type":"if","locations":[{"start":{"line":187,"column":16},"end":{"line":191,"column":17}},{"start":{},"end":{}}],"line":187},"44":{"loc":{"start":{"line":189,"column":31},"end":{"line":189,"column":43}},"type":"binary-expr","locations":[{"start":{"line":189,"column":31},"end":{"line":189,"column":38}},{"start":{"line":189,"column":42},"end":{"line":189,"column":43}}],"line":189},"45":{"loc":{"start":{"line":189,"column":53},"end":{"line":189,"column":83}},"type":"binary-expr","locations":[{"start":{"line":189,"column":53},"end":{"line":189,"column":66}},{"start":{"line":189,"column":70},"end":{"line":189,"column":78}},{"start":{"line":189,"column":82},"end":{"line":189,"column":83}}],"line":189},"46":{"loc":{"start":{"line":189,"column":95},"end":{"line":189,"column":117}},"type":"binary-expr","locations":[{"start":{"line":189,"column":95},"end":{"line":189,"column":105}},{"start":{"line":189,"column":109},"end":{"line":189,"column":117}}],"line":189},"47":{"loc":{"start":{"line":192,"column":16},"end":{"line":193,"column":79}},"type":"if","locations":[{"start":{"line":192,"column":16},"end":{"line":193,"column":79}},{"start":{"line":193,"column":21},"end":{"line":193,"column":79}}],"line":192},"48":{"loc":{"start":{"line":193,"column":21},"end":{"line":193,"column":79}},"type":"if","locations":[{"start":{"line":193,"column":21},"end":{"line":193,"column":79}},{"start":{},"end":{}}],"line":193},"49":{"loc":{"start":{"line":203,"column":30},"end":{"line":203,"column":119}},"type":"cond-expr","locations":[{"start":{"line":203,"column":53},"end":{"line":203,"column":115}},{"start":{"line":203,"column":118},"end":{"line":203,"column":119}}],"line":203},"50":{"loc":{"start":{"line":204,"column":30},"end":{"line":204,"column":119}},"type":"cond-expr","locations":[{"start":{"line":204,"column":53},"end":{"line":204,"column":115}},{"start":{"line":204,"column":118},"end":{"line":204,"column":119}}],"line":204},"51":{"loc":{"start":{"line":205,"column":30},"end":{"line":205,"column":100}},"type":"cond-expr","locations":[{"start":{"line":205,"column":54},"end":{"line":205,"column":88}},{"start":{"line":205,"column":92},"end":{"line":205,"column":100}}],"line":205},"52":{"loc":{"start":{"line":205,"column":54},"end":{"line":205,"column":88}},"type":"binary-expr","locations":[{"start":{"line":205,"column":54},"end":{"line":205,"column":76}},{"start":{"line":205,"column":80},"end":{"line":205,"column":88}}],"line":205},"53":{"loc":{"start":{"line":211,"column":12},"end":{"line":218,"column":13}},"type":"if","locations":[{"start":{"line":211,"column":12},"end":{"line":218,"column":13}},{"start":{"line":216,"column":19},"end":{"line":218,"column":13}}],"line":211},"54":{"loc":{"start":{"line":215,"column":31},"end":{"line":215,"column":66}},"type":"cond-expr","locations":[{"start":{"line":215,"column":60},"end":{"line":215,"column":62}},{"start":{"line":215,"column":65},"end":{"line":215,"column":66}}],"line":215},"55":{"loc":{"start":{"line":219,"column":12},"end":{"line":224,"column":13}},"type":"if","locations":[{"start":{"line":219,"column":12},"end":{"line":224,"column":13}},{"start":{"line":222,"column":19},"end":{"line":224,"column":13}}],"line":219},"56":{"loc":{"start":{"line":222,"column":19},"end":{"line":224,"column":13}},"type":"if","locations":[{"start":{"line":222,"column":19},"end":{"line":224,"column":13}},{"start":{},"end":{}}],"line":222},"57":{"loc":{"start":{"line":227,"column":35},"end":{"line":229,"column":57}},"type":"cond-expr","locations":[{"start":{"line":228,"column":18},"end":{"line":228,"column":169}},{"start":{"line":229,"column":18},"end":{"line":229,"column":57}}],"line":227},"58":{"loc":{"start":{"line":227,"column":36},"end":{"line":227,"column":60}},"type":"binary-expr","locations":[{"start":{"line":227,"column":36},"end":{"line":227,"column":44}},{"start":{"line":227,"column":48},"end":{"line":227,"column":60}}],"line":227},"59":{"loc":{"start":{"line":238,"column":34},"end":{"line":238,"column":120}},"type":"cond-expr","locations":[{"start":{"line":238,"column":44},"end":{"line":238,"column":113}},{"start":{"line":238,"column":116},"end":{"line":238,"column":120}}],"line":238},"60":{"loc":{"start":{"line":248,"column":34},"end":{"line":248,"column":102}},"type":"cond-expr","locations":[{"start":{"line":248,"column":45},"end":{"line":248,"column":98}},{"start":{"line":248,"column":101},"end":{"line":248,"column":102}}],"line":248},"61":{"loc":{"start":{"line":250,"column":34},"end":{"line":250,"column":88}},"type":"binary-expr","locations":[{"start":{"line":250,"column":34},"end":{"line":250,"column":51}},{"start":{"line":250,"column":55},"end":{"line":250,"column":88}}],"line":250},"62":{"loc":{"start":{"line":252,"column":173},"end":{"line":252,"column":193}},"type":"binary-expr","locations":[{"start":{"line":252,"column":173},"end":{"line":252,"column":187}},{"start":{"line":252,"column":191},"end":{"line":252,"column":193}}],"line":252},"63":{"loc":{"start":{"line":257,"column":122},"end":{"line":257,"column":142}},"type":"binary-expr","locations":[{"start":{"line":257,"column":122},"end":{"line":257,"column":136}},{"start":{"line":257,"column":140},"end":{"line":257,"column":142}}],"line":257},"64":{"loc":{"start":{"line":259,"column":12},"end":{"line":263,"column":13}},"type":"if","locations":[{"start":{"line":259,"column":12},"end":{"line":263,"column":13}},{"start":{"line":261,"column":19},"end":{"line":263,"column":13}}],"line":259},"65":{"loc":{"start":{"line":268,"column":8},"end":{"line":270,"column":9}},"type":"if","locations":[{"start":{"line":268,"column":8},"end":{"line":270,"column":9}},{"start":{},"end":{}}],"line":268},"66":{"loc":{"start":{"line":275,"column":26},"end":{"line":277,"column":60}},"type":"cond-expr","locations":[{"start":{"line":276,"column":18},"end":{"line":276,"column":124}},{"start":{"line":277,"column":18},"end":{"line":277,"column":60}}],"line":275},"67":{"loc":{"start":{"line":279,"column":25},"end":{"line":279,"column":59}},"type":"cond-expr","locations":[{"start":{"line":279,"column":42},"end":{"line":279,"column":52}},{"start":{"line":279,"column":55},"end":{"line":279,"column":59}}],"line":279},"68":{"loc":{"start":{"line":291,"column":56},"end":{"line":291,"column":105}},"type":"cond-expr","locations":[{"start":{"line":291,"column":64},"end":{"line":291,"column":98}},{"start":{"line":291,"column":101},"end":{"line":291,"column":105}}],"line":291},"69":{"loc":{"start":{"line":336,"column":8},"end":{"line":358,"column":9}},"type":"if","locations":[{"start":{"line":336,"column":8},"end":{"line":358,"column":9}},{"start":{},"end":{}}],"line":336},"70":{"loc":{"start":{"line":339,"column":16},"end":{"line":341,"column":17}},"type":"if","locations":[{"start":{"line":339,"column":16},"end":{"line":341,"column":17}},{"start":{},"end":{}}],"line":339},"71":{"loc":{"start":{"line":340,"column":37},"end":{"line":340,"column":57}},"type":"binary-expr","locations":[{"start":{"line":340,"column":37},"end":{"line":340,"column":51}},{"start":{"line":340,"column":55},"end":{"line":340,"column":57}}],"line":340},"72":{"loc":{"start":{"line":345,"column":20},"end":{"line":352,"column":21}},"type":"if","locations":[{"start":{"line":345,"column":20},"end":{"line":352,"column":21}},{"start":{},"end":{}}],"line":345},"73":{"loc":{"start":{"line":348,"column":28},"end":{"line":350,"column":29}},"type":"if","locations":[{"start":{"line":348,"column":28},"end":{"line":350,"column":29}},{"start":{},"end":{}}],"line":348},"74":{"loc":{"start":{"line":364,"column":31},"end":{"line":366,"column":19}},"type":"cond-expr","locations":[{"start":{"line":365,"column":18},"end":{"line":365,"column":112}},{"start":{"line":366,"column":18},"end":{"line":366,"column":19}}],"line":364},"75":{"loc":{"start":{"line":365,"column":67},"end":{"line":365,"column":103}},"type":"binary-expr","locations":[{"start":{"line":365,"column":67},"end":{"line":365,"column":83}},{"start":{"line":365,"column":87},"end":{"line":365,"column":103}}],"line":365},"76":{"loc":{"start":{"line":367,"column":34},"end":{"line":367,"column":117}},"type":"cond-expr","locations":[{"start":{"line":367,"column":49},"end":{"line":367,"column":112}},{"start":{"line":367,"column":115},"end":{"line":367,"column":117}}],"line":367},"77":{"loc":{"start":{"line":370,"column":33},"end":{"line":370,"column":69}},"type":"cond-expr","locations":[{"start":{"line":370,"column":63},"end":{"line":370,"column":65}},{"start":{"line":370,"column":68},"end":{"line":370,"column":69}}],"line":370},"78":{"loc":{"start":{"line":373,"column":33},"end":{"line":373,"column":70}},"type":"cond-expr","locations":[{"start":{"line":373,"column":64},"end":{"line":373,"column":66}},{"start":{"line":373,"column":69},"end":{"line":373,"column":70}}],"line":373},"79":{"loc":{"start":{"line":392,"column":79},"end":{"line":392,"column":115}},"type":"binary-expr","locations":[{"start":{"line":392,"column":79},"end":{"line":392,"column":95}},{"start":{"line":392,"column":99},"end":{"line":392,"column":115}}],"line":392},"80":{"loc":{"start":{"line":413,"column":4},"end":{"line":415,"column":5}},"type":"if","locations":[{"start":{"line":413,"column":4},"end":{"line":415,"column":5}},{"start":{},"end":{}}],"line":413},"81":{"loc":{"start":{"line":414,"column":15},"end":{"line":414,"column":212}},"type":"binary-expr","locations":[{"start":{"line":414,"column":15},"end":{"line":414,"column":177}},{"start":{"line":414,"column":181},"end":{"line":414,"column":212}}],"line":414},"82":{"loc":{"start":{"line":418,"column":4},"end":{"line":418,"column":101}},"type":"if","locations":[{"start":{"line":418,"column":4},"end":{"line":418,"column":101}},{"start":{},"end":{}}],"line":418},"83":{"loc":{"start":{"line":418,"column":8},"end":{"line":418,"column":32}},"type":"binary-expr","locations":[{"start":{"line":418,"column":8},"end":{"line":418,"column":18}},{"start":{"line":418,"column":22},"end":{"line":418,"column":32}}],"line":418},"84":{"loc":{"start":{"line":419,"column":4},"end":{"line":419,"column":97}},"type":"if","locations":[{"start":{"line":419,"column":4},"end":{"line":419,"column":97}},{"start":{},"end":{}}],"line":419},"85":{"loc":{"start":{"line":420,"column":4},"end":{"line":420,"column":107}},"type":"if","locations":[{"start":{"line":420,"column":4},"end":{"line":420,"column":107}},{"start":{},"end":{}}],"line":420},"86":{"loc":{"start":{"line":426,"column":4},"end":{"line":432,"column":6}},"type":"if","locations":[{"start":{"line":426,"column":4},"end":{"line":432,"column":6}},{"start":{},"end":{}}],"line":426},"87":{"loc":{"start":{"line":433,"column":4},"end":{"line":437,"column":6}},"type":"if","locations":[{"start":{"line":433,"column":4},"end":{"line":437,"column":6}},{"start":{},"end":{}}],"line":433},"88":{"loc":{"start":{"line":438,"column":4},"end":{"line":443,"column":6}},"type":"if","locations":[{"start":{"line":438,"column":4},"end":{"line":443,"column":6}},{"start":{},"end":{}}],"line":438},"89":{"loc":{"start":{"line":445,"column":4},"end":{"line":451,"column":6}},"type":"if","locations":[{"start":{"line":445,"column":4},"end":{"line":451,"column":6}},{"start":{},"end":{}}],"line":445},"90":{"loc":{"start":{"line":445,"column":8},"end":{"line":445,"column":55}},"type":"binary-expr","locations":[{"start":{"line":445,"column":8},"end":{"line":445,"column":30}},{"start":{"line":445,"column":34},"end":{"line":445,"column":55}}],"line":445},"91":{"loc":{"start":{"line":453,"column":4},"end":{"line":458,"column":6}},"type":"if","locations":[{"start":{"line":453,"column":4},"end":{"line":458,"column":6}},{"start":{},"end":{}}],"line":453},"92":{"loc":{"start":{"line":460,"column":4},"end":{"line":464,"column":6}},"type":"if","locations":[{"start":{"line":460,"column":4},"end":{"line":464,"column":6}},{"start":{},"end":{}}],"line":460},"93":{"loc":{"start":{"line":466,"column":4},"end":{"line":470,"column":6}},"type":"if","locations":[{"start":{"line":466,"column":4},"end":{"line":470,"column":6}},{"start":{},"end":{}}],"line":466},"94":{"loc":{"start":{"line":472,"column":4},"end":{"line":475,"column":6}},"type":"if","locations":[{"start":{"line":472,"column":4},"end":{"line":475,"column":6}},{"start":{},"end":{}}],"line":472},"95":{"loc":{"start":{"line":472,"column":8},"end":{"line":472,"column":52}},"type":"binary-expr","locations":[{"start":{"line":472,"column":8},"end":{"line":472,"column":28}},{"start":{"line":472,"column":32},"end":{"line":472,"column":52}}],"line":472}},"s":{"0":0,"1":0,"2":0,"3":0,"4":0,"5":0,"6":0,"7":0,"8":0,"9":0,"10":0,"11":0,"12":0,"13":0,"14":0,"15":0,"16":0,"17":0,"18":0,"19":0,"20":0,"21":0,"22":0,"23":0,"24":0,"25":0,"26":0,"27":0,"28":0,"29":0,"30":0,"31":0,"32":0,"33":0,"34":0,"35":0,"36":0,"37":0,"38":0,"39":0,"40":0,"41":0,"42":0,"43":0,"44":0,"45":0,"46":0,"47":0,"48":0,"49":0,"50":0,"51":0,"52":0,"53":0,"54":0,"55":0,"56":0,"57":0,"58":0,"59":0,"60":0,"61":0,"62":0,"63":0,"64":0,"65":0,"66":0,"67":0,"68":0,"69":0,"70":0,"71":0,"72":0,"73":0,"74":0,"75":0,"76":0,"77":0,"78":0,"79":0,"80":0,"81":0,"82":0,"83":0,"84":0,"85":0,"86":0,"87":0,"88":0,"89":0,"90":0,"91":0,"92":0,"93":0,"94":0,"95":0,"96":0,"97":0,"98":0,"99":0,"100":0,"101":0,"102":0,"103":0,"104":0,"105":0,"106":0,"107":0,"108":0,"109":0,"110":0,"111":0,"112":0,"113":0,"114":0,"115":0,"116":0,"117":0,"118":0,"119":0,"120":0,"121":0,"122":0,"123":0,"124":0,"125":0,"126":0,"127":0,"128":0,"129":0,"130":0,"131":0,"132":0,"133":0,"134":0,"135":0,"136":0,"137":0,"138":0,"139":0,"140":0,"141":0,"142":0,"143":0,"144":0,"145":0,"146":0,"147":0,"148":0,"149":0,"150":0,"151":0,"152":0,"153":0,"154":0,"155":0,"156":0,"157":0,"158":0,"159":0,"160":0,"161":0,"162":0,"163":0,"164":0,"165":0,"166":0,"167":0,"168":0,"169":0,"170":0,"171":0,"172":0,"173":0,"174":0,"175":0,"176":0,"177":0,"178":0,"179":0,"180":0,"181":0,"182":0,"183":0,"184":0,"185":0,"186":0,"187":0,"188":0,"189":0,"190":0,"191":0,"192":0,"193":0,"194":0,"195":0,"196":0,"197":0,"198":0,"199":0,"200":0,"201":0,"202":0,"203":0,"204":0,"205":0,"206":0,"207":0,"208":0,"209":0,"210":0,"211":0,"212":0,"213":0,"214":0,"215":0,"216":0,"217":0,"218":0,"219":0,"220":0,"221":0,"222":0,"223":0,"224":0,"225":0,"226":0,"227":0,"228":0,"229":0,"230":0,"231":0,"232":0,"233":0,"234":0},"f":{"0":0,"1":0,"2":0,"3":0,"4":0,"5":0,"6":0,"7":0,"8":0,"9":0,"10":0,"11":0,"12":0,"13":0,"14":0,"15":0,"16":0,"17":0,"18":0,"19":0,"20":0,"21":0,"22":0,"23":0,"24":0,"25":0,"26":0,"27":0,"28":0},"b":{"0":[0,0],"1":[0,0],"2":[0,0],"3":[0,0,0],"4":[0,0],"5":[0,0],"6":[0,0],"7":[0,0,0],"8":[0,0],"9":[0,0],"10":[0,0],"11":[0,0],"12":[0,0],"13":[0,0],"14":[0,0],"15":[0,0],"16":[0,0],"17":[0,0],"18":[0,0],"19":[0,0],"20":[0,0,0],"21":[0,0,0],"22":[0,0,0,0],"23":[0,0,0,0],"24":[0,0,0],"25":[0,0,0,0],"26":[0,0],"27":[0,0],"28":[0,0,0,0,0],"29":[0,0,0],"30":[0,0],"31":[0,0],"32":[0],"33":[0],"34":[0,0],"35":[0,0,0],"36":[0,0],"37":[0,0],"38":[0],"39":[0],"40":[0],"41":[0,0],"42":[0,0],"43":[0,0],"44":[0,0],"45":[0,0,0],"46":[0,0],"47":[0,0],"48":[0,0],"49":[0,0],"50":[0,0],"51":[0,0],"52":[0,0],"53":[0,0],"54":[0,0],"55":[0,0],"56":[0,0],"57":[0,0],"58":[0,0],"59":[0,0],"60":[0,0],"61":[0,0],"62":[0,0],"63":[0,0],"64":[0,0],"65":[0,0],"66":[0,0],"67":[0,0],"68":[0,0],"69":[0,0],"70":[0,0],"71":[0,0],"72":[0,0],"73":[0,0],"74":[0,0],"75":[0,0],"76":[0,0],"77":[0,0],"78":[0,0],"79":[0,0],"80":[0,0],"81":[0,0],"82":[0,0],"83":[0,0],"84":[0,0],"85":[0,0],"86":[0,0],"87":[0,0],"88":[0,0],"89":[0,0],"90":[0,0],"91":[0,0],"92":[0,0],"93":[0,0],"94":[0,0],"95":[0,0]}}
,"E:\\Downloads\\Download\\the gp\\Fas7nyBackend\\controllers\\attractionController.js": {"path":"E:\\Downloads\\Download\\the gp\\Fas7nyBackend\\controllers\\attractionController.js","statementMap":{"0":{"start":{"line":1,"column":14},"end":{"line":1,"column":30}},"1":{"start":{"line":3,"column":0},"end":{"line":42,"column":2}},"2":{"start":{"line":5,"column":35},"end":{"line":5,"column":44}},"3":{"start":{"line":7,"column":20},"end":{"line":20,"column":5}},"4":{"start":{"line":22,"column":4},"end":{"line":42,"column":1}},"5":{"start":{"line":23,"column":25},"end":{"line":23,"column":53}},"6":{"start":{"line":26,"column":8},"end":{"line":29,"column":11}},"7":{"start":{"line":31,"column":8},"end":{"line":31,"column":64}},"8":{"start":{"line":34,"column":24},"end":{"line":34,"column":76}},"9":{"start":{"line":35,"column":4},"end":{"line":35,"column":55}},"10":{"start":{"line":37,"column":4},"end":{"line":41,"column":7}}},"fnMap":{"0":{"name":"(anonymous_0)","decl":{"start":{"line":3,"column":36},"end":{"line":3,"column":37}},"loc":{"start":{"line":3,"column":56},"end":{"line":42,"column":2}},"line":3}},"branchMap":{"0":{"loc":{"start":{"line":11,"column":18},"end":{"line":11,"column":38}},"type":"binary-expr","locations":[{"start":{"line":11,"column":18},"end":{"line":11,"column":22}},{"start":{"line":11,"column":26},"end":{"line":11,"column":38}}],"line":11},"1":{"loc":{"start":{"line":12,"column":27},"end":{"line":12,"column":57}},"type":"binary-expr","locations":[{"start":{"line":12,"column":27},"end":{"line":12,"column":39}},{"start":{"line":12,"column":43},"end":{"line":12,"column":57}}],"line":12},"2":{"loc":{"start":{"line":34,"column":24},"end":{"line":34,"column":76}},"type":"cond-expr","locations":[{"start":{"line":34,"column":41},"end":{"line":34,"column":60}},{"start":{"line":34,"column":63},"end":{"line":34,"column":76}}],"line":34}},"s":{"0":0,"1":0,"2":0,"3":0,"4":0,"5":0,"6":0,"7":0,"8":0,"9":0,"10":0},"f":{"0":0},"b":{"0":[0,0],"1":[0,0],"2":[0,0]}}
,"E:\\Downloads\\Download\\the gp\\Fas7nyBackend\\controllers\\authController.js": {"path":"E:\\Downloads\\Download\\the gp\\Fas7nyBackend\\controllers\\authController.js","statementMap":{"0":{"start":{"line":1,"column":13},"end":{"line":1,"column":38}},"1":{"start":{"line":4,"column":0},"end":{"line":21,"column":2}},"2":{"start":{"line":5,"column":4},"end":{"line":20,"column":5}},"3":{"start":{"line":6,"column":36},"end":{"line":6,"column":44}},"4":{"start":{"line":8,"column":28},"end":{"line":12,"column":9}},"5":{"start":{"line":14,"column":8},"end":{"line":17,"column":11}},"6":{"start":{"line":19,"column":8},"end":{"line":19,"column":71}}},"fnMap":{"0":{"name":"(anonymous_0)","decl":{"start":{"line":4,"column":21},"end":{"line":4,"column":22}},"loc":{"start":{"line":4,"column":41},"end":{"line":21,"column":1}},"line":4}},"branchMap":{},"s":{"0":1,"1":1,"2":5,"3":5,"4":5,"5":4,"6":1},"f":{"0":5},"b":{},"_coverageSchema":"1a1c01bbd47fc00a2c39e90264f33305004495a9","hash":"3c94d433f05d48248a2314904255826871e672a6"}
,"E:\\Downloads\\Download\\the gp\\Fas7nyBackend\\controllers\\bookingController.js": {"path":"E:\\Downloads\\Download\\the gp\\Fas7nyBackend\\controllers\\bookingController.js","statementMap":{"0":{"start":{"line":1,"column":16},"end":{"line":1,"column":44}},"1":{"start":{"line":2,"column":13},"end":{"line":2,"column":38}},"2":{"start":{"line":3,"column":33},"end":{"line":3,"column":72}},"3":{"start":{"line":4,"column":29},"end":{"line":4,"column":64}},"4":{"start":{"line":5,"column":21},"end":{"line":5,"column":54}},"5":{"start":{"line":11,"column":0},"end":{"line":94,"column":2}},"6":{"start":{"line":12,"column":4},"end":{"line":12,"column":103}},"7":{"start":{"line":14,"column":4},"end":{"line":93,"column":5}},"8":{"start":{"line":29,"column":12},"end":{"line":29,"column":20}},"9":{"start":{"line":32,"column":8},"end":{"line":38,"column":9}},"10":{"start":{"line":33,"column":12},"end":{"line":33,"column":109}},"11":{"start":{"line":34,"column":12},"end":{"line":37,"column":15}},"12":{"start":{"line":42,"column":8},"end":{"line":57,"column":9}},"13":{"start":{"line":43,"column":12},"end":{"line":43,"column":96}},"14":{"start":{"line":45,"column":45},"end":{"line":45,"column":81}},"15":{"start":{"line":46,"column":34},"end":{"line":46,"column":86}},"16":{"start":{"line":48,"column":12},"end":{"line":53,"column":13}},"17":{"start":{"line":49,"column":16},"end":{"line":52,"column":19}},"18":{"start":{"line":55,"column":12},"end":{"line":55,"column":54}},"19":{"start":{"line":56,"column":12},"end":{"line":56,"column":97}},"20":{"start":{"line":60,"column":28},"end":{"line":74,"column":9}},"21":{"start":{"line":76,"column":27},"end":{"line":76,"column":51}},"22":{"start":{"line":77,"column":8},"end":{"line":77,"column":32}},"23":{"start":{"line":78,"column":8},"end":{"line":78,"column":89}},"24":{"start":{"line":81,"column":8},"end":{"line":81,"column":46}},"25":{"start":{"line":83,"column":8},"end":{"line":89,"column":11}},"26":{"start":{"line":91,"column":8},"end":{"line":91,"column":76}},"27":{"start":{"line":92,"column":8},"end":{"line":92,"column":101}},"28":{"start":{"line":101,"column":4},"end":{"line":108,"column":73}},"29":{"start":{"line":102,"column":8},"end":{"line":107,"column":10}},"30":{"start":{"line":108,"column":18},"end":{"line":108,"column":71}},"31":{"start":{"line":111,"column":4},"end":{"line":123,"column":61}},"32":{"start":{"line":112,"column":21},"end":{"line":112,"column":64}},"33":{"start":{"line":113,"column":8},"end":{"line":122,"column":9}},"34":{"start":{"line":114,"column":12},"end":{"line":121,"column":15}},"35":{"start":{"line":123,"column":18},"end":{"line":123,"column":59}},"36":{"start":{"line":126,"column":4},"end":{"line":134,"column":5}},"37":{"start":{"line":127,"column":8},"end":{"line":133,"column":65}},"38":{"start":{"line":128,"column":12},"end":{"line":132,"column":15}},"39":{"start":{"line":133,"column":22},"end":{"line":133,"column":63}},"40":{"start":{"line":137,"column":0},"end":{"line":155,"column":2}},"41":{"start":{"line":138,"column":4},"end":{"line":154,"column":5}},"42":{"start":{"line":139,"column":27},"end":{"line":139,"column":37}},"43":{"start":{"line":140,"column":28},"end":{"line":140,"column":58}},"44":{"start":{"line":141,"column":20},"end":{"line":141,"column":30}},"45":{"start":{"line":143,"column":8},"end":{"line":149,"column":11}},"46":{"start":{"line":144,"column":28},"end":{"line":144,"column":43}},"47":{"start":{"line":145,"column":28},"end":{"line":145,"column":43}},"48":{"start":{"line":146,"column":12},"end":{"line":146,"column":47}},"49":{"start":{"line":146,"column":37},"end":{"line":146,"column":47}},"50":{"start":{"line":147,"column":12},"end":{"line":147,"column":46}},"51":{"start":{"line":147,"column":37},"end":{"line":147,"column":46}},"52":{"start":{"line":148,"column":12},"end":{"line":148,"column":79}},"53":{"start":{"line":151,"column":8},"end":{"line":151,"column":67}},"54":{"start":{"line":153,"column":8},"end":{"line":153,"column":73}},"55":{"start":{"line":157,"column":0},"end":{"line":170,"column":2}},"56":{"start":{"line":158,"column":4},"end":{"line":169,"column":5}},"57":{"start":{"line":159,"column":27},"end":{"line":159,"column":37}},"58":{"start":{"line":160,"column":20},"end":{"line":160,"column":30}},"59":{"start":{"line":161,"column":25},"end":{"line":165,"column":31}},"60":{"start":{"line":166,"column":8},"end":{"line":166,"column":64}},"61":{"start":{"line":168,"column":8},"end":{"line":168,"column":73}},"62":{"start":{"line":172,"column":0},"end":{"line":192,"column":2}},"63":{"start":{"line":173,"column":4},"end":{"line":191,"column":5}},"64":{"start":{"line":174,"column":30},"end":{"line":174,"column":40}},"65":{"start":{"line":175,"column":24},"end":{"line":175,"column":57}},"66":{"start":{"line":176,"column":8},"end":{"line":176,"column":100}},"67":{"start":{"line":176,"column":22},"end":{"line":176,"column":100}},"68":{"start":{"line":177,"column":8},"end":{"line":177,"column":122}},"69":{"start":{"line":177,"column":44},"end":{"line":177,"column":122}},"70":{"start":{"line":179,"column":8},"end":{"line":179,"column":37}},"71":{"start":{"line":180,"column":8},"end":{"line":180,"column":29}},"72":{"start":{"line":183,"column":8},"end":{"line":186,"column":9}},"73":{"start":{"line":184,"column":45},"end":{"line":184,"column":81}},"74":{"start":{"line":185,"column":13},"end":{"line":185,"column":88}},"75":{"start":{"line":188,"column":8},"end":{"line":188,"column":63}},"76":{"start":{"line":190,"column":8},"end":{"line":190,"column":73}}},"fnMap":{"0":{"name":"(anonymous_0)","decl":{"start":{"line":11,"column":24},"end":{"line":11,"column":25}},"loc":{"start":{"line":11,"column":44},"end":{"line":94,"column":1}},"line":11},"1":{"name":"_handlePostBookingActions","decl":{"start":{"line":99,"column":15},"end":{"line":99,"column":40}},"loc":{"start":{"line":99,"column":50},"end":{"line":135,"column":1}},"line":99},"2":{"name":"(anonymous_2)","decl":{"start":{"line":137,"column":26},"end":{"line":137,"column":27}},"loc":{"start":{"line":137,"column":46},"end":{"line":155,"column":1}},"line":137},"3":{"name":"(anonymous_3)","decl":{"start":{"line":143,"column":25},"end":{"line":143,"column":26}},"loc":{"start":{"line":143,"column":35},"end":{"line":149,"column":9}},"line":143},"4":{"name":"(anonymous_4)","decl":{"start":{"line":157,"column":22},"end":{"line":157,"column":23}},"loc":{"start":{"line":157,"column":42},"end":{"line":170,"column":1}},"line":157},"5":{"name":"(anonymous_5)","decl":{"start":{"line":172,"column":24},"end":{"line":172,"column":25}},"loc":{"start":{"line":172,"column":44},"end":{"line":192,"column":1}},"line":172}},"branchMap":{"0":{"loc":{"start":{"line":32,"column":8},"end":{"line":38,"column":9}},"type":"if","locations":[{"start":{"line":32,"column":8},"end":{"line":38,"column":9}},{"start":{},"end":{}}],"line":32},"1":{"loc":{"start":{"line":32,"column":12},"end":{"line":32,"column":46}},"type":"binary-expr","locations":[{"start":{"line":32,"column":12},"end":{"line":32,"column":19}},{"start":{"line":32,"column":23},"end":{"line":32,"column":31}},{"start":{"line":32,"column":35},"end":{"line":32,"column":46}}],"line":32},"2":{"loc":{"start":{"line":42,"column":8},"end":{"line":57,"column":9}},"type":"if","locations":[{"start":{"line":42,"column":8},"end":{"line":57,"column":9}},{"start":{},"end":{}}],"line":42},"3":{"loc":{"start":{"line":48,"column":12},"end":{"line":53,"column":13}},"type":"if","locations":[{"start":{"line":48,"column":12},"end":{"line":53,"column":13}},{"start":{},"end":{}}],"line":48},"4":{"loc":{"start":{"line":49,"column":34},"end":{"line":49,"column":89}},"type":"cond-expr","locations":[{"start":{"line":49,"column":80},"end":{"line":49,"column":83}},{"start":{"line":49,"column":86},"end":{"line":49,"column":89}}],"line":49},"5":{"loc":{"start":{"line":63,"column":23},"end":{"line":63,"column":51}},"type":"binary-expr","locations":[{"start":{"line":63,"column":23},"end":{"line":63,"column":32}},{"start":{"line":63,"column":36},"end":{"line":63,"column":51}}],"line":63},"6":{"loc":{"start":{"line":64,"column":30},"end":{"line":64,"column":51}},"type":"binary-expr","locations":[{"start":{"line":64,"column":30},"end":{"line":64,"column":37}},{"start":{"line":64,"column":41},"end":{"line":64,"column":51}}],"line":64},"7":{"loc":{"start":{"line":65,"column":22},"end":{"line":65,"column":126}},"type":"cond-expr","locations":[{"start":{"line":65,"column":33},"end":{"line":65,"column":51}},{"start":{"line":65,"column":54},"end":{"line":65,"column":126}}],"line":65},"8":{"loc":{"start":{"line":65,"column":72},"end":{"line":65,"column":93}},"type":"binary-expr","locations":[{"start":{"line":65,"column":72},"end":{"line":65,"column":79}},{"start":{"line":65,"column":83},"end":{"line":65,"column":93}}],"line":65},"9":{"loc":{"start":{"line":68,"column":22},"end":{"line":68,"column":39}},"type":"binary-expr","locations":[{"start":{"line":68,"column":22},"end":{"line":68,"column":30}},{"start":{"line":68,"column":34},"end":{"line":68,"column":39}}],"line":68},"10":{"loc":{"start":{"line":69,"column":20},"end":{"line":69,"column":38}},"type":"binary-expr","locations":[{"start":{"line":69,"column":20},"end":{"line":69,"column":26}},{"start":{"line":69,"column":30},"end":{"line":69,"column":38}}],"line":69},"11":{"loc":{"start":{"line":70,"column":23},"end":{"line":70,"column":43}},"type":"binary-expr","locations":[{"start":{"line":70,"column":23},"end":{"line":70,"column":32}},{"start":{"line":70,"column":36},"end":{"line":70,"column":43}}],"line":70},"12":{"loc":{"start":{"line":71,"column":27},"end":{"line":71,"column":50}},"type":"binary-expr","locations":[{"start":{"line":71,"column":27},"end":{"line":71,"column":40}},{"start":{"line":71,"column":44},"end":{"line":71,"column":50}}],"line":71},"13":{"loc":{"start":{"line":72,"column":20},"end":{"line":72,"column":38}},"type":"binary-expr","locations":[{"start":{"line":72,"column":20},"end":{"line":72,"column":26}},{"start":{"line":72,"column":30},"end":{"line":72,"column":38}}],"line":72},"14":{"loc":{"start":{"line":73,"column":26},"end":{"line":73,"column":44}},"type":"binary-expr","locations":[{"start":{"line":73,"column":26},"end":{"line":73,"column":38}},{"start":{"line":73,"column":42},"end":{"line":73,"column":44}}],"line":73},"15":{"loc":{"start":{"line":113,"column":8},"end":{"line":122,"column":9}},"type":"if","locations":[{"start":{"line":113,"column":8},"end":{"line":122,"column":9}},{"start":{},"end":{}}],"line":113},"16":{"loc":{"start":{"line":113,"column":12},"end":{"line":113,"column":30}},"type":"binary-expr","locations":[{"start":{"line":113,"column":12},"end":{"line":113,"column":16}},{"start":{"line":113,"column":20},"end":{"line":113,"column":30}}],"line":113},"17":{"loc":{"start":{"line":126,"column":4},"end":{"line":134,"column":5}},"type":"if","locations":[{"start":{"line":126,"column":4},"end":{"line":134,"column":5}},{"start":{},"end":{}}],"line":126},"18":{"loc":{"start":{"line":146,"column":12},"end":{"line":146,"column":47}},"type":"if","locations":[{"start":{"line":146,"column":12},"end":{"line":146,"column":47}},{"start":{},"end":{}}],"line":146},"19":{"loc":{"start":{"line":146,"column":16},"end":{"line":146,"column":35}},"type":"binary-expr","locations":[{"start":{"line":146,"column":16},"end":{"line":146,"column":23}},{"start":{"line":146,"column":27},"end":{"line":146,"column":35}}],"line":146},"20":{"loc":{"start":{"line":147,"column":12},"end":{"line":147,"column":46}},"type":"if","locations":[{"start":{"line":147,"column":12},"end":{"line":147,"column":46}},{"start":{},"end":{}}],"line":147},"21":{"loc":{"start":{"line":147,"column":16},"end":{"line":147,"column":35}},"type":"binary-expr","locations":[{"start":{"line":147,"column":16},"end":{"line":147,"column":24}},{"start":{"line":147,"column":28},"end":{"line":147,"column":35}}],"line":147},"22":{"loc":{"start":{"line":148,"column":19},"end":{"line":148,"column":78}},"type":"cond-expr","locations":[{"start":{"line":148,"column":30},"end":{"line":148,"column":51}},{"start":{"line":148,"column":56},"end":{"line":148,"column":77}}],"line":148},"23":{"loc":{"start":{"line":176,"column":8},"end":{"line":176,"column":100}},"type":"if","locations":[{"start":{"line":176,"column":8},"end":{"line":176,"column":100}},{"start":{},"end":{}}],"line":176},"24":{"loc":{"start":{"line":177,"column":8},"end":{"line":177,"column":122}},"type":"if","locations":[{"start":{"line":177,"column":8},"end":{"line":177,"column":122}},{"start":{},"end":{}}],"line":177},"25":{"loc":{"start":{"line":183,"column":8},"end":{"line":186,"column":9}},"type":"if","locations":[{"start":{"line":183,"column":8},"end":{"line":186,"column":9}},{"start":{},"end":{}}],"line":183}},"s":{"0":0,"1":0,"2":0,"3":0,"4":0,"5":0,"6":0,"7":0,"8":0,"9":0,"10":0,"11":0,"12":0,"13":0,"14":0,"15":0,"16":0,"17":0,"18":0,"19":0,"20":0,"21":0,"22":0,"23":0,"24":0,"25":0,"26":0,"27":0,"28":0,"29":0,"30":0,"31":0,"32":0,"33":0,"34":0,"35":0,"36":0,"37":0,"38":0,"39":0,"40":0,"41":0,"42":0,"43":0,"44":0,"45":0,"46":0,"47":0,"48":0,"49":0,"50":0,"51":0,"52":0,"53":0,"54":0,"55":0,"56":0,"57":0,"58":0,"59":0,"60":0,"61":0,"62":0,"63":0,"64":0,"65":0,"66":0,"67":0,"68":0,"69":0,"70":0,"71":0,"72":0,"73":0,"74":0,"75":0,"76":0},"f":{"0":0,"1":0,"2":0,"3":0,"4":0,"5":0},"b":{"0":[0,0],"1":[0,0,0],"2":[0,0],"3":[0,0],"4":[0,0],"5":[0,0],"6":[0,0],"7":[0,0],"8":[0,0],"9":[0,0],"10":[0,0],"11":[0,0],"12":[0,0],"13":[0,0],"14":[0,0],"15":[0,0],"16":[0,0],"17":[0,0],"18":[0,0],"19":[0,0],"20":[0,0],"21":[0,0],"22":[0,0],"23":[0,0],"24":[0,0],"25":[0,0]}}
,"E:\\Downloads\\Download\\the gp\\Fas7nyBackend\\controllers\\chatController.js": {"path":"E:\\Downloads\\Download\\the gp\\Fas7nyBackend\\controllers\\chatController.js","statementMap":{"0":{"start":{"line":1,"column":14},"end":{"line":1,"column":30}},"1":{"start":{"line":4,"column":14},"end":{"line":4,"column":35}},"2":{"start":{"line":5,"column":19},"end":{"line":5,"column":50}},"3":{"start":{"line":7,"column":2},"end":{"line":11,"column":3}},"4":{"start":{"line":8,"column":4},"end":{"line":10,"column":79}},"5":{"start":{"line":12,"column":2},"end":{"line":16,"column":3}},"6":{"start":{"line":13,"column":4},"end":{"line":15,"column":82}},"7":{"start":{"line":17,"column":2},"end":{"line":21,"column":3}},"8":{"start":{"line":18,"column":4},"end":{"line":20,"column":101}},"9":{"start":{"line":22,"column":2},"end":{"line":26,"column":3}},"10":{"start":{"line":23,"column":4},"end":{"line":25,"column":104}},"11":{"start":{"line":27,"column":2},"end":{"line":31,"column":3}},"12":{"start":{"line":28,"column":4},"end":{"line":30,"column":81}},"13":{"start":{"line":32,"column":2},"end":{"line":36,"column":3}},"14":{"start":{"line":33,"column":4},"end":{"line":35,"column":104}},"15":{"start":{"line":37,"column":2},"end":{"line":41,"column":3}},"16":{"start":{"line":38,"column":4},"end":{"line":40,"column":79}},"17":{"start":{"line":43,"column":2},"end":{"line":45,"column":101}},"18":{"start":{"line":48,"column":14},"end":{"line":48,"column":69}},"19":{"start":{"line":48,"column":22},"end":{"line":48,"column":69}},"20":{"start":{"line":48,"column":45},"end":{"line":48,"column":68}},"21":{"start":{"line":50,"column":0},"end":{"line":125,"column":2}},"22":{"start":{"line":51,"column":4},"end":{"line":124,"column":5}},"23":{"start":{"line":52,"column":50},"end":{"line":52,"column":58}},"24":{"start":{"line":54,"column":8},"end":{"line":56,"column":9}},"25":{"start":{"line":55,"column":12},"end":{"line":55,"column":93}},"26":{"start":{"line":58,"column":30},"end":{"line":58,"column":239}},"27":{"start":{"line":61,"column":25},"end":{"line":64,"column":9}},"28":{"start":{"line":67,"column":8},"end":{"line":74,"column":11}},"29":{"start":{"line":68,"column":12},"end":{"line":73,"column":13}},"30":{"start":{"line":69,"column":16},"end":{"line":72,"column":19}},"31":{"start":{"line":77,"column":8},"end":{"line":77,"column":68}},"32":{"start":{"line":79,"column":20},"end":{"line":79,"column":144}},"33":{"start":{"line":81,"column":24},"end":{"line":81,"column":28}},"34":{"start":{"line":82,"column":25},"end":{"line":82,"column":26}},"35":{"start":{"line":83,"column":25},"end":{"line":83,"column":43}},"36":{"start":{"line":85,"column":8},"end":{"line":112,"column":9}},"37":{"start":{"line":85,"column":27},"end":{"line":85,"column":28}},"38":{"start":{"line":86,"column":12},"end":{"line":111,"column":13}},"39":{"start":{"line":87,"column":16},"end":{"line":90,"column":17}},"40":{"start":{"line":88,"column":20},"end":{"line":88,"column":111}},"41":{"start":{"line":89,"column":20},"end":{"line":89,"column":57}},"42":{"start":{"line":92,"column":33},"end":{"line":92,"column":88}},"43":{"start":{"line":93,"column":30},"end":{"line":93,"column":86}},"44":{"start":{"line":95,"column":16},"end":{"line":97,"column":17}},"45":{"start":{"line":96,"column":20},"end":{"line":96,"column":62}},"46":{"start":{"line":99,"column":16},"end":{"line":99,"column":84}},"47":{"start":{"line":101,"column":16},"end":{"line":101,"column":34}},"48":{"start":{"line":102,"column":31},"end":{"line":102,"column":53}},"49":{"start":{"line":105,"column":16},"end":{"line":107,"column":17}},"50":{"start":{"line":106,"column":20},"end":{"line":106,"column":29}},"51":{"start":{"line":110,"column":16},"end":{"line":110,"column":22}},"52":{"start":{"line":114,"column":8},"end":{"line":114,"column":89}},"53":{"start":{"line":116,"column":8},"end":{"line":119,"column":11}},"54":{"start":{"line":122,"column":8},"end":{"line":122,"column":64}},"55":{"start":{"line":123,"column":8},"end":{"line":123,"column":90}}},"fnMap":{"0":{"name":"smartFallback","decl":{"start":{"line":3,"column":9},"end":{"line":3,"column":22}},"loc":{"start":{"line":3,"column":32},"end":{"line":46,"column":1}},"line":3},"1":{"name":"(anonymous_1)","decl":{"start":{"line":48,"column":14},"end":{"line":48,"column":15}},"loc":{"start":{"line":48,"column":22},"end":{"line":48,"column":69}},"line":48},"2":{"name":"(anonymous_2)","decl":{"start":{"line":48,"column":34},"end":{"line":48,"column":35}},"loc":{"start":{"line":48,"column":45},"end":{"line":48,"column":68}},"line":48},"3":{"name":"(anonymous_3)","decl":{"start":{"line":50,"column":22},"end":{"line":50,"column":23}},"loc":{"start":{"line":50,"column":42},"end":{"line":125,"column":1}},"line":50},"4":{"name":"(anonymous_4)","decl":{"start":{"line":67,"column":24},"end":{"line":67,"column":25}},"loc":{"start":{"line":67,"column":29},"end":{"line":74,"column":9}},"line":67}},"branchMap":{"0":{"loc":{"start":{"line":7,"column":2},"end":{"line":11,"column":3}},"type":"if","locations":[{"start":{"line":7,"column":2},"end":{"line":11,"column":3}},{"start":{},"end":{}}],"line":7},"1":{"loc":{"start":{"line":7,"column":6},"end":{"line":7,"column":51}},"type":"binary-expr","locations":[{"start":{"line":7,"column":6},"end":{"line":7,"column":27}},{"start":{"line":7,"column":31},"end":{"line":7,"column":51}}],"line":7},"2":{"loc":{"start":{"line":8,"column":11},"end":{"line":10,"column":78}},"type":"cond-expr","locations":[{"start":{"line":9,"column":8},"end":{"line":9,"column":80}},{"start":{"line":10,"column":8},"end":{"line":10,"column":78}}],"line":8},"3":{"loc":{"start":{"line":12,"column":2},"end":{"line":16,"column":3}},"type":"if","locations":[{"start":{"line":12,"column":2},"end":{"line":16,"column":3}},{"start":{},"end":{}}],"line":12},"4":{"loc":{"start":{"line":12,"column":6},"end":{"line":12,"column":74}},"type":"binary-expr","locations":[{"start":{"line":12,"column":6},"end":{"line":12,"column":26}},{"start":{"line":12,"column":30},"end":{"line":12,"column":50}},{"start":{"line":12,"column":54},"end":{"line":12,"column":74}}],"line":12},"5":{"loc":{"start":{"line":13,"column":11},"end":{"line":15,"column":81}},"type":"cond-expr","locations":[{"start":{"line":14,"column":8},"end":{"line":14,"column":74}},{"start":{"line":15,"column":8},"end":{"line":15,"column":81}}],"line":13},"6":{"loc":{"start":{"line":17,"column":2},"end":{"line":21,"column":3}},"type":"if","locations":[{"start":{"line":17,"column":2},"end":{"line":21,"column":3}},{"start":{},"end":{}}],"line":17},"7":{"loc":{"start":{"line":17,"column":6},"end":{"line":17,"column":53}},"type":"binary-expr","locations":[{"start":{"line":17,"column":6},"end":{"line":17,"column":27}},{"start":{"line":17,"column":31},"end":{"line":17,"column":53}}],"line":17},"8":{"loc":{"start":{"line":18,"column":11},"end":{"line":20,"column":100}},"type":"cond-expr","locations":[{"start":{"line":19,"column":8},"end":{"line":19,"column":93}},{"start":{"line":20,"column":8},"end":{"line":20,"column":100}}],"line":18},"9":{"loc":{"start":{"line":22,"column":2},"end":{"line":26,"column":3}},"type":"if","locations":[{"start":{"line":22,"column":2},"end":{"line":26,"column":3}},{"start":{},"end":{}}],"line":22},"10":{"loc":{"start":{"line":22,"column":6},"end":{"line":22,"column":54}},"type":"binary-expr","locations":[{"start":{"line":22,"column":6},"end":{"line":22,"column":27}},{"start":{"line":22,"column":31},"end":{"line":22,"column":54}}],"line":22},"11":{"loc":{"start":{"line":23,"column":11},"end":{"line":25,"column":103}},"type":"cond-expr","locations":[{"start":{"line":24,"column":8},"end":{"line":24,"column":108}},{"start":{"line":25,"column":8},"end":{"line":25,"column":103}}],"line":23},"12":{"loc":{"start":{"line":27,"column":2},"end":{"line":31,"column":3}},"type":"if","locations":[{"start":{"line":27,"column":2},"end":{"line":31,"column":3}},{"start":{},"end":{}}],"line":27},"13":{"loc":{"start":{"line":27,"column":6},"end":{"line":27,"column":57}},"type":"binary-expr","locations":[{"start":{"line":27,"column":6},"end":{"line":27,"column":30}},{"start":{"line":27,"column":34},"end":{"line":27,"column":57}}],"line":27},"14":{"loc":{"start":{"line":28,"column":11},"end":{"line":30,"column":80}},"type":"cond-expr","locations":[{"start":{"line":29,"column":8},"end":{"line":29,"column":85}},{"start":{"line":30,"column":8},"end":{"line":30,"column":80}}],"line":28},"15":{"loc":{"start":{"line":32,"column":2},"end":{"line":36,"column":3}},"type":"if","locations":[{"start":{"line":32,"column":2},"end":{"line":36,"column":3}},{"start":{},"end":{}}],"line":32},"16":{"loc":{"start":{"line":32,"column":6},"end":{"line":32,"column":52}},"type":"binary-expr","locations":[{"start":{"line":32,"column":6},"end":{"line":32,"column":27}},{"start":{"line":32,"column":31},"end":{"line":32,"column":52}}],"line":32},"17":{"loc":{"start":{"line":33,"column":11},"end":{"line":35,"column":103}},"type":"cond-expr","locations":[{"start":{"line":34,"column":8},"end":{"line":34,"column":95}},{"start":{"line":35,"column":8},"end":{"line":35,"column":103}}],"line":33},"18":{"loc":{"start":{"line":37,"column":2},"end":{"line":41,"column":3}},"type":"if","locations":[{"start":{"line":37,"column":2},"end":{"line":41,"column":3}},{"start":{},"end":{}}],"line":37},"19":{"loc":{"start":{"line":37,"column":6},"end":{"line":37,"column":76}},"type":"binary-expr","locations":[{"start":{"line":37,"column":6},"end":{"line":37,"column":28}},{"start":{"line":37,"column":32},"end":{"line":37,"column":53}},{"start":{"line":37,"column":57},"end":{"line":37,"column":76}}],"line":37},"20":{"loc":{"start":{"line":38,"column":11},"end":{"line":40,"column":78}},"type":"cond-expr","locations":[{"start":{"line":39,"column":8},"end":{"line":39,"column":72}},{"start":{"line":40,"column":8},"end":{"line":40,"column":78}}],"line":38},"21":{"loc":{"start":{"line":43,"column":9},"end":{"line":45,"column":100}},"type":"cond-expr","locations":[{"start":{"line":44,"column":6},"end":{"line":44,"column":95}},{"start":{"line":45,"column":6},"end":{"line":45,"column":100}}],"line":43},"22":{"loc":{"start":{"line":52,"column":33},"end":{"line":52,"column":45}},"type":"default-arg","locations":[{"start":{"line":52,"column":43},"end":{"line":52,"column":45}}],"line":52},"23":{"loc":{"start":{"line":54,"column":8},"end":{"line":56,"column":9}},"type":"if","locations":[{"start":{"line":54,"column":8},"end":{"line":56,"column":9}},{"start":{},"end":{}}],"line":54},"24":{"loc":{"start":{"line":68,"column":12},"end":{"line":73,"column":13}},"type":"if","locations":[{"start":{"line":68,"column":12},"end":{"line":73,"column":13}},{"start":{},"end":{}}],"line":68},"25":{"loc":{"start":{"line":68,"column":16},"end":{"line":68,"column":32}},"type":"binary-expr","locations":[{"start":{"line":68,"column":16},"end":{"line":68,"column":22}},{"start":{"line":68,"column":26},"end":{"line":68,"column":32}}],"line":68},"26":{"loc":{"start":{"line":70,"column":26},"end":{"line":70,"column":62}},"type":"cond-expr","locations":[{"start":{"line":70,"column":46},"end":{"line":70,"column":52}},{"start":{"line":70,"column":55},"end":{"line":70,"column":62}}],"line":70},"27":{"loc":{"start":{"line":87,"column":16},"end":{"line":90,"column":17}},"type":"if","locations":[{"start":{"line":87,"column":16},"end":{"line":90,"column":17}},{"start":{},"end":{}}],"line":87},"28":{"loc":{"start":{"line":95,"column":16},"end":{"line":97,"column":17}},"type":"if","locations":[{"start":{"line":95,"column":16},"end":{"line":97,"column":17}},{"start":{},"end":{}}],"line":95},"29":{"loc":{"start":{"line":105,"column":16},"end":{"line":107,"column":17}},"type":"if","locations":[{"start":{"line":105,"column":16},"end":{"line":107,"column":17}},{"start":{},"end":{}}],"line":105},"30":{"loc":{"start":{"line":105,"column":20},"end":{"line":105,"column":58}},"type":"binary-expr","locations":[{"start":{"line":105,"column":20},"end":{"line":105,"column":34}},{"start":{"line":105,"column":38},"end":{"line":105,"column":58}}],"line":105}},"s":{"0":0,"1":0,"2":0,"3":0,"4":0,"5":0,"6":0,"7":0,"8":0,"9":0,"10":0,"11":0,"12":0,"13":0,"14":0,"15":0,"16":0,"17":0,"18":0,"19":0,"20":0,"21":0,"22":0,"23":0,"24":0,"25":0,"26":0,"27":0,"28":0,"29":0,"30":0,"31":0,"32":0,"33":0,"34":0,"35":0,"36":0,"37":0,"38":0,"39":0,"40":0,"41":0,"42":0,"43":0,"44":0,"45":0,"46":0,"47":0,"48":0,"49":0,"50":0,"51":0,"52":0,"53":0,"54":0,"55":0},"f":{"0":0,"1":0,"2":0,"3":0,"4":0},"b":{"0":[0,0],"1":[0,0],"2":[0,0],"3":[0,0],"4":[0,0,0],"5":[0,0],"6":[0,0],"7":[0,0],"8":[0,0],"9":[0,0],"10":[0,0],"11":[0,0],"12":[0,0],"13":[0,0],"14":[0,0],"15":[0,0],"16":[0,0],"17":[0,0],"18":[0,0],"19":[0,0,0],"20":[0,0],"21":[0,0],"22":[0],"23":[0,0],"24":[0,0],"25":[0,0],"26":[0,0],"27":[0,0],"28":[0,0],"29":[0,0],"30":[0,0]}}
[...]
,"E:\\Downloads\\Download\\the gp\\Fas7nyBackend\\services\\googlePlacesService.js": {"path":"E:\\Downloads\\Download\\the gp\\Fas7nyBackend\\services\\googlePlacesService.js","statementMap":{"0":{"start":{"line":1,"column":14},"end":{"line":1,"column":30}},"1":{"start":{"line":9,"column":19},"end":{"line":9,"column":50}},"2":{"start":{"line":12,"column":4},"end":{"line":15,"column":5}},"3":{"start":{"line":13,"column":8},"end":{"line":13,"column":114}},"4":{"start":{"line":14,"column":8},"end":{"line":14,"column":43}},"5":{"start":{"line":16,"column":4},"end":{"line":16,"column":97}},"6":{"start":{"line":18,"column":16},"end":{"line":18,"column":70}},"7":{"start":{"line":21,"column":24},"end":{"line":21,"column":26}},"8":{"start":{"line":22,"column":4},"end":{"line":33,"column":5}},"9":{"start":{"line":23,"column":8},"end":{"line":23,"column":39}},"10":{"start":{"line":24,"column":11},"end":{"line":33,"column":5}},"11":{"start":{"line":25,"column":8},"end":{"line":25,"column":58}},"12":{"start":{"line":26,"column":11},"end":{"line":33,"column":5}},"13":{"start":{"line":27,"column":8},"end":{"line":27,"column":57}},"14":{"start":{"line":28,"column":11},"end":{"line":33,"column":5}},"15":{"start":{"line":29,"column":8},"end":{"line":29,"column":115}},"16":{"start":{"line":32,"column":8},"end":{"line":32,"column":79}},"17":{"start":{"line":35,"column":24},"end":{"line":44,"column":5}},"18":{"start":{"line":46,"column":4},"end":{"line":81,"column":5}},"19":{"start":{"line":47,"column":8},"end":{"line":47,"column":102}},"20":{"start":{"line":49,"column":25},"end":{"line":55,"column":10}},"21":{"start":{"line":57,"column":23},"end":{"line":57,"column":49}},"22":{"start":{"line":58,"column":8},"end":{"line":58,"column":105}},"23":{"start":{"line":60,"column":8},"end":{"line":75,"column":12}},"24":{"start":{"line":60,"column":32},"end":{"line":75,"column":9}},"25":{"start":{"line":78,"column":23},"end":{"line":78,"column":45}},"26":{"start":{"line":79,"column":8},"end":{"line":79,"column":92}},"27":{"start":{"line":80,"column":8},"end":{"line":80,"column":20}},"28":{"start":{"line":88,"column":4},"end":{"line":88,"column":74}},"29":{"start":{"line":88,"column":60},"end":{"line":88,"column":74}},"30":{"start":{"line":89,"column":4},"end":{"line":89,"column":84}},"31":{"start":{"line":89,"column":64},"end":{"line":89,"column":84}},"32":{"start":{"line":90,"column":4},"end":{"line":90,"column":83}},"33":{"start":{"line":90,"column":67},"end":{"line":90,"column":83}},"34":{"start":{"line":91,"column":4},"end":{"line":91,"column":86}},"35":{"start":{"line":91,"column":68},"end":{"line":91,"column":86}},"36":{"start":{"line":92,"column":4},"end":{"line":92,"column":24}},"37":{"start":{"line":99,"column":19},"end":{"line":105,"column":5}},"38":{"start":{"line":106,"column":4},"end":{"line":106,"column":49}},"39":{"start":{"line":109,"column":0},"end":{"line":109,"column":40}}},"fnMap":{"0":{"name":"searchNearbyPlaces","decl":{"start":{"line":8,"column":15},"end":{"line":8,"column":33}},"loc":{"start":{"line":8,"column":62},"end":{"line":82,"column":1}},"line":8},"1":{"name":"(anonymous_1)","decl":{"start":{"line":60,"column":26},"end":{"line":60,"column":27}},"loc":{"start":{"line":60,"column":32},"end":{"line":75,"column":9}},"line":60},"2":{"name":"_inferCategory","decl":{"start":{"line":87,"column":9},"end":{"line":87,"column":23}},"loc":{"start":{"line":87,"column":63},"end":{"line":93,"column":1}},"line":87},"3":{"name":"_getPlaceholderImage","decl":{"start":{"line":98,"column":9},"end":{"line":98,"column":29}},"loc":{"start":{"line":98,"column":40},"end":{"line":107,"column":1}},"line":98}},"branchMap":{"0":{"loc":{"start":{"line":12,"column":4},"end":{"line":15,"column":5}},"type":"if","locations":[{"start":{"line":12,"column":4},"end":{"line":15,"column":5}},{"start":{},"end":{}}],"line":12},"1":{"loc":{"start":{"line":12,"column":8},"end":{"line":12,"column":37}},"type":"binary-expr","locations":[{"start":{"line":12,"column":8},"end":{"line":12,"column":15}},{"start":{"line":12,"column":19},"end":{"line":12,"column":37}}],"line":12},"2":{"loc":{"start":{"line":13,"column":64},"end":{"line":13,"column":109}},"type":"cond-expr","locations":[{"start":{"line":13,"column":74},"end":{"line":13,"column":83}},{"start":{"line":13,"column":86},"end":{"line":13,"column":109}}],"line":13},"3":{"loc":{"start":{"line":22,"column":4},"end":{"line":33,"column":5}},"type":"if","locations":[{"start":{"line":22,"column":4},"end":{"line":33,"column":5}},{"start":{"line":24,"column":11},"end":{"line":33,"column":5}}],"line":22},"4":{"loc":{"start":{"line":24,"column":11},"end":{"line":33,"column":5}},"type":"if","locations":[{"start":{"line":24,"column":11},"end":{"line":33,"column":5}},{"start":{"line":26,"column":11},"end":{"line":33,"column":5}}],"line":24},"5":{"loc":{"start":{"line":26,"column":11},"end":{"line":33,"column":5}},"type":"if","locations":[{"start":{"line":26,"column":11},"end":{"line":33,"column":5}},{"start":{"line":28,"column":11},"end":{"line":33,"column":5}}],"line":26},"6":{"loc":{"start":{"line":28,"column":11},"end":{"line":33,"column":5}},"type":"if","locations":[{"start":{"line":28,"column":11},"end":{"line":33,"column":5}},{"start":{"line":30,"column":11},"end":{"line":33,"column":5}}],"line":28},"7":{"loc":{"start":{"line":57,"column":23},"end":{"line":57,"column":49}},"type":"binary-expr","locations":[{"start":{"line":57,"column":23},"end":{"line":57,"column":43}},{"start":{"line":57,"column":47},"end":{"line":57,"column":49}}],"line":57},"8":{"loc":{"start":{"line":62,"column":18},"end":{"line":62,"column":56}},"type":"binary-expr","locations":[{"start":{"line":62,"column":18},"end":{"line":62,"column":37}},{"start":{"line":62,"column":41},"end":{"line":62,"column":56}}],"line":62},"9":{"loc":{"start":{"line":63,"column":21},"end":{"line":63,"column":60}},"type":"binary-expr","locations":[{"start":{"line":63,"column":21},"end":{"line":63,"column":39}},{"start":{"line":63,"column":43},"end":{"line":63,"column":60}}],"line":63},"10":{"loc":{"start":{"line":64,"column":20},"end":{"line":64,"column":35}},"type":"binary-expr","locations":[{"start":{"line":64,"column":20},"end":{"line":64,"column":28}},{"start":{"line":64,"column":32},"end":{"line":64,"column":35}}],"line":64},"11":{"loc":{"start":{"line":65,"column":25},"end":{"line":65,"column":47}},"type":"binary-expr","locations":[{"start":{"line":65,"column":25},"end":{"line":65,"column":42}},{"start":{"line":65,"column":46},"end":{"line":65,"column":47}}],"line":65},"12":{"loc":{"start":{"line":70,"column":19},"end":{"line":70,"column":32}},"type":"binary-expr","locations":[{"start":{"line":70,"column":19},"end":{"line":70,"column":26}},{"start":{"line":70,"column":30},"end":{"line":70,"column":32}}],"line":70},"13":{"loc":{"start":{"line":71,"column":25},"end":{"line":71,"column":54}},"type":"binary-expr","locations":[{"start":{"line":71,"column":25},"end":{"line":71,"column":46}},{"start":{"line":71,"column":50},"end":{"line":71,"column":54}}],"line":71},"14":{"loc":{"start":{"line":72,"column":20},"end":{"line":72,"column":43}},"type":"binary-expr","locations":[{"start":{"line":72,"column":20},"end":{"line":72,"column":35}},{"start":{"line":72,"column":39},"end":{"line":72,"column":43}}],"line":72},"15":{"loc":{"start":{"line":87,"column":24},"end":{"line":87,"column":34}},"type":"default-arg","locations":[{"start":{"line":87,"column":32},"end":{"line":87,"column":34}}],"line":87},"16":{"loc":{"start":{"line":87,"column":36},"end":{"line":87,"column":61}},"type":"default-arg","locations":[{"start":{"line":87,"column":52},"end":{"line":87,"column":61}}],"line":87},"17":{"loc":{"start":{"line":88,"column":4},"end":{"line":88,"column":74}},"type":"if","locations":[{"start":{"line":88,"column":4},"end":{"line":88,"column":74}},{"start":{},"end":{}}],"line":88},"18":{"loc":{"start":{"line":88,"column":8},"end":{"line":88,"column":58}},"type":"binary-expr","locations":[{"start":{"line":88,"column":8},"end":{"line":88,"column":32}},{"start":{"line":88,"column":36},"end":{"line":88,"column":58}}],"line":88},"19":{"loc":{"start":{"line":89,"column":4},"end":{"line":89,"column":84}},"type":"if","locations":[{"start":{"line":89,"column":4},"end":{"line":89,"column":84}},{"start":{},"end":{}}],"line":89},"20":{"loc":{"start":{"line":89,"column":8},"end":{"line":89,"column":62}},"type":"binary-expr","locations":[{"start":{"line":89,"column":8},"end":{"line":89,"column":36}},{"start":{"line":89,"column":40},"end":{"line":89,"column":62}}],"line":89},"21":{"loc":{"start":{"line":90,"column":4},"end":{"line":90,"column":83}},"type":"if","locations":[{"start":{"line":90,"column":4},"end":{"line":90,"column":83}},{"start":{},"end":{}}],"line":90},"22":{"loc":{"start":{"line":90,"column":8},"end":{"line":90,"column":65}},"type":"binary-expr","locations":[{"start":{"line":90,"column":8},"end":{"line":90,"column":32}},{"start":{"line":90,"column":36},"end":{"line":90,"column":65}}],"line":90},"23":{"loc":{"start":{"line":91,"column":4},"end":{"line":91,"column":86}},"type":"if","locations":[{"start":{"line":91,"column":4},"end":{"line":91,"column":86}},{"start":{},"end":{}}],"line":91},"24":{"loc":{"start":{"line":91,"column":8},"end":{"line":91,"column":66}},"type":"binary-expr","locations":[{"start":{"line":91,"column":8},"end":{"line":91,"column":30}},{"start":{"line":91,"column":34},"end":{"line":91,"column":66}}],"line":91},"25":{"loc":{"start":{"line":106,"column":11},"end":{"line":106,"column":48}},"type":"binary-expr","locations":[{"start":{"line":106,"column":11},"end":{"line":106,"column":27}},{"start":{"line":106,"column":31},"end":{"line":106,"column":48}}],"line":106}},"s":{"0":0,"1":0,"2":0,"3":0,"4":0,"5":0,"6":0,"7":0,"8":0,"9":0,"10":0,"11":0,"12":0,"13":0,"14":0,"15":0,"16":0,"17":0,"18":0,"19":0,"20":0,"21":0,"22":0,"23":0,"24":0,"25":0,"26":0,"27":0,"28":0,"29":0,"30":0,"31":0,"32":0,"33":0,"34":0,"35":0,"36":0,"37":0,"38":0,"39":0},"f":{"0":0,"1":0,"2":0,"3":0},"b":{"0":[0,0],"1":[0,0],"2":[0,0],"3":[0,0],"4":[0,0],"5":[0,0],"6":[0,0],"7":[0,0],"8":[0,0],"9":[0,0],"10":[0,0],"11":[0,0],"12":[0,0],"13":[0,0],"14":[0,0],"15":[0],"16":[0],"17":[0,0],"18":[0,0],"19":[0,0],"20":[0,0],"21":[0,0],"22":[0,0],"23":[0,0],"24":[0,0],"25":[0,0]}}
,"E:\\Downloads\\Download\\the gp\\Fas7nyBackend\\services\\sentimentAnalyzer.js": {"path":"E:\\Downloads\\Download\\the gp\\Fas7nyBackend\\services\\sentimentAnalyzer.js","statementMap":{"0":{"start":{"line":1,"column":23},"end":{"line":1,"column":55}},"1":{"start":{"line":9,"column":0},"end":{"line":28,"column":2}},"2":{"start":{"line":10,"column":4},"end":{"line":27,"column":5}},"3":{"start":{"line":11,"column":23},"end":{"line":14,"column":84}},"4":{"start":{"line":16,"column":8},"end":{"line":16,"column":70}},"5":{"start":{"line":17,"column":25},"end":{"line":17,"column":49}},"6":{"start":{"line":18,"column":8},"end":{"line":23,"column":9}},"7":{"start":{"line":19,"column":12},"end":{"line":19,"column":40}},"8":{"start":{"line":21,"column":12},"end":{"line":21,"column":89}},"9":{"start":{"line":22,"column":12},"end":{"line":22,"column":75}},"10":{"start":{"line":25,"column":8},"end":{"line":25,"column":65}},"11":{"start":{"line":26,"column":8},"end":{"line":26,"column":71}}},"fnMap":{"0":{"name":"(anonymous_0)","decl":{"start":{"line":9,"column":35},"end":{"line":9,"column":36}},"loc":{"start":{"line":9,"column":90},"end":{"line":28,"column":1}},"line":9}},"branchMap":{"0":{"loc":{"start":{"line":9,"column":49},"end":{"line":9,"column":85}},"type":"default-arg","locations":[{"start":{"line":9,"column":57},"end":{"line":9,"column":85}}],"line":9},"1":{"loc":{"start":{"line":18,"column":8},"end":{"line":23,"column":9}},"type":"if","locations":[{"start":{"line":18,"column":8},"end":{"line":23,"column":9}},{"start":{"line":20,"column":15},"end":{"line":23,"column":9}}],"line":18}},"s":{"0":0,"1":0,"2":0,"3":0,"4":0,"5":0,"6":0,"7":0,"8":0,"9":0,"10":0,"11":0},"f":{"0":0},"b":{"0":[0],"1":[0,0]}}
,"E:\\Downloads\\Download\\the gp\\Fas7nyBackend\\services\\walletService.js": {"path":"E:\\Downloads\\Download\\the gp\\Fas7nyBackend\\services\\walletService.js","statementMap":{"0":{"start":{"line":1,"column":15},"end":{"line":1,"column":32}},"1":{"start":{"line":2,"column":20},"end":{"line":2,"column":57}},"2":{"start":{"line":3,"column":14},"end":{"line":3,"column":42}},"3":{"start":{"line":8,"column":21},"end":{"line":36,"column":1}},"4":{"start":{"line":9,"column":4},"end":{"line":9,"column":85}},"5":{"start":{"line":12,"column":4},"end":{"line":18,"column":5}},"6":{"start":{"line":13,"column":27},"end":{"line":13,"column":61}},"7":{"start":{"line":14,"column":8},"end":{"line":14,"column":110}},"8":{"start":{"line":15,"column":8},"end":{"line":15,"column":56}},"9":{"start":{"line":17,"column":8},"end":{"line":17,"column":91}},"10":{"start":{"line":21,"column":23},"end":{"line":21,"column":79}},"11":{"start":{"line":22,"column":4},"end":{"line":25,"column":5}},"12":{"start":{"line":23,"column":8},"end":{"line":23,"column":104}},"13":{"start":{"line":24,"column":8},"end":{"line":24,"column":62}},"14":{"start":{"line":28,"column":33},"end":{"line":28,"column":66}},"15":{"start":{"line":29,"column":4},"end":{"line":32,"column":5}},"16":{"start":{"line":30,"column":8},"end":{"line":30,"column":95}},"17":{"start":{"line":31,"column":8},"end":{"line":31,"column":60}},"18":{"start":{"line":34,"column":4},"end":{"line":34,"column":85}},"19":{"start":{"line":35,"column":4},"end":{"line":35,"column":44}},"20":{"start":{"line":38,"column":29},"end":{"line":58,"column":1}},"21":{"start":{"line":39,"column":24},"end":{"line":55,"column":6}},"22":{"start":{"line":56,"column":20},"end":{"line":56,"column":76}},"23":{"start":{"line":57,"column":4},"end":{"line":57,"column":19}},"24":{"start":{"line":60,"column":23},"end":{"line":70,"column":1}},"25":{"start":{"line":61,"column":4},"end":{"line":69,"column":5}},"26":{"start":{"line":62,"column":8},"end":{"line":66,"column":9}},"27":{"start":{"line":63,"column":23},"end":{"line":63,"column":39}},"28":{"start":{"line":64,"column":12},"end":{"line":64,"column":127}},"29":{"start":{"line":65,"column":12},"end":{"line":65,"column":95}},"30":{"start":{"line":68,"column":8},"end":{"line":68,"column":64}},"31":{"start":{"line":72,"column":29},"end":{"line":99,"column":1}},"32":{"start":{"line":73,"column":25},"end":{"line":73,"column":51}},"33":{"start":{"line":74,"column":4},"end":{"line":76,"column":5}},"34":{"start":{"line":75,"column":8},"end":{"line":75,"column":81}},"35":{"start":{"line":78,"column":24},"end":{"line":78,"column":58}},"36":{"start":{"line":79,"column":4},"end":{"line":81,"column":5}},"37":{"start":{"line":80,"column":8},"end":{"line":80,"column":115}},"38":{"start":{"line":83,"column":28},"end":{"line":92,"column":5}},"39":{"start":{"line":94,"column":4},"end":{"line":94,"column":50}},"40":{"start":{"line":95,"column":23},"end":{"line":95,"column":57}},"41":{"start":{"line":96,"column":4},"end":{"line":96,"column":54}},"42":{"start":{"line":98,"column":4},"end":{"line":98,"column":64}},"43":{"start":{"line":101,"column":28},"end":{"line":118,"column":1}},"44":{"start":{"line":102,"column":28},"end":{"line":111,"column":5}},"45":{"start":{"line":113,"column":4},"end":{"line":113,"column":50}},"46":{"start":{"line":114,"column":23},"end":{"line":114,"column":57}},"47":{"start":{"line":115,"column":4},"end":{"line":115,"column":54}},"48":{"start":{"line":117,"column":4},"end":{"line":117,"column":64}},"49":{"start":{"line":120,"column":0},"end":{"line":126,"column":2}}},"fnMap":{"0":{"name":"(anonymous_0)","decl":{"start":{"line":8,"column":21},"end":{"line":8,"column":22}},"loc":{"start":{"line":8,"column":39},"end":{"line":36,"column":1}},"line":8},"1":{"name":"(anonymous_1)","decl":{"start":{"line":38,"column":29},"end":{"line":38,"column":30}},"loc":{"start":{"line":38,"column":47},"end":{"line":58,"column":1}},"line":38},"2":{"name":"(anonymous_2)","decl":{"start":{"line":60,"column":23},"end":{"line":60,"column":24}},"loc":{"start":{"line":60,"column":66},"end":{"line":70,"column":1}},"line":60},"3":{"name":"(anonymous_3)","decl":{"start":{"line":72,"column":29},"end":{"line":72,"column":30}},"loc":{"start":{"line":72,"column":73},"end":{"line":99,"column":1}},"line":72},"4":{"name":"(anonymous_4)","decl":{"start":{"line":101,"column":28},"end":{"line":101,"column":29}},"loc":{"start":{"line":101,"column":65},"end":{"line":118,"column":1}},"line":101}},"branchMap":{"0":{"loc":{"start":{"line":22,"column":4},"end":{"line":25,"column":5}},"type":"if","locations":[{"start":{"line":22,"column":4},"end":{"line":25,"column":5}},{"start":{},"end":{}}],"line":22},"1":{"loc":{"start":{"line":29,"column":4},"end":{"line":32,"column":5}},"type":"if","locations":[{"start":{"line":29,"column":4},"end":{"line":32,"column":5}},{"start":{},"end":{}}],"line":29},"2":{"loc":{"start":{"line":56,"column":20},"end":{"line":56,"column":76}},"type":"cond-expr","locations":[{"start":{"line":56,"column":45},"end":{"line":56,"column":72}},{"start":{"line":56,"column":75},"end":{"line":56,"column":76}}],"line":56},"3":{"loc":{"start":{"line":62,"column":8},"end":{"line":66,"column":9}},"type":"if","locations":[{"start":{"line":62,"column":8},"end":{"line":66,"column":9}},{"start":{},"end":{}}],"line":62},"4":{"loc":{"start":{"line":72,"column":52},"end":{"line":72,"column":68}},"type":"default-arg","locations":[{"start":{"line":72,"column":64},"end":{"line":72,"column":68}}],"line":72},"5":{"loc":{"start":{"line":74,"column":4},"end":{"line":76,"column":5}},"type":"if","locations":[{"start":{"line":74,"column":4},"end":{"line":76,"column":5}},{"start":{},"end":{}}],"line":74},"6":{"loc":{"start":{"line":79,"column":4},"end":{"line":81,"column":5}},"type":"if","locations":[{"start":{"line":79,"column":4},"end":{"line":81,"column":5}},{"start":{},"end":{}}],"line":79},"7":{"loc":{"start":{"line":91,"column":21},"end":{"line":91,"column":96}},"type":"cond-expr","locations":[{"start":{"line":91,"column":33},"end":{"line":91,"column":67}},{"start":{"line":91,"column":70},"end":{"line":91,"column":96}}],"line":91}},"s":{"0":2,"1":2,"2":2,"3":2,"4":13,"5":13,"6":13,"7":7,"8":7,"9":6,"10":6,"11":6,"12":1,"13":1,"14":5,"15":5,"16":2,"17":2,"18":3,"19":3,"20":2,"21":18,"22":18,"23":18,"24":2,"25":9,"26":9,"27":9,"28":9,"29":9,"30":0,"31":2,"32":7,"33":7,"34":1,"35":6,"36":6,"37":2,"38":4,"39":4,"40":4,"41":4,"42":4,"43":2,"44":5,"45":5,"46":5,"47":5,"48":5,"49":2},"f":{"0":13,"1":18,"2":9,"3":7,"4":5},"b":{"0":[1,5],"1":[2,3],"2":[17,1],"3":[9,0],"4":[2],"5":[1,6],"6":[2,4],"7":[4,0]},"_coverageSchema":"1a1c01bbd47fc00a2c39e90264f33305004495a9","hash":"afcabc824acc5470b2a07c1462b0f307124eb481"}
}
