TN:
SF:controllers\aiSearchController.js
FN:21,_fetchRawHotels
FN:60,(anonymous_1)
FN:89,(anonymous_2)
FN:110,_unifyHotels
FN:112,(anonymous_4)
FN:133,(anonymous_5)
FN:173,(anonymous_6)
FN:188,(anonymous_7)
FN:203,(anonymous_8)
FN:204,(anonymous_9)
FN:209,(anonymous_10)
FN:221,(anonymous_11)
FN:233,(anonymous_12)
FN:235,(anonymous_13)
FN:242,(anonymous_14)
FN:288,(anonymous_15)
FN:315,(anonymous_16)
FN:340,(anonymous_17)
FN:344,(anonymous_18)
FN:347,(anonymous_19)
FN:362,(anonymous_20)
FN:365,(anonymous_21)
FN:365,(anonymous_22)
FN:381,(anonymous_23)
FN:385,(anonymous_24)
FN:392,(anonymous_25)
FN:392,(anonymous_26)
FN:412,_recommendationReason
FN:424,_hardcodedHotels
FNF:29
FNH:0
FNDA:0,_fetchRawHotels
FNDA:0,(anonymous_1)
FNDA:0,(anonymous_2)
FNDA:0,_unifyHotels
FNDA:0,(anonymous_4)
FNDA:0,(anonymous_5)
FNDA:0,(anonymous_6)
FNDA:0,(anonymous_7)
FNDA:0,(anonymous_8)
FNDA:0,(anonymous_9)
FNDA:0,(anonymous_10)
FNDA:0,(anonymous_11)
FNDA:0,(anonymous_12)
FNDA:0,(anonymous_13)
FNDA:0,(anonymous_14)
FNDA:0,(anonymous_15)
FNDA:0,(anonymous_16)
FNDA:0,(anonymous_17)
FNDA:0,(anonymous_18)
FNDA:0,(anonymous_19)
FNDA:0,(anonymous_20)
FNDA:0,(anonymous_21)
FNDA:0,(anonymous_22)
FNDA:0,(anonymous_23)
FNDA:0,(anonymous_24)
FNDA:0,(anonymous_25)
FNDA:0,(anonymous_26)
FNDA:0,_recommendationReason
FNDA:0,_hardcodedHotels
DA:1,0
DA:2,0
DA:3,0
DA:4,0
DA:5,0
DA:6,0
DA:7,0
DA:9,0
DA:11,0
DA:22,0
DA:23,0
DA:24,0
DA:25,0
DA:26,0
DA:29,0
DA:30,0
DA:33,0
DA:34,0
DA:35,0
DA:36,0
DA:37,0
DA:38,0
DA:43,0
DA:44,0
DA:45,0
DA:46,0
DA:48,0
DA:53,0
DA:54,0
DA:55,0
DA:59,0
DA:60,0
DA:70,0
DA:71,0
DA:73,0
DA:74,0
DA:76,0
DA:82,0
DA:83,0
DA:84,0
DA:87,0
DA:88,0
DA:89,0
DA:90,0
DA:91,0
DA:93,0
DA:98,0
DA:99,0
DA:100,0
DA:101,0
DA:104,0
DA:105,0
DA:106,0
DA:111,0
DA:112,0
DA:113,0
DA:114,0
DA:115,0
DA:133,0
DA:134,0
DA:135,0
DA:136,0
DA:138,0
DA:139,0
DA:143,0
DA:144,0
DA:145,0
DA:147,0
DA:148,0
DA:150,0
DA:151,0
DA:152,0
DA:153,0
DA:154,0
DA:155,0
DA:158,0
DA:161,0
DA:164,0
DA:167,0
DA:168,0
DA:173,0
DA:174,0
DA:175,0
DA:176,0
DA:177,0
DA:178,0
DA:179,0
DA:182,0
DA:183,0
DA:184,0
DA:185,0
DA:186,0
DA:187,0
DA:188,0
DA:192,0
DA:193,0
DA:194,0
DA:197,0
DA:198,0
DA:200,0
DA:203,0
DA:204,0
DA:205,0
DA:206,0
DA:207,0
DA:209,0
DA:210,0
DA:211,0
DA:212,0
DA:213,0
DA:214,0
DA:215,0
DA:217,0
DA:219,0
DA:220,0
DA:221,0
DA:222,0
DA:223,0
DA:225,0
DA:226,0
DA:227,0
DA:230,0
DA:233,0
DA:235,0
DA:241,0
DA:242,0
DA:243,0
DA:247,0
DA:248,0
DA:249,0
DA:250,0
DA:252,0
DA:255,0
DA:256,0
DA:257,0
DA:258,0
DA:259,0
DA:260,0
DA:262,0
DA:265,0
DA:268,0
DA:269,0
DA:272,0
DA:282,0
DA:284,0
DA:287,0
DA:288,0
DA:294,0
DA:315,0
DA:316,0
DA:319,0
DA:330,0
DA:331,0
DA:332,0
DA:333,0
DA:336,0
DA:337,0
DA:338,0
DA:339,0
DA:340,0
DA:343,0
DA:344,0
DA:345,0
DA:347,0
DA:348,0
DA:349,0
DA:354,0
DA:356,0
DA:361,0
DA:362,0
DA:364,0
DA:365,0
DA:367,0
DA:370,0
DA:373,0
DA:375,0
DA:376,0
DA:377,0
DA:381,0
DA:382,0
DA:385,0
DA:392,0
DA:397,0
DA:398,0
DA:401,0
DA:403,0
DA:413,0
DA:414,0
DA:416,0
DA:417,0
DA:418,0
DA:419,0
DA:420,0
DA:421,0
DA:425,0
DA:426,0
DA:433,0
DA:438,0
DA:445,0
DA:453,0
DA:460,0
DA:466,0
DA:472,0
DA:477,0
LF:204
LH:0
BRDA:6,0,0,0
BRDA:6,0,1,0
BRDA:24,1,0,0
BRDA:24,1,1,0
BRDA:33,2,0,0
BRDA:33,2,1,0
BRDA:43,3,0,0
BRDA:43,3,1,0
BRDA:43,3,2,0
BRDA:53,4,0,0
BRDA:53,4,1,0
BRDA:53,5,0,0
BRDA:53,5,1,0
BRDA:59,6,0,0
BRDA:59,6,1,0
BRDA:62,7,0,0
BRDA:62,7,1,0
BRDA:62,7,2,0
BRDA:63,8,0,0
BRDA:63,8,1,0
BRDA:63,9,0,0
BRDA:63,9,1,0
BRDA:64,10,0,0
BRDA:64,10,1,0
BRDA:65,11,0,0
BRDA:65,11,1,0
BRDA:66,12,0,0
BRDA:66,12,1,0
BRDA:68,13,0,0
BRDA:68,13,1,0
BRDA:68,14,0,0
BRDA:68,14,1,0
BRDA:73,15,0,0
BRDA:73,15,1,0
BRDA:73,16,0,0
BRDA:73,16,1,0
BRDA:82,17,0,0
BRDA:82,17,1,0
BRDA:98,18,0,0
BRDA:98,18,1,0
BRDA:111,19,0,0
BRDA:111,19,1,0
BRDA:113,20,0,0
BRDA:113,20,1,0
BRDA:113,20,2,0
BRDA:114,21,0,0
BRDA:114,21,1,0
BRDA:114,21,2,0
BRDA:116,22,0,0
BRDA:116,22,1,0
BRDA:116,22,2,0
BRDA:116,22,3,0
BRDA:117,23,0,0
BRDA:117,23,1,0
BRDA:117,23,2,0
BRDA:117,23,3,0
BRDA:118,24,0,0
BRDA:118,24,1,0
BRDA:118,24,2,0
BRDA:119,25,0,0
BRDA:119,25,1,0
BRDA:119,25,2,0
BRDA:119,25,3,0
BRDA:120,26,0,0
BRDA:120,26,1,0
BRDA:121,27,0,0
BRDA:121,27,1,0
BRDA:122,28,0,0
BRDA:122,28,1,0
BRDA:122,28,2,0
BRDA:122,28,3,0
BRDA:122,28,4,0
BRDA:123,29,0,0
BRDA:123,29,1,0
BRDA:123,29,2,0
BRDA:124,30,0,0
BRDA:124,30,1,0
BRDA:125,31,0,0
BRDA:125,31,1,0
BRDA:136,32,0,0
BRDA:136,33,0,0
BRDA:138,34,0,0
BRDA:138,34,1,0
BRDA:143,35,0,0
BRDA:143,35,1,0
BRDA:143,35,2,0
BRDA:144,36,0,0
BRDA:144,36,1,0
BRDA:154,37,0,0
BRDA:154,37,1,0
BRDA:177,38,0,0
BRDA:177,39,0,0
BRDA:177,40,0,0
BRDA:179,41,0,0
BRDA:179,41,1,0
BRDA:184,42,0,0
BRDA:184,42,1,0
BRDA:187,43,0,0
BRDA:187,43,1,0
BRDA:189,44,0,0
BRDA:189,44,1,0
BRDA:189,45,0,0
BRDA:189,45,1,0
BRDA:189,45,2,0
BRDA:189,46,0,0
BRDA:189,46,1,0
BRDA:192,47,0,0
BRDA:192,47,1,0
BRDA:193,48,0,0
BRDA:193,48,1,0
BRDA:203,49,0,0
BRDA:203,49,1,0
BRDA:204,50,0,0
BRDA:204,50,1,0
BRDA:205,51,0,0
BRDA:205,51,1,0
BRDA:205,52,0,0
BRDA:205,52,1,0
BRDA:211,53,0,0
BRDA:211,53,1,0
BRDA:215,54,0,0
BRDA:215,54,1,0
BRDA:219,55,0,0
BRDA:219,55,1,0
BRDA:222,56,0,0
BRDA:222,56,1,0
BRDA:227,57,0,0
BRDA:227,57,1,0
BRDA:227,58,0,0
BRDA:227,58,1,0
BRDA:238,59,0,0
BRDA:238,59,1,0
BRDA:248,60,0,0
BRDA:248,60,1,0
BRDA:250,61,0,0
BRDA:250,61,1,0
BRDA:252,62,0,0
BRDA:252,62,1,0
BRDA:257,63,0,0
BRDA:257,63,1,0
BRDA:259,64,0,0
BRDA:259,64,1,0
BRDA:268,65,0,0
BRDA:268,65,1,0
BRDA:275,66,0,0
BRDA:275,66,1,0
BRDA:279,67,0,0
BRDA:279,67,1,0
BRDA:291,68,0,0
BRDA:291,68,1,0
BRDA:336,69,0,0
BRDA:336,69,1,0
BRDA:339,70,0,0
BRDA:339,70,1,0
BRDA:340,71,0,0
BRDA:340,71,1,0
BRDA:345,72,0,0
BRDA:345,72,1,0
BRDA:348,73,0,0
BRDA:348,73,1,0
BRDA:364,74,0,0
BRDA:364,74,1,0
BRDA:365,75,0,0
BRDA:365,75,1,0
BRDA:367,76,0,0
BRDA:367,76,1,0
BRDA:370,77,0,0
BRDA:370,77,1,0
BRDA:373,78,0,0
BRDA:373,78,1,0
BRDA:392,79,0,0
BRDA:392,79,1,0
BRDA:413,80,0,0
BRDA:413,80,1,0
BRDA:414,81,0,0
BRDA:414,81,1,0
BRDA:418,82,0,0
BRDA:418,82,1,0
BRDA:418,83,0,0
BRDA:418,83,1,0
BRDA:419,84,0,0
BRDA:419,84,1,0
BRDA:420,85,0,0
BRDA:420,85,1,0
BRDA:426,86,0,0
BRDA:426,86,1,0
BRDA:433,87,0,0
BRDA:433,87,1,0
BRDA:438,88,0,0
BRDA:438,88,1,0
BRDA:445,89,0,0
BRDA:445,89,1,0
BRDA:445,90,0,0
BRDA:445,90,1,0
BRDA:453,91,0,0
BRDA:453,91,1,0
BRDA:460,92,0,0
BRDA:460,92,1,0
BRDA:466,93,0,0
BRDA:466,93,1,0
BRDA:472,94,0,0
BRDA:472,94,1,0
BRDA:472,95,0,0
BRDA:472,95,1,0
BRF:204
BRH:0
end_of_record
TN:
SF:controllers\attractionController.js
FN:3,(anonymous_0)
FNF:1
FNH:0
FNDA:0,(anonymous_0)
DA:1,0
DA:3,0
DA:5,0
DA:7,0
DA:22,0
DA:23,0
DA:26,0
DA:31,0
DA:34,0
DA:35,0
DA:37,0
LF:11
LH:0
BRDA:11,0,0,0
BRDA:11,0,1,0
BRDA:12,1,0,0
BRDA:12,1,1,0
BRDA:34,2,0,0
BRDA:34,2,1,0
BRF:6
BRH:0
end_of_record
TN:
SF:controllers\authController.js
FN:4,(anonymous_0)
FNF:1
FNH:1
FNDA:5,(anonymous_0)
DA:1,1
DA:4,1
DA:5,5
DA:6,5
DA:8,5
DA:14,4
DA:19,1
LF:7
LH:7
BRF:0
BRH:0
end_of_record
TN:
SF:controllers\bookingController.js
FN:11,(anonymous_0)
FN:99,_handlePostBookingActions
FN:137,(anonymous_2)
FN:143,(anonymous_3)
FN:157,(anonymous_4)
FN:172,(anonymous_5)
FNF:6
FNH:0
FNDA:0,(anonymous_0)
FNDA:0,_handlePostBookingActions
FNDA:0,(anonymous_2)
FNDA:0,(anonymous_3)
FNDA:0,(anonymous_4)
FNDA:0,(anonymous_5)
DA:1,0
DA:2,0
DA:3,0
DA:4,0
DA:5,0
DA:11,0
DA:12,0
DA:14,0
DA:29,0
DA:32,0
DA:33,0
DA:34,0
DA:42,0
DA:43,0
DA:45,0
DA:46,0
DA:48,0
DA:49,0
DA:55,0
DA:56,0
DA:60,0
DA:76,0
DA:77,0
DA:78,0
DA:81,0
DA:83,0
DA:91,0
DA:92,0
DA:101,0
DA:102,0
DA:108,0
DA:111,0
DA:112,0
DA:113,0
DA:114,0
DA:123,0
DA:126,0
DA:127,0
DA:128,0
DA:133,0
DA:137,0
DA:138,0
DA:139,0
DA:140,0
DA:141,0
DA:143,0
DA:144,0
DA:145,0
DA:146,0
DA:147,0
DA:148,0
DA:151,0
DA:153,0
DA:157,0
DA:158,0
DA:159,0
DA:160,0
DA:161,0
DA:166,0
DA:168,0
DA:172,0
DA:173,0
DA:174,0
DA:175,0
DA:176,0
DA:177,0
DA:179,0
DA:180,0
DA:183,0
DA:184,0
DA:185,0
DA:188,0
DA:190,0
LF:73
LH:0
BRDA:32,0,0,0
BRDA:32,0,1,0
BRDA:32,1,0,0
BRDA:32,1,1,0
BRDA:32,1,2,0
BRDA:42,2,0,0
BRDA:42,2,1,0
BRDA:48,3,0,0
BRDA:48,3,1,0
BRDA:49,4,0,0
BRDA:49,4,1,0
BRDA:63,5,0,0
BRDA:63,5,1,0
BRDA:64,6,0,0
BRDA:64,6,1,0
BRDA:65,7,0,0
BRDA:65,7,1,0
BRDA:65,8,0,0
BRDA:65,8,1,0
BRDA:68,9,0,0
BRDA:68,9,1,0
BRDA:69,10,0,0
BRDA:69,10,1,0
BRDA:70,11,0,0
BRDA:70,11,1,0
BRDA:71,12,0,0
BRDA:71,12,1,0
BRDA:72,13,0,0
BRDA:72,13,1,0
BRDA:73,14,0,0
BRDA:73,14,1,0
BRDA:113,15,0,0
BRDA:113,15,1,0
BRDA:113,16,0,0
BRDA:113,16,1,0
BRDA:126,17,0,0
BRDA:126,17,1,0
BRDA:146,18,0,0
BRDA:146,18,1,0
BRDA:146,19,0,0
BRDA:146,19,1,0
BRDA:147,20,0,0
BRDA:147,20,1,0
BRDA:147,21,0,0
BRDA:147,21,1,0
BRDA:148,22,0,0
BRDA:148,22,1,0
BRDA:176,23,0,0
BRDA:176,23,1,0
BRDA:177,24,0,0
BRDA:177,24,1,0
BRDA:183,25,0,0
BRDA:183,25,1,0
BRF:53
BRH:0
end_of_record
TN:
SF:controllers\chatController.js
FN:3,smartFallback
FN:48,(anonymous_1)
FN:48,(anonymous_2)
FN:50,(anonymous_3)
FN:67,(anonymous_4)
FNF:5
FNH:0
FNDA:0,smartFallback
FNDA:0,(anonymous_1)
FNDA:0,(anonymous_2)
FNDA:0,(anonymous_3)
FNDA:0,(anonymous_4)
DA:1,0
DA:4,0
DA:5,0
DA:7,0
DA:8,0
DA:12,0
DA:13,0
DA:17,0
DA:18,0
DA:22,0
DA:23,0
DA:27,0
DA:28,0
DA:32,0
DA:33,0
DA:37,0
DA:38,0
DA:43,0
DA:48,0
DA:50,0
DA:51,0
DA:52,0
DA:54,0
DA:55,0
DA:58,0
DA:61,0
DA:67,0
DA:68,0
DA:69,0
DA:77,0
DA:79,0
DA:81,0
DA:82,0
DA:83,0
DA:85,0
DA:86,0
DA:87,0
DA:88,0
DA:89,0
DA:92,0
DA:93,0
DA:95,0
DA:96,0
DA:99,0
DA:101,0
DA:102,0
DA:105,0
DA:106,0
DA:110,0
DA:114,0
DA:116,0
DA:122,0
DA:123,0
LF:53
LH:0
BRDA:7,0,0,0
BRDA:7,0,1,0
BRDA:7,1,0,0
BRDA:7,1,1,0
BRDA:8,2,0,0
BRDA:8,2,1,0
BRDA:12,3,0,0
BRDA:12,3,1,0
BRDA:12,4,0,0
BRDA:12,4,1,0
BRDA:12,4,2,0
BRDA:13,5,0,0
BRDA:13,5,1,0
BRDA:17,6,0,0
BRDA:17,6,1,0
BRDA:17,7,0,0
BRDA:17,7,1,0
BRDA:18,8,0,0
BRDA:18,8,1,0
BRDA:22,9,0,0
BRDA:22,9,1,0
BRDA:22,10,0,0
BRDA:22,10,1,0
BRDA:23,11,0,0
BRDA:23,11,1,0
BRDA:27,12,0,0
BRDA:27,12,1,0
BRDA:27,13,0,0
BRDA:27,13,1,0
BRDA:28,14,0,0
BRDA:28,14,1,0
BRDA:32,15,0,0
BRDA:32,15,1,0
BRDA:32,16,0,0
BRDA:32,16,1,0
BRDA:33,17,0,0
BRDA:33,17,1,0
BRDA:37,18,0,0
BRDA:37,18,1,0
BRDA:37,19,0,0
BRDA:37,19,1,0
BRDA:37,19,2,0
BRDA:38,20,0,0
BRDA:38,20,1,0
BRDA:43,21,0,0
BRDA:43,21,1,0
BRDA:52,22,0,0
BRDA:54,23,0,0
BRDA:54,23,1,0
BRDA:68,24,0,0
BRDA:68,24,1,0
BRDA:68,25,0,0
BRDA:68,25,1,0
BRDA:70,26,0,0
BRDA:70,26,1,0
BRDA:87,27,0,0
BRDA:87,27,1,0
BRDA:95,28,0,0
BRDA:95,28,1,0
BRDA:105,29,0,0
BRDA:105,29,1,0
BRDA:105,30,0,0
BRDA:105,30,1,0
BRF:63
BRH:0
end_of_record
TN:
SF:controllers\citySearchController.js
FN:14,calcValueScore
FN:27,(anonymous_1)
FN:56,(anonymous_2)
FN:62,(anonymous_3)
FN:92,priceLevelToEGP
FN:128,buildPhotoUrl
FN:134,normalizeGooglePlace
FN:164,(anonymous_7)
FN:179,_cityFallbackImage
FN:192,(anonymous_9)
FN:221,(anonymous_10)
FN:227,(anonymous_11)
FN:233,(anonymous_12)
FN:234,(anonymous_13)
FN:242,(anonymous_14)
FN:244,(anonymous_15)
FN:244,(anonymous_16)
FN:273,(anonymous_17)
FN:283,(anonymous_18)
FN:283,(anonymous_19)
FN:299,(anonymous_20)
FN:300,(anonymous_21)
FN:306,(anonymous_22)
FN:320,(anonymous_23)
FN:337,(anonymous_24)
FN:338,(anonymous_25)
FN:339,(anonymous_26)
FN:340,(anonymous_27)
FN:342,(anonymous_28)
FN:344,(anonymous_29)
FN:345,(anonymous_30)
FN:346,(anonymous_31)
FN:367,(anonymous_32)
FN:374,(anonymous_33)
FN:380,(anonymous_34)
FN:406,(anonymous_35)
FN:428,(anonymous_36)
FN:446,(anonymous_37)
FN:447,(anonymous_38)
FN:465,(anonymous_39)
FN:482,(anonymous_40)
FN:483,(anonymous_41)
FN:484,(anonymous_42)
FN:485,(anonymous_43)
FN:494,(anonymous_44)
FN:495,(anonymous_45)
FN:496,(anonymous_46)
FN:497,(anonymous_47)
FN:506,(anonymous_48)
FN:514,(anonymous_49)
FN:518,_estimatePrice
FN:523,_getImage
FNF:52
FNH:0
FNDA:0,calcValueScore
FNDA:0,(anonymous_1)
FNDA:0,(anonymous_2)
FNDA:0,(anonymous_3)
FNDA:0,priceLevelToEGP
FNDA:0,buildPhotoUrl
FNDA:0,normalizeGooglePlace
FNDA:0,(anonymous_7)
FNDA:0,_cityFallbackImage
FNDA:0,(anonymous_9)
FNDA:0,(anonymous_10)
FNDA:0,(anonymous_11)
FNDA:0,(anonymous_12)
FNDA:0,(anonymous_13)
FNDA:0,(anonymous_14)
FNDA:0,(anonymous_15)
FNDA:0,(anonymous_16)
FNDA:0,(anonymous_17)
FNDA:0,(anonymous_18)
FNDA:0,(anonymous_19)
FNDA:0,(anonymous_20)
FNDA:0,(anonymous_21)
FNDA:0,(anonymous_22)
FNDA:0,(anonymous_23)
FNDA:0,(anonymous_24)
FNDA:0,(anonymous_25)
FNDA:0,(anonymous_26)
FNDA:0,(anonymous_27)
FNDA:0,(anonymous_28)
FNDA:0,(anonymous_29)
FNDA:0,(anonymous_30)
FNDA:0,(anonymous_31)
FNDA:0,(anonymous_32)
FNDA:0,(anonymous_33)
FNDA:0,(anonymous_34)
FNDA:0,(anonymous_35)
FNDA:0,(anonymous_36)
FNDA:0,(anonymous_37)
FNDA:0,(anonymous_38)
FNDA:0,(anonymous_39)
FNDA:0,(anonymous_40)
FNDA:0,(anonymous_41)
FNDA:0,(anonymous_42)
FNDA:0,(anonymous_43)
FNDA:0,(anonymous_44)
FNDA:0,(anonymous_45)
FNDA:0,(anonymous_46)
FNDA:0,(anonymous_47)
FNDA:0,(anonymous_48)
FNDA:0,(anonymous_49)
FNDA:0,_estimatePrice
FNDA:0,_getImage
DA:1,0
DA:2,0
DA:3,0
DA:4,0
DA:5,0
DA:8,0
DA:9,0
DA:15,0
DA:16,0
DA:17,0
DA:20,0
DA:21,0
DA:22,0
DA:25,0
DA:26,0
DA:27,0
DA:28,0
DA:30,0
DA:34,0
DA:37,0
DA:39,0
DA:43,0
DA:56,0
DA:57,0
DA:58,0
DA:62,0
DA:63,0
DA:64,0
DA:85,0
DA:87,0
DA:93,0
DA:123,0
DA:124,0
DA:129,0
DA:130,0
DA:135,0
DA:136,0
DA:139,0
DA:140,0
DA:141,0
DA:146,0
DA:147,0
DA:148,0
DA:154,0
DA:164,0
DA:180,0
DA:189,0
DA:192,0
DA:193,0
DA:194,0
DA:196,0
DA:197,0
DA:198,0
DA:220,0
DA:221,0
DA:223,0
DA:227,0
DA:228,0
DA:229,0
DA:230,0
DA:231,0
DA:232,0
DA:233,0
DA:234,0
DA:236,0
DA:238,0
DA:242,0
DA:243,0
DA:244,0
DA:246,0
DA:252,0
DA:258,0
DA:264,0
DA:273,0
DA:274,0
DA:275,0
DA:277,0
DA:278,0
DA:279,0
DA:281,0
DA:282,0
DA:283,0
DA:285,0
DA:293,0
DA:294,0
DA:295,0
DA:298,0
DA:299,0
DA:300,0
DA:306,0
DA:309,0
DA:310,0
DA:318,0
DA:320,0
DA:337,0
DA:338,0
DA:339,0
DA:340,0
DA:342,0
DA:343,0
DA:344,0
DA:345,0
DA:346,0
DA:351,0
DA:358,0
DA:359,0
DA:362,0
DA:367,0
DA:368,0
DA:369,0
DA:371,0
DA:372,0
DA:373,0
DA:374,0
DA:377,0
DA:378,0
DA:380,0
DA:381,0
DA:387,0
DA:389,0
DA:390,0
DA:391,0
DA:393,0
DA:394,0
DA:396,0
DA:403,0
DA:406,0
DA:420,0
DA:428,0
DA:429,0
DA:430,0
DA:445,0
DA:446,0
DA:447,0
DA:454,0
DA:455,0
DA:463,0
DA:465,0
DA:482,0
DA:483,0
DA:484,0
DA:485,0
DA:487,0
DA:494,0
DA:495,0
DA:496,0
DA:497,0
DA:502,0
DA:506,0
DA:507,0
DA:508,0
DA:509,0
DA:513,0
DA:514,0
DA:515,0
DA:519,0
DA:520,0
DA:524,0
DA:532,0
LF:159
LH:0
BRDA:8,0,0,0
BRDA:8,0,1,0
BRDA:14,1,0,0
BRDA:14,2,0,0
BRDA:15,3,0,0
BRDA:15,3,1,0
BRDA:16,4,0,0
BRDA:16,4,1,0
BRDA:16,4,2,0
BRDA:25,5,0,0
BRDA:25,5,1,0
BRDA:26,6,0,0
BRDA:26,6,1,0
BRDA:26,7,0,0
BRDA:26,7,1,0
BRDA:26,8,0,0
BRDA:26,8,1,0
BRDA:30,9,0,0
BRDA:30,9,1,0
BRDA:34,10,0,0
BRDA:34,10,1,0
BRDA:34,11,0,0
BRDA:34,11,1,0
BRDA:37,12,0,0
BRDA:37,12,1,0
BRDA:58,13,0,0
BRDA:58,13,1,0
BRDA:123,14,0,0
BRDA:123,14,1,0
BRDA:124,15,0,0
BRDA:124,15,1,0
BRDA:128,16,0,0
BRDA:129,17,0,0
BRDA:129,17,1,0
BRDA:135,18,0,0
BRDA:135,18,1,0
BRDA:139,19,0,0
BRDA:139,19,1,0
BRDA:141,20,0,0
BRDA:141,20,1,0
BRDA:146,21,0,0
BRDA:146,21,1,0
BRDA:148,22,0,0
BRDA:148,22,1,0
BRDA:149,23,0,0
BRDA:149,23,1,0
BRDA:156,24,0,0
BRDA:156,24,1,0
BRDA:157,25,0,0
BRDA:157,25,1,0
BRDA:158,26,0,0
BRDA:158,26,1,0
BRDA:159,27,0,0
BRDA:159,27,1,0
BRDA:170,28,0,0
BRDA:170,28,1,0
BRDA:171,29,0,0
BRDA:171,29,1,0
BRDA:174,30,0,0
BRDA:174,30,1,0
BRDA:189,31,0,0
BRDA:189,31,1,0
BRDA:194,32,0,0
BRDA:194,32,1,0
BRDA:194,33,0,0
BRDA:194,33,1,0
BRDA:220,34,0,0
BRDA:220,34,1,0
BRDA:232,35,0,0
BRDA:232,35,1,0
BRDA:233,36,0,0
BRDA:233,36,1,0
BRDA:244,37,0,0
BRDA:244,37,1,0
BRDA:246,38,0,0
BRDA:246,38,1,0
BRDA:252,39,0,0
BRDA:252,39,1,0
BRDA:258,40,0,0
BRDA:258,40,1,0
BRDA:274,41,0,0
BRDA:274,41,1,0
BRDA:274,41,2,0
BRDA:275,42,0,0
BRDA:275,42,1,0
BRDA:275,42,2,0
BRDA:279,43,0,0
BRDA:279,43,1,0
BRDA:283,44,0,0
BRDA:283,44,1,0
BRDA:283,45,0,0
BRDA:283,45,1,0
BRDA:294,46,0,0
BRDA:294,46,1,0
BRDA:295,47,0,0
BRDA:295,47,1,0
BRDA:303,48,0,0
BRDA:303,48,1,0
BRDA:303,49,0,0
BRDA:303,49,1,0
BRDA:323,50,0,0
BRDA:323,50,1,0
BRDA:323,50,2,0
BRDA:324,51,0,0
BRDA:324,51,1,0
BRDA:324,51,2,0
BRDA:325,52,0,0
BRDA:325,52,1,0
BRDA:326,53,0,0
BRDA:326,53,1,0
BRDA:329,54,0,0
BRDA:329,54,1,0
BRDA:330,55,0,0
BRDA:330,55,1,0
BRDA:345,56,0,0
BRDA:345,56,1,0
BRDA:368,57,0,0
BRDA:368,57,1,0
BRDA:380,58,0,0
BRDA:380,58,1,0
BRDA:380,59,0,0
BRDA:380,59,1,0
BRDA:380,59,2,0
BRDA:391,60,0,0
BRDA:391,60,1,0
BRDA:391,61,0,0
BRDA:391,61,1,0
BRDA:407,62,0,0
BRDA:407,62,1,0
BRDA:407,62,2,0
BRDA:408,63,0,0
BRDA:408,63,1,0
BRDA:408,63,2,0
BRDA:409,64,0,0
BRDA:409,64,1,0
BRDA:410,65,0,0
BRDA:410,65,1,0
BRDA:410,65,2,0
BRDA:411,66,0,0
BRDA:411,66,1,0
BRDA:412,67,0,0
BRDA:412,67,1,0
BRDA:413,68,0,0
BRDA:413,68,1,0
BRDA:414,69,0,0
BRDA:414,69,1,0
BRDA:415,70,0,0
BRDA:415,70,1,0
BRDA:450,71,0,0
BRDA:450,71,1,0
BRDA:450,72,0,0
BRDA:450,72,1,0
BRDA:468,73,0,0
BRDA:468,73,1,0
BRDA:468,73,2,0
BRDA:469,74,0,0
BRDA:469,74,1,0
BRDA:469,74,2,0
BRDA:470,75,0,0
BRDA:470,75,1,0
BRDA:471,76,0,0
BRDA:471,76,1,0
BRDA:474,77,0,0
BRDA:474,77,1,0
BRDA:475,78,0,0
BRDA:475,78,1,0
BRDA:513,79,0,0
BRDA:513,79,1,0
BRDA:520,80,0,0
BRDA:520,80,1,0
BRDA:532,81,0,0
BRDA:532,81,1,0
BRF:172
BRH:0
end_of_record
TN:
SF:controllers\entertainmentController.js
FN:7,optimizeRoute
FN:42,getCityCoordinates
FN:54,(anonymous_2)
FN:115,(anonymous_3)
FN:149,(anonymous_4)
FN:184,_getCuratedActivities
FNF:6
FNH:0
FNDA:0,optimizeRoute
FNDA:0,getCityCoordinates
FNDA:0,(anonymous_2)
FNDA:0,(anonymous_3)
FNDA:0,(anonymous_4)
FNDA:0,_getCuratedActivities
DA:1,0
DA:2,0
DA:3,0
DA:4,0
DA:8,0
DA:9,0
DA:10,0
DA:12,0
DA:13,0
DA:14,0
DA:16,0
DA:17,0
DA:18,0
DA:19,0
DA:20,0
DA:22,0
DA:23,0
DA:24,0
DA:28,0
DA:29,0
DA:30,0
DA:35,0
DA:43,0
DA:51,0
DA:54,0
DA:55,0
DA:56,0
DA:59,0
DA:60,0
DA:61,0
DA:63,0
DA:64,0
DA:66,0
DA:67,0
DA:68,0
DA:69,0
DA:71,0
DA:74,0
DA:75,0
DA:77,0
DA:79,0
DA:82,0
DA:95,0
DA:96,0
DA:99,0
DA:100,0
DA:101,0
DA:102,0
DA:104,0
DA:112,0
DA:114,0
DA:115,0
DA:132,0
DA:133,0
DA:134,0
DA:135,0
DA:136,0
DA:139,0
DA:140,0
DA:141,0
DA:142,0
DA:148,0
DA:149,0
DA:150,0
DA:153,0
DA:156,0
DA:157,0
DA:158,0
DA:162,0
DA:163,0
DA:164,0
DA:165,0
DA:166,0
DA:167,0
DA:169,0
DA:176,0
DA:177,0
DA:185,0
DA:186,0
DA:192,0
DA:198,0
DA:203,0
LF:82
LH:0
BRDA:18,0,0,0
BRDA:18,0,1,0
BRDA:19,1,0,0
BRDA:19,1,1,0
BRDA:22,2,0,0
BRDA:22,2,1,0
BRDA:31,3,0,0
BRDA:31,3,1,0
BRDA:32,4,0,0
BRDA:32,4,1,0
BRDA:64,5,0,0
BRDA:64,5,1,0
BRDA:66,6,0,0
BRDA:66,6,1,0
BRDA:66,7,0,0
BRDA:66,7,1,0
BRDA:74,8,0,0
BRDA:74,8,1,0
BRDA:75,9,0,0
BRDA:75,9,1,0
BRDA:99,10,0,0
BRDA:99,10,1,0
BRDA:99,11,0,0
BRDA:99,11,1,0
BRDA:114,12,0,0
BRDA:114,12,1,0
BRDA:116,13,0,0
BRDA:116,13,1,0
BRDA:116,13,2,0
BRDA:117,14,0,0
BRDA:117,14,1,0
BRDA:120,15,0,0
BRDA:120,15,1,0
BRDA:122,16,0,0
BRDA:122,16,1,0
BRDA:123,17,0,0
BRDA:123,17,1,0
BRDA:124,18,0,0
BRDA:124,18,1,0
BRDA:125,19,0,0
BRDA:125,19,1,0
BRDA:128,20,0,0
BRDA:128,20,1,0
BRDA:128,21,0,0
BRDA:128,21,1,0
BRDA:132,22,0,0
BRDA:132,22,1,0
BRDA:141,23,0,0
BRDA:141,23,1,0
BRDA:156,24,0,0
BRDA:156,24,1,0
BRDA:162,25,0,0
BRDA:162,25,1,0
BRDA:166,26,0,0
BRDA:166,26,1,0
BRDA:186,27,0,0
BRDA:186,27,1,0
BRDA:192,28,0,0
BRDA:192,28,1,0
BRDA:198,29,0,0
BRDA:198,29,1,0
BRF:61
BRH:0
end_of_record
TN:
SF:controllers\notificationController.js
FN:4,(anonymous_0)
FN:21,(anonymous_1)
FN:32,(anonymous_2)
FN:43,(anonymous_3)
FN:54,(anonymous_4)
FNF:5
FNH:0
FNDA:0,(anonymous_0)
FNDA:0,(anonymous_1)
FNDA:0,(anonymous_2)
FNDA:0,(anonymous_3)
FNDA:0,(anonymous_4)
DA:1,0
DA:4,0
DA:5,0
DA:6,0
DA:7,0
DA:11,0
DA:16,0
DA:21,0
DA:22,0
DA:23,0
DA:24,0
DA:25,0
DA:27,0
DA:32,0
DA:33,0
DA:34,0
DA:35,0
DA:36,0
DA:38,0
DA:43,0
DA:44,0
DA:45,0
DA:46,0
DA:47,0
DA:49,0
DA:54,0
DA:55,0
DA:56,0
DA:57,0
DA:60,0
DA:62,0
LF:31
LH:0
BRF:0
BRH:0
end_of_record
TN:
SF:controllers\paymentController.js
FN:3,(anonymous_0)
FNF:1
FNH:0
FNDA:0,(anonymous_0)
DA:1,0
DA:3,0
DA:4,0
DA:5,0
DA:6,0
DA:9,0
DA:12,0
DA:15,0
DA:22,0
DA:25,0
DA:42,0
DA:43,0
DA:45,0
DA:48,0
DA:49,0
LF:15
LH:0
BRDA:32,0,0,0
BRDA:32,0,1,0
BRDA:33,1,0,0
BRDA:33,1,1,0
BRDA:48,2,0,0
BRDA:48,2,1,0
BRF:6
BRH:0
end_of_record
TN:
SF:controllers\placeCommentController.js
FN:5,(anonymous_0)
FN:19,(anonymous_1)
FN:65,(anonymous_2)
FN:98,(anonymous_3)
FNF:4
FNH:0
FNDA:0,(anonymous_0)
FNDA:0,(anonymous_1)
FNDA:0,(anonymous_2)
FNDA:0,(anonymous_3)
DA:1,0
DA:2,0
DA:5,0
DA:6,0
DA:7,0
DA:12,0
DA:14,0
DA:19,0
DA:20,0
DA:21,0
DA:23,0
DA:24,0
DA:27,0
DA:36,0
DA:37,0
DA:40,0
DA:41,0
DA:55,0
DA:58,0
DA:60,0
DA:65,0
DA:66,0
DA:67,0
DA:68,0
DA:69,0
DA:71,0
DA:72,0
DA:73,0
DA:74,0
DA:76,0
DA:77,0
DA:79,0
DA:82,0
DA:83,0
DA:88,0
DA:91,0
DA:93,0
DA:98,0
DA:99,0
DA:100,0
DA:101,0
DA:103,0
DA:104,0
DA:107,0
DA:110,0
DA:111,0
DA:116,0
DA:119,0
DA:121,0
LF:49
LH:0
BRDA:23,0,0,0
BRDA:23,0,1,0
BRDA:23,1,0,0
BRDA:23,1,1,0
BRDA:30,2,0,0
BRDA:30,2,1,0
BRDA:31,3,0,0
BRDA:31,3,1,0
BRDA:33,4,0,0
BRDA:33,4,1,0
BRDA:69,5,0,0
BRDA:69,5,1,0
BRDA:72,6,0,0
BRDA:72,6,1,0
BRDA:101,7,0,0
BRDA:101,7,1,0
BRDA:103,8,0,0
BRDA:103,8,1,0
BRF:18
BRH:0
end_of_record
TN:
SF:controllers\placeController.js
FN:37,(anonymous_0)
FN:74,(anonymous_1)
FN:91,(anonymous_2)
FN:104,(anonymous_3)
FN:119,(anonymous_4)
FN:128,(anonymous_5)
FN:138,(anonymous_6)
FN:141,(anonymous_7)
FN:141,(anonymous_8)
FN:146,(anonymous_9)
FN:150,(anonymous_10)
FN:174,(anonymous_11)
FN:190,(anonymous_12)
FN:203,(anonymous_13)
FN:236,(anonymous_14)
FN:287,(anonymous_15)
FN:302,(anonymous_16)
FN:306,(anonymous_17)
FN:310,(anonymous_18)
FN:331,(anonymous_19)
FN:342,(anonymous_20)
FN:367,(anonymous_21)
FN:401,(anonymous_22)
FN:493,(anonymous_23)
FN:551,_getCuratedFallback
FN:566,(anonymous_25)
FN:625,(anonymous_26)
FN:637,(anonymous_27)
FN:722,_getCuratedNearbyFallback
FN:767,_calculateHaversineDistance
FN:779,(anonymous_30)
FN:808,(anonymous_31)
FN:861,(anonymous_32)
FN:914,(anonymous_33)
FNF:34
FNH:11
FNDA:6,(anonymous_0)
FNDA:1,(anonymous_1)
FNDA:1,(anonymous_2)
FNDA:1,(anonymous_3)
FNDA:6,(anonymous_4)
FNDA:2,(anonymous_5)
FNDA:10,(anonymous_6)
FNDA:10,(anonymous_7)
FNDA:0,(anonymous_8)
FNDA:10,(anonymous_9)
FNDA:0,(anonymous_10)
FNDA:2,(anonymous_11)
FNDA:1,(anonymous_12)
FNDA:0,(anonymous_13)
FNDA:0,(anonymous_14)
FNDA:0,(anonymous_15)
FNDA:0,(anonymous_16)
FNDA:0,(anonymous_17)
FNDA:0,(anonymous_18)
FNDA:0,(anonymous_19)
FNDA:0,(anonymous_20)
FNDA:0,(anonymous_21)
FNDA:0,(anonymous_22)
FNDA:0,(anonymous_23)
FNDA:0,_getCuratedFallback
FNDA:0,(anonymous_25)
FNDA:0,(anonymous_26)
FNDA:0,(anonymous_27)
FNDA:0,_getCuratedNearbyFallback
FNDA:0,_calculateHaversineDistance
FNDA:0,(anonymous_30)
FNDA:0,(anonymous_31)
FNDA:0,(anonymous_32)
FNDA:0,(anonymous_33)
DA:1,1
DA:2,1
DA:3,1
DA:4,1
DA:5,1
DA:6,1
DA:7,1
DA:8,1
DA:11,1
DA:37,1
DA:38,6
DA:39,6
DA:40,6
DA:41,6
DA:43,6
DA:44,6
DA:45,6
DA:65,6
DA:69,1
DA:74,1
DA:91,1
DA:92,1
DA:93,1
DA:94,1
DA:96,1
DA:99,5
DA:100,5
DA:101,5
DA:102,5
DA:103,4
DA:104,1
DA:115,1
DA:117,3
DA:118,3
DA:119,6
DA:126,1
DA:127,1
DA:128,2
DA:133,6
DA:138,6
DA:139,10
DA:141,10
DA:146,6
DA:147,10
DA:148,10
DA:149,10
DA:150,10
DA:152,0
DA:153,0
DA:157,6
DA:158,6
DA:159,6
DA:162,6
DA:163,6
DA:165,6
DA:168,0
DA:169,0
DA:174,1
DA:175,2
DA:176,2
DA:179,2
DA:182,2
DA:183,0
DA:186,2
DA:187,1
DA:190,1
DA:191,1
DA:192,1
DA:194,0
DA:198,0
DA:203,1
DA:204,0
DA:205,0
DA:206,0
DA:207,0
DA:209,0
DA:211,0
DA:212,0
DA:215,0
DA:216,0
DA:222,0
DA:225,0
DA:227,0
DA:232,0
DA:236,0
DA:251,0
DA:252,0
DA:253,0
DA:255,0
DA:263,0
DA:264,0
DA:265,0
DA:267,0
DA:284,0
DA:285,0
DA:287,0
DA:301,0
DA:302,0
DA:306,0
DA:310,0
DA:313,0
DA:318,0
DA:319,0
DA:321,0
DA:326,0
DA:331,1
DA:332,0
DA:333,0
DA:335,0
DA:337,0
DA:342,1
DA:343,0
DA:344,0
DA:345,0
DA:359,0
DA:360,0
DA:362,0
DA:367,1
DA:368,0
DA:369,0
DA:371,0
DA:372,0
DA:373,0
DA:375,0
DA:378,0
DA:379,0
DA:382,0
DA:383,0
DA:386,0
DA:388,0
DA:396,0
DA:401,1
DA:402,0
DA:403,0
DA:406,0
DA:407,0
DA:408,0
DA:410,0
DA:416,0
DA:417,0
DA:419,0
DA:420,0
DA:421,0
DA:422,0
DA:423,0
DA:425,0
DA:429,0
DA:443,0
DA:444,0
DA:445,0
DA:454,0
DA:455,0
DA:456,0
DA:458,0
DA:459,0
DA:462,0
DA:463,0
DA:464,0
DA:465,0
DA:472,0
DA:473,0
DA:475,0
DA:476,0
DA:477,0
DA:478,0
DA:479,0
DA:488,0
DA:489,0
DA:493,0
DA:511,0
DA:512,0
DA:513,0
DA:515,0
DA:519,0
DA:532,0
DA:533,0
DA:535,0
DA:543,0
DA:544,0
DA:552,0
DA:553,0
DA:558,0
DA:562,0
DA:566,1
DA:567,0
DA:568,0
DA:569,0
DA:571,0
DA:572,0
DA:573,0
DA:574,0
DA:577,0
DA:578,0
DA:579,0
DA:581,0
DA:582,0
DA:583,0
DA:584,0
DA:585,0
DA:586,0
DA:588,0
DA:589,0
DA:590,0
DA:594,0
DA:598,0
DA:599,0
DA:600,0
DA:602,0
DA:604,0
DA:605,0
DA:606,0
DA:615,0
DA:616,0
DA:617,0
DA:625,0
DA:626,0
DA:627,0
DA:631,0
DA:633,0
DA:637,0
DA:639,0
DA:640,0
DA:643,0
DA:644,0
DA:645,0
DA:646,0
DA:649,0
DA:652,0
DA:655,0
DA:656,0
DA:658,0
DA:673,0
DA:675,0
DA:683,0
DA:686,0
DA:687,0
DA:688,0
DA:697,0
DA:698,0
DA:699,0
DA:700,0
DA:701,0
DA:703,0
DA:704,0
DA:705,0
DA:714,0
DA:715,0
DA:723,0
DA:726,0
DA:757,0
DA:759,0
DA:760,0
DA:761,0
DA:768,0
DA:769,0
DA:770,0
DA:772,0
DA:775,0
DA:776,0
DA:779,1
DA:780,0
DA:781,0
DA:782,0
DA:785,0
DA:786,0
DA:787,0
DA:806,0
DA:807,0
DA:808,0
DA:820,0
DA:825,0
DA:826,0
DA:827,0
DA:830,0
DA:832,0
DA:836,1
DA:853,1
DA:861,1
DA:862,0
DA:863,0
DA:864,0
DA:866,0
DA:867,0
DA:870,0
DA:871,0
DA:872,0
DA:873,0
DA:876,0
DA:877,0
DA:878,0
DA:880,0
DA:881,0
DA:883,0
DA:886,0
DA:888,0
DA:889,0
DA:890,0
DA:895,0
DA:906,0
DA:907,0
DA:909,0
DA:910,0
DA:911,0
DA:914,0
DA:915,0
DA:916,0
DA:917,0
DA:918,0
DA:921,0
DA:939,0
DA:953,0
DA:955,0
DA:958,0
DA:960,0
DA:964,1
LF:315
LH:74
BRDA:39,0,0,6
BRDA:39,0,1,4
BRDA:60,1,0,6
BRDA:60,1,1,6
BRDA:69,2,0,1
BRDA:69,2,1,0
BRDA:69,2,2,0
BRDA:69,2,3,0
BRDA:72,3,0,0
BRDA:72,3,1,0
BRDA:75,4,0,1
BRDA:75,4,1,0
BRDA:75,4,2,0
BRDA:75,4,3,0
BRDA:77,5,0,1
BRDA:77,5,1,0
BRDA:77,5,2,0
BRDA:77,5,3,0
BRDA:78,6,0,1
BRDA:78,6,1,1
BRDA:78,6,2,1
BRDA:78,7,0,0
BRDA:78,7,1,1
BRDA:78,8,0,1
BRDA:78,8,1,0
BRDA:79,9,0,1
BRDA:79,9,1,0
BRDA:79,9,2,0
BRDA:80,10,0,1
BRDA:80,10,1,1
BRDA:81,11,0,1
BRDA:81,11,1,0
BRDA:81,11,2,0
BRDA:81,11,3,0
BRDA:82,12,0,1
BRDA:82,12,1,0
BRDA:82,12,2,0
BRDA:84,13,0,1
BRDA:84,13,1,0
BRDA:84,13,2,0
BRDA:85,14,0,1
BRDA:85,14,1,0
BRDA:85,14,2,0
BRDA:86,15,0,1
BRDA:86,15,1,1
BRDA:87,16,0,1
BRDA:87,16,1,0
BRDA:87,16,2,0
BRDA:103,17,0,1
BRDA:103,17,1,3
BRDA:107,18,0,1
BRDA:107,18,1,0
BRDA:108,19,0,1
BRDA:108,19,1,1
BRDA:110,20,0,0
BRDA:110,20,1,1
BRDA:110,21,0,0
BRDA:110,21,1,0
BRDA:111,22,0,1
BRDA:111,22,1,1
BRDA:113,23,0,1
BRDA:113,23,1,0
BRDA:121,24,0,0
BRDA:121,24,1,6
BRDA:122,25,0,6
BRDA:122,25,1,6
BRDA:138,26,0,10
BRDA:147,27,0,0
BRDA:147,27,1,10
BRDA:149,28,0,10
BRDA:149,28,1,0
BRDA:162,29,0,6
BRDA:162,29,1,0
BRDA:162,30,0,6
BRDA:162,30,1,6
BRDA:162,30,2,0
BRDA:182,31,0,0
BRDA:182,31,1,2
BRDA:182,32,0,2
BRDA:182,32,1,1
BRDA:186,33,0,1
BRDA:186,33,1,1
BRDA:191,34,0,1
BRDA:191,34,1,0
BRDA:205,35,0,0
BRDA:205,35,1,0
BRDA:211,36,0,0
BRDA:211,36,1,0
BRDA:215,37,0,0
BRDA:215,37,1,0
BRDA:225,38,0,0
BRDA:225,38,1,0
BRDA:225,39,0,0
BRDA:225,39,1,0
BRDA:237,40,0,0
BRDA:237,40,1,0
BRDA:239,41,0,0
BRDA:239,41,1,0
BRDA:239,41,2,0
BRDA:239,41,3,0
BRDA:241,42,0,0
BRDA:241,42,1,0
BRDA:242,43,0,0
BRDA:242,43,1,0
BRDA:244,44,0,0
BRDA:244,44,1,0
BRDA:245,45,0,0
BRDA:245,45,1,0
BRDA:251,46,0,0
BRDA:251,46,1,0
BRDA:258,47,0,0
BRDA:258,47,1,0
BRDA:263,48,0,0
BRDA:263,48,1,0
BRDA:264,49,0,0
BRDA:264,49,1,0
BRDA:279,50,0,0
BRDA:279,50,1,0
BRDA:284,51,0,0
BRDA:284,51,1,0
BRDA:284,51,2,0
BRDA:288,52,0,0
BRDA:288,52,1,0
BRDA:288,52,2,0
BRDA:290,53,0,0
BRDA:290,53,1,0
BRDA:290,53,2,0
BRDA:291,54,0,0
BRDA:291,54,1,0
BRDA:292,55,0,0
BRDA:292,55,1,0
BRDA:293,56,0,0
BRDA:293,56,1,0
BRDA:293,56,2,0
BRDA:295,57,0,0
BRDA:295,57,1,0
BRDA:296,58,0,0
BRDA:296,58,1,0
BRDA:297,59,0,0
BRDA:297,59,1,0
BRDA:301,60,0,0
BRDA:301,60,1,0
BRDA:318,61,0,0
BRDA:318,61,1,0
BRDA:318,62,0,0
BRDA:318,62,1,0
BRDA:349,63,0,0
BRDA:349,63,1,0
BRDA:350,64,0,0
BRDA:350,64,1,0
BRDA:352,65,0,0
BRDA:352,65,1,0
BRDA:355,66,0,0
BRDA:355,66,1,0
BRDA:375,67,0,0
BRDA:375,67,1,0
BRDA:378,68,0,0
BRDA:378,68,1,0
BRDA:379,69,0,0
BRDA:379,69,1,0
BRDA:382,70,0,0
BRDA:382,70,1,0
BRDA:383,71,0,0
BRDA:383,71,1,0
BRDA:386,72,0,0
BRDA:386,72,1,0
BRDA:392,73,0,0
BRDA:392,73,1,0
BRDA:403,74,0,0
BRDA:416,75,0,0
BRDA:416,75,1,0
BRDA:419,76,0,0
BRDA:419,76,1,0
BRDA:420,77,0,0
BRDA:420,77,1,0
BRDA:420,78,0,0
BRDA:420,78,1,0
BRDA:443,79,0,0
BRDA:443,79,1,0
BRDA:458,80,0,0
BRDA:458,80,1,0
BRDA:473,81,0,0
BRDA:473,81,1,0
BRDA:477,82,0,0
BRDA:477,82,1,0
BRDA:488,83,0,0
BRDA:488,83,1,0
BRDA:494,84,0,0
BRDA:494,84,1,0
BRDA:495,85,0,0
BRDA:495,85,1,0
BRDA:498,86,0,0
BRDA:498,86,1,0
BRDA:499,87,0,0
BRDA:499,87,1,0
BRDA:500,88,0,0
BRDA:500,88,1,0
BRDA:501,89,0,0
BRDA:501,89,1,0
BRDA:502,90,0,0
BRDA:502,90,1,0
BRDA:503,91,0,0
BRDA:503,91,1,0
BRDA:506,92,0,0
BRDA:506,92,1,0
BRDA:506,93,0,0
BRDA:506,93,1,0
BRDA:532,94,0,0
BRDA:532,94,1,0
BRDA:553,95,0,0
BRDA:553,95,1,0
BRDA:558,96,0,0
BRDA:558,96,1,0
BRDA:572,97,0,0
BRDA:572,98,0,0
BRDA:573,99,0,0
BRDA:573,99,1,0
BRDA:574,100,0,0
BRDA:574,100,1,0
BRDA:581,101,0,0
BRDA:581,101,1,0
BRDA:581,102,0,0
BRDA:581,102,1,0
BRDA:583,103,0,0
BRDA:583,103,1,0
BRDA:604,104,0,0
BRDA:604,104,1,0
BRDA:604,105,0,0
BRDA:604,105,1,0
BRDA:626,106,0,0
BRDA:626,106,1,0
BRDA:626,107,0,0
BRDA:626,107,1,0
BRDA:626,107,2,0
BRDA:631,108,0,0
BRDA:631,108,1,0
BRDA:633,109,0,0
BRDA:633,109,1,0
BRDA:639,110,0,0
BRDA:639,110,1,0
BRDA:639,111,0,0
BRDA:639,111,1,0
BRDA:639,112,0,0
BRDA:639,112,1,0
BRDA:640,113,0,0
BRDA:640,113,1,0
BRDA:640,114,0,0
BRDA:640,114,1,0
BRDA:643,115,0,0
BRDA:643,115,1,0
BRDA:644,116,0,0
BRDA:644,116,1,0
BRDA:645,117,0,0
BRDA:645,117,1,0
BRDA:649,118,0,0
BRDA:649,118,1,0
BRDA:649,119,0,0
BRDA:649,119,1,0
BRDA:662,120,0,0
BRDA:662,120,1,0
BRDA:673,121,0,0
BRDA:673,121,1,0
BRDA:686,122,0,0
BRDA:686,122,1,0
BRDA:697,123,0,0
BRDA:697,123,1,0
BRDA:699,124,0,0
BRDA:699,124,1,0
BRDA:700,125,0,0
BRDA:700,125,1,0
BRDA:701,126,0,0
BRDA:701,126,1,0
BRDA:703,127,0,0
BRDA:703,127,1,0
BRDA:722,128,0,0
BRDA:722,129,0,0
BRDA:723,130,0,0
BRDA:723,130,1,0
BRDA:757,131,0,0
BRDA:757,131,1,0
BRDA:759,132,0,0
BRDA:759,132,1,0
BRDA:760,133,0,0
BRDA:760,133,1,0
BRDA:781,134,0,0
BRDA:785,135,0,0
BRDA:785,135,1,0
BRDA:785,136,0,0
BRDA:785,136,1,0
BRDA:802,137,0,0
BRDA:802,137,1,0
BRDA:807,138,0,0
BRDA:807,138,1,0
BRDA:807,138,2,0
BRDA:809,139,0,0
BRDA:809,139,1,0
BRDA:809,139,2,0
BRDA:810,140,0,0
BRDA:810,140,1,0
BRDA:810,140,2,0
BRDA:811,141,0,0
BRDA:811,141,1,0
BRDA:812,142,0,0
BRDA:812,142,1,0
BRDA:813,143,0,0
BRDA:813,143,1,0
BRDA:813,143,2,0
BRDA:815,144,0,0
BRDA:815,144,1,0
BRDA:816,145,0,0
BRDA:816,145,1,0
BRDA:817,146,0,0
BRDA:817,146,1,0
BRDA:825,147,0,0
BRDA:825,147,1,0
BRDA:826,148,0,0
BRDA:826,148,1,0
BRDA:864,149,0,0
BRDA:864,149,1,0
BRDA:866,150,0,0
BRDA:866,150,1,0
BRDA:871,151,0,0
BRDA:871,151,1,0
BRDA:871,152,0,0
BRDA:871,152,1,0
BRDA:871,152,2,0
BRDA:880,153,0,0
BRDA:880,153,1,0
BRDA:880,154,0,0
BRDA:880,154,1,0
BRDA:907,155,0,0
BRDA:907,155,1,0
BRDA:909,156,0,0
BRDA:909,156,1,0
BRDA:916,157,0,0
BRDA:916,157,1,0
BRDA:916,158,0,0
BRDA:916,158,1,0
BRDA:923,159,0,0
BRDA:923,159,1,0
BRDA:924,160,0,0
BRDA:924,160,1,0
BRDA:925,161,0,0
BRDA:925,161,1,0
BRDA:926,162,0,0
BRDA:926,162,1,0
BRDA:930,163,0,0
BRDA:930,163,1,0
BRF:348
BRH:46
end_of_record
TN:
SF:controllers\ratingController.js
FN:5,(anonymous_0)
FN:47,(anonymous_1)
FN:57,(anonymous_2)
FNF:3
FNH:0
FNDA:0,(anonymous_0)
FNDA:0,(anonymous_1)
FNDA:0,(anonymous_2)
DA:1,0
DA:2,0
DA:3,0
DA:5,0
DA:6,0
DA:7,0
DA:9,0
DA:10,0
DA:14,0
DA:21,0
DA:22,0
DA:33,0
DA:34,0
DA:41,0
DA:43,0
DA:47,0
DA:48,0
DA:49,0
DA:50,0
DA:51,0
DA:53,0
DA:57,0
DA:58,0
DA:59,0
DA:61,0
DA:72,0
DA:76,0
DA:77,0
DA:87,0
DA:96,0
LF:30
LH:0
BRDA:9,0,0,0
BRDA:9,0,1,0
BRDA:9,1,0,0
BRDA:9,1,1,0
BRDA:9,1,2,0
BRDA:21,2,0,0
BRDA:21,2,1,0
BRDA:33,3,0,0
BRDA:33,3,1,0
BRDA:76,4,0,0
BRDA:76,4,1,0
BRF:11
BRH:0
end_of_record
TN:
SF:controllers\smartPlannerController.js
FN:7,calcValueScore
FN:20,(anonymous_1)
FN:40,(anonymous_2)
FN:49,(anonymous_3)
FN:50,(anonymous_4)
FN:66,(anonymous_5)
FN:70,(anonymous_6)
FN:71,(anonymous_7)
FN:72,(anonymous_8)
FN:73,(anonymous_9)
FN:84,(anonymous_10)
FN:99,(anonymous_11)
FN:102,(anonymous_12)
FN:117,(anonymous_13)
FN:120,(anonymous_14)
FN:135,(anonymous_15)
FN:138,(anonymous_16)
FN:153,(anonymous_17)
FN:201,(anonymous_18)
FN:211,(anonymous_19)
FN:221,_getAlgorithmTip
FN:235,_getFallbackItem
FNF:22
FNH:0
FNDA:0,calcValueScore
FNDA:0,(anonymous_1)
FNDA:0,(anonymous_2)
FNDA:0,(anonymous_3)
FNDA:0,(anonymous_4)
FNDA:0,(anonymous_5)
FNDA:0,(anonymous_6)
FNDA:0,(anonymous_7)
FNDA:0,(anonymous_8)
FNDA:0,(anonymous_9)
FNDA:0,(anonymous_10)
FNDA:0,(anonymous_11)
FNDA:0,(anonymous_12)
FNDA:0,(anonymous_13)
FNDA:0,(anonymous_14)
FNDA:0,(anonymous_15)
FNDA:0,(anonymous_16)
FNDA:0,(anonymous_17)
FNDA:0,(anonymous_18)
FNDA:0,(anonymous_19)
FNDA:0,_getAlgorithmTip
FNDA:0,_getFallbackItem
DA:1,0
DA:2,0
DA:8,0
DA:9,0
DA:10,0
DA:13,0
DA:14,0
DA:15,0
DA:18,0
DA:19,0
DA:20,0
DA:21,0
DA:23,0
DA:27,0
DA:30,0
DA:32,0
DA:40,0
DA:41,0
DA:43,0
DA:45,0
DA:47,0
DA:48,0
DA:49,0
DA:51,0
DA:56,0
DA:58,0
DA:59,0
DA:62,0
DA:63,0
DA:66,0
DA:68,0
DA:70,0
DA:71,0
DA:72,0
DA:73,0
DA:76,0
DA:77,0
DA:79,0
DA:80,0
DA:81,0
DA:84,0
DA:85,0
DA:98,0
DA:99,0
DA:102,0
DA:103,0
DA:116,0
DA:117,0
DA:120,0
DA:121,0
DA:134,0
DA:135,0
DA:138,0
DA:139,0
DA:152,0
DA:153,0
DA:155,0
DA:161,0
DA:165,0
DA:180,0
DA:189,0
DA:191,0
DA:192,0
DA:195,0
DA:196,0
DA:201,0
DA:202,0
DA:203,0
DA:204,0
DA:206,0
DA:211,0
DA:212,0
DA:213,0
DA:214,0
DA:216,0
DA:222,0
DA:232,0
DA:236,0
DA:241,0
LF:79
LH:0
BRDA:7,0,0,0
BRDA:7,1,0,0
BRDA:8,2,0,0
BRDA:8,2,1,0
BRDA:9,3,0,0
BRDA:9,3,1,0
BRDA:9,3,2,0
BRDA:18,4,0,0
BRDA:18,4,1,0
BRDA:19,5,0,0
BRDA:19,5,1,0
BRDA:19,6,0,0
BRDA:19,6,1,0
BRDA:19,7,0,0
BRDA:19,7,1,0
BRDA:23,8,0,0
BRDA:23,8,1,0
BRDA:27,9,0,0
BRDA:27,9,1,0
BRDA:27,10,0,0
BRDA:27,10,1,0
BRDA:30,11,0,0
BRDA:30,11,1,0
BRDA:41,12,0,0
BRDA:58,13,0,0
BRDA:58,13,1,0
BRDA:58,14,0,0
BRDA:58,14,1,0
BRDA:70,15,0,0
BRDA:70,15,1,0
BRDA:71,16,0,0
BRDA:71,16,1,0
BRDA:72,17,0,0
BRDA:72,17,1,0
BRDA:73,18,0,0
BRDA:73,18,1,0
BRDA:84,19,0,0
BRDA:84,19,1,0
BRDA:84,19,2,0
BRDA:89,20,0,0
BRDA:89,20,1,0
BRDA:98,21,0,0
BRDA:98,21,1,0
BRDA:102,22,0,0
BRDA:102,22,1,0
BRDA:102,22,2,0
BRDA:107,23,0,0
BRDA:107,23,1,0
BRDA:116,24,0,0
BRDA:116,24,1,0
BRDA:120,25,0,0
BRDA:120,25,1,0
BRDA:120,25,2,0
BRDA:125,26,0,0
BRDA:125,26,1,0
BRDA:134,27,0,0
BRDA:134,27,1,0
BRDA:138,28,0,0
BRDA:138,28,1,0
BRDA:138,28,2,0
BRDA:143,29,0,0
BRDA:143,29,1,0
BRDA:152,30,0,0
BRDA:152,30,1,0
BRDA:171,31,0,0
BRDA:171,31,1,0
BRDA:232,32,0,0
BRDA:232,32,1,0
BRF:68
BRH:0
end_of_record
TN:
SF:controllers\transportController.js
FN:18,normalizeCity
FN:32,getRecommended
FN:91,_buildTrainOptions
FN:114,_buildBusOptions
FN:115,(anonymous_4)
FN:130,_buildCarOptions
FN:132,(anonymous_6)
FN:160,(anonymous_7)
FN:189,(anonymous_8)
FN:197,(anonymous_9)
FN:198,(anonymous_10)
FN:215,(anonymous_11)
FN:239,(anonymous_12)
FN:248,(anonymous_13)
FN:260,(anonymous_14)
FN:272,(anonymous_15)
FN:284,(anonymous_16)
FN:300,(anonymous_17)
FN:312,(anonymous_18)
FN:329,searchTransport
FN:344,(anonymous_20)
FN:347,(anonymous_21)
FN:356,(anonymous_22)
FN:359,(anonymous_23)
FN:370,(anonymous_24)
FNF:25
FNH:0
FNDA:0,normalizeCity
FNDA:0,getRecommended
FNDA:0,_buildTrainOptions
FNDA:0,_buildBusOptions
FNDA:0,(anonymous_4)
FNDA:0,_buildCarOptions
FNDA:0,(anonymous_6)
FNDA:0,(anonymous_7)
FNDA:0,(anonymous_8)
FNDA:0,(anonymous_9)
FNDA:0,(anonymous_10)
FNDA:0,(anonymous_11)
FNDA:0,(anonymous_12)
FNDA:0,(anonymous_13)
FNDA:0,(anonymous_14)
FNDA:0,(anonymous_15)
FNDA:0,(anonymous_16)
FNDA:0,(anonymous_17)
FNDA:0,(anonymous_18)
FNDA:0,searchTransport
FNDA:0,(anonymous_20)
FNDA:0,(anonymous_21)
FNDA:0,(anonymous_22)
FNDA:0,(anonymous_23)
FNDA:0,(anonymous_24)
DA:11,0
DA:12,0
DA:13,0
DA:14,0
DA:19,0
DA:20,0
DA:33,0
DA:34,0
DA:35,0
DA:36,0
DA:41,0
DA:60,0
DA:83,0
DA:92,0
DA:93,0
DA:94,0
DA:95,0
DA:111,0
DA:115,0
DA:131,0
DA:132,0
DA:133,0
DA:134,0
DA:135,0
DA:160,0
DA:161,0
DA:168,0
DA:170,0
DA:171,0
DA:174,0
DA:175,0
DA:176,0
DA:177,0
DA:178,0
DA:179,0
DA:182,0
DA:189,0
DA:190,0
DA:191,0
DA:192,0
DA:195,0
DA:197,0
DA:198,0
DA:203,0
DA:204,0
DA:206,0
DA:209,0
DA:210,0
DA:218,0
DA:229,0
DA:230,0
DA:239,0
DA:240,0
DA:241,0
DA:248,0
DA:249,0
DA:250,0
DA:251,0
DA:252,0
DA:255,0
DA:256,0
DA:258,0
DA:260,0
DA:263,0
DA:264,0
DA:272,0
DA:273,0
DA:274,0
DA:275,0
DA:276,0
DA:279,0
DA:280,0
DA:281,0
DA:284,0
DA:289,0
DA:291,0
DA:292,0
DA:300,0
DA:301,0
DA:302,0
DA:303,0
DA:304,0
DA:307,0
DA:308,0
DA:309,0
DA:312,0
DA:317,0
DA:319,0
DA:320,0
DA:329,0
DA:330,0
DA:331,0
DA:333,0
DA:334,0
DA:337,0
DA:338,0
DA:339,0
DA:342,0
DA:343,0
DA:344,0
DA:345,0
DA:347,0
DA:349,0
DA:354,0
DA:355,0
DA:356,0
DA:357,0
DA:359,0
DA:361,0
DA:366,0
DA:367,0
DA:368,0
DA:369,0
DA:370,0
DA:372,0
DA:377,0
DA:378,0
DA:382,0
DA:383,0
DA:384,0
DA:386,0
DA:395,0
DA:398,0
DA:400,0
LF:124
LH:0
BRDA:18,0,0,0
BRDA:19,1,0,0
BRDA:19,1,1,0
BRDA:19,2,0,0
BRDA:19,2,1,0
BRDA:33,3,0,0
BRDA:33,3,1,0
BRDA:34,4,0,0
BRDA:34,4,1,0
BRDA:35,5,0,0
BRDA:35,5,1,0
BRDA:92,6,0,0
BRDA:92,6,1,0
BRDA:134,7,0,0
BRDA:134,7,1,0
BRDA:142,8,0,0
BRDA:142,8,1,0
BRDA:164,9,0,0
BRDA:165,10,0,0
BRDA:166,11,0,0
BRDA:170,12,0,0
BRDA:170,12,1,0
BRDA:170,13,0,0
BRDA:170,13,1,0
BRDA:174,14,0,0
BRDA:174,14,1,0
BRDA:175,15,0,0
BRDA:175,15,1,0
BRDA:176,16,0,0
BRDA:176,16,1,0
BRDA:177,17,0,0
BRDA:177,17,1,0
BRDA:178,18,0,0
BRDA:178,18,1,0
BRDA:179,19,0,0
BRDA:179,19,1,0
BRDA:189,20,0,0
BRDA:189,20,1,0
BRDA:206,21,0,0
BRDA:206,21,1,0
BRDA:209,22,0,0
BRDA:209,22,1,0
BRDA:250,23,0,0
BRDA:251,24,0,0
BRDA:251,24,1,0
BRDA:251,25,0,0
BRDA:251,25,1,0
BRDA:255,26,0,0
BRDA:255,26,1,0
BRDA:256,27,0,0
BRDA:256,27,1,0
BRDA:274,28,0,0
BRDA:275,29,0,0
BRDA:275,29,1,0
BRDA:275,30,0,0
BRDA:275,30,1,0
BRDA:280,31,0,0
BRDA:280,31,1,0
BRDA:286,32,0,0
BRDA:286,32,1,0
BRDA:302,33,0,0
BRDA:303,34,0,0
BRDA:303,34,1,0
BRDA:303,35,0,0
BRDA:303,35,1,0
BRDA:308,36,0,0
BRDA:308,36,1,0
BRDA:314,37,0,0
BRDA:314,37,1,0
BRDA:331,38,0,0
BRDA:331,39,0,0
BRDA:333,40,0,0
BRDA:333,40,1,0
BRDA:342,41,0,0
BRDA:342,41,1,0
BRDA:342,42,0,0
BRDA:342,42,1,0
BRDA:345,43,0,0
BRDA:345,43,1,0
BRDA:345,43,2,0
BRDA:345,43,3,0
BRDA:354,44,0,0
BRDA:354,44,1,0
BRDA:354,45,0,0
BRDA:354,45,1,0
BRDA:357,46,0,0
BRDA:357,46,1,0
BRDA:357,46,2,0
BRDA:357,46,3,0
BRDA:366,47,0,0
BRDA:366,47,1,0
BRDA:366,48,0,0
BRDA:366,48,1,0
BRDA:368,49,0,0
BRDA:368,49,1,0
BRDA:370,50,0,0
BRDA:370,50,1,0
BRDA:377,51,0,0
BRDA:377,51,1,0
BRDA:377,52,0,0
BRDA:377,52,1,0
BRDA:382,53,0,0
BRDA:382,53,1,0
BRDA:383,54,0,0
BRDA:383,54,1,0
BRDA:384,55,0,0
BRDA:384,55,1,0
BRDA:384,55,2,0
BRDA:407,56,0,0
BRDA:407,56,1,0
BRDA:408,57,0,0
BRDA:408,57,1,0
BRF:112
BRH:0
end_of_record
TN:
SF:controllers\tripAnalysisController.js
FN:10,(anonymous_0)
FN:32,(anonymous_1)
FN:35,(anonymous_2)
FN:36,(anonymous_3)
FN:40,(anonymous_4)
FN:44,(anonymous_5)
FN:45,(anonymous_6)
FN:48,(anonymous_7)
FN:52,(anonymous_8)
FN:60,(anonymous_9)
FN:63,(anonymous_10)
FN:64,(anonymous_11)
FN:67,(anonymous_12)
FN:73,(anonymous_13)
FN:81,(anonymous_14)
FN:94,(anonymous_15)
FN:97,(anonymous_16)
FN:101,(anonymous_17)
FN:110,(anonymous_18)
FN:111,(anonymous_19)
FN:133,calcValueScore
FN:144,(anonymous_21)
FN:158,(anonymous_22)
FN:163,(anonymous_23)
FN:183,(anonymous_24)
FN:184,(anonymous_25)
FN:192,(anonymous_26)
FN:212,(anonymous_27)
FNF:28
FNH:0
FNDA:0,(anonymous_0)
FNDA:0,(anonymous_1)
FNDA:0,(anonymous_2)
FNDA:0,(anonymous_3)
FNDA:0,(anonymous_4)
FNDA:0,(anonymous_5)
FNDA:0,(anonymous_6)
FNDA:0,(anonymous_7)
FNDA:0,(anonymous_8)
FNDA:0,(anonymous_9)
FNDA:0,(anonymous_10)
FNDA:0,(anonymous_11)
FNDA:0,(anonymous_12)
FNDA:0,(anonymous_13)
FNDA:0,(anonymous_14)
FNDA:0,(anonymous_15)
FNDA:0,(anonymous_16)
FNDA:0,(anonymous_17)
FNDA:0,(anonymous_18)
FNDA:0,(anonymous_19)
FNDA:0,calcValueScore
FNDA:0,(anonymous_21)
FNDA:0,(anonymous_22)
FNDA:0,(anonymous_23)
FNDA:0,(anonymous_24)
FNDA:0,(anonymous_25)
FNDA:0,(anonymous_26)
FNDA:0,(anonymous_27)
DA:1,0
DA:2,0
DA:3,0
DA:10,0
DA:11,0
DA:12,0
DA:13,0
DA:16,0
DA:18,0
DA:19,0
DA:32,0
DA:33,0
DA:35,0
DA:36,0
DA:39,0
DA:40,0
DA:44,0
DA:45,0
DA:47,0
DA:48,0
DA:51,0
DA:52,0
DA:55,0
DA:58,0
DA:59,0
DA:60,0
DA:62,0
DA:63,0
DA:64,0
DA:65,0
DA:67,0
DA:70,0
DA:73,0
DA:74,0
DA:75,0
DA:76,0
DA:80,0
DA:82,0
DA:86,0
DA:90,0
DA:93,0
DA:94,0
DA:95,0
DA:96,0
DA:97,0
DA:98,0
DA:99,0
DA:101,0
DA:102,0
DA:110,0
DA:111,0
DA:113,0
DA:128,0
DA:129,0
DA:134,0
DA:135,0
DA:136,0
DA:144,0
DA:145,0
DA:146,0
DA:147,0
DA:149,0
DA:151,0
DA:152,0
DA:155,0
DA:158,0
DA:159,0
DA:160,0
DA:163,0
DA:164,0
DA:165,0
DA:176,0
DA:180,0
DA:181,0
DA:183,0
DA:184,0
DA:186,0
DA:187,0
DA:188,0
DA:189,0
DA:190,0
DA:192,0
DA:193,0
DA:195,0
DA:196,0
DA:198,0
DA:199,0
DA:201,0
DA:202,0
DA:205,0
DA:206,0
DA:208,0
DA:212,0
DA:214,0
DA:224,0
DA:227,0
DA:228,0
LF:97
LH:0
BRDA:13,0,0,0
BRDA:13,0,1,0
BRDA:18,1,0,0
BRDA:18,1,1,0
BRDA:33,2,0,0
BRDA:33,2,1,0
BRDA:33,2,2,0
BRDA:40,3,0,0
BRDA:40,3,1,0
BRDA:44,4,0,0
BRDA:44,4,1,0
BRDA:45,5,0,0
BRDA:45,5,1,0
BRDA:47,6,0,0
BRDA:47,6,1,0
BRDA:48,7,0,0
BRDA:48,7,1,0
BRDA:51,8,0,0
BRDA:51,8,1,0
BRDA:52,9,0,0
BRDA:52,9,1,0
BRDA:60,10,0,0
BRDA:60,10,1,0
BRDA:62,11,0,0
BRDA:62,11,1,0
BRDA:65,12,0,0
BRDA:65,12,1,0
BRDA:65,12,2,0
BRDA:65,13,0,0
BRDA:65,13,1,0
BRDA:66,14,0,0
BRDA:66,14,1,0
BRDA:67,15,0,0
BRDA:67,15,1,0
BRDA:80,16,0,0
BRDA:80,16,1,0
BRDA:82,17,0,0
BRDA:82,17,1,0
BRDA:83,18,0,0
BRDA:83,18,1,0
BRDA:84,19,0,0
BRDA:84,19,1,0
BRDA:85,20,0,0
BRDA:85,20,1,0
BRDA:98,21,0,0
BRDA:98,21,1,0
BRDA:99,22,0,0
BRDA:99,22,1,0
BRDA:101,23,0,0
BRDA:101,23,1,0
BRDA:134,24,0,0
BRDA:134,24,1,0
BRDA:135,25,0,0
BRDA:135,25,1,0
BRDA:147,26,0,0
BRDA:147,26,1,0
BRDA:151,27,0,0
BRDA:151,27,1,0
BRDA:159,28,0,0
BRDA:159,28,1,0
BRDA:160,29,0,0
BRDA:160,29,1,0
BRDA:164,30,0,0
BRDA:164,30,1,0
BRDA:167,31,0,0
BRDA:167,31,1,0
BRDA:168,32,0,0
BRDA:168,32,1,0
BRDA:169,33,0,0
BRDA:169,33,1,0
BRDA:170,34,0,0
BRDA:170,34,1,0
BRDA:171,35,0,0
BRDA:171,35,1,0
BRDA:172,36,0,0
BRDA:172,36,1,0
BRDA:173,37,0,0
BRDA:173,37,1,0
BRDA:181,38,0,0
BRDA:181,38,1,0
BRDA:195,39,0,0
BRDA:195,39,1,0
BRDA:195,40,0,0
BRDA:195,40,1,0
BRDA:198,41,0,0
BRDA:198,41,1,0
BRDA:198,42,0,0
BRDA:198,42,1,0
BRDA:201,43,0,0
BRDA:201,43,1,0
BRDA:201,44,0,0
BRDA:201,44,1,0
BRF:92
BRH:0
end_of_record
TN:
SF:controllers\tripController.js
FN:10,(anonymous_0)
FN:17,(anonymous_1)
FN:108,(anonymous_2)
FN:135,(anonymous_3)
FN:163,(anonymous_4)
FN:177,(anonymous_5)
FN:178,(anonymous_6)
FNF:7
FNH:5
FNDA:3,(anonymous_0)
FNDA:5,(anonymous_1)
FNDA:15,(anonymous_2)
FNDA:8,(anonymous_3)
FNDA:6,(anonymous_4)
FNDA:0,(anonymous_5)
FNDA:0,(anonymous_6)
DA:1,1
DA:2,1
DA:3,1
DA:5,1
DA:6,1
DA:7,1
DA:10,3
DA:17,1
DA:18,5
DA:19,5
DA:20,5
DA:22,5
DA:23,5
DA:24,5
DA:25,5
DA:26,5
DA:28,5
DA:34,5
DA:35,5
DA:36,5
DA:40,5
DA:41,5
DA:42,0
DA:45,0
DA:49,5
DA:65,5
DA:69,5
DA:73,5
DA:78,5
DA:86,5
DA:88,5
DA:89,5
DA:90,5
DA:92,5
DA:93,5
DA:94,3
DA:97,2
DA:100,0
DA:104,5
DA:108,15
DA:116,5
DA:129,0
DA:130,0
DA:135,1
DA:136,8
DA:137,8
DA:139,8
DA:140,3
DA:143,5
DA:146,5
DA:147,5
DA:149,5
DA:150,1
DA:153,4
DA:154,4
DA:156,4
DA:158,6
DA:159,6
DA:160,6
DA:163,6
DA:164,6
DA:167,6
DA:168,18
DA:169,12
DA:170,12
DA:175,6
DA:176,0
DA:177,0
DA:178,0
DA:179,0
DA:180,0
DA:185,6
DA:187,6
DA:195,4
DA:196,0
DA:208,4
DA:219,0
DA:220,0
LF:78
LH:65
BRDA:5,0,0,1
BRDA:5,0,1,1
BRDA:11,1,0,3
BRDA:11,1,1,0
BRDA:11,1,2,0
BRDA:12,2,0,3
BRDA:12,2,1,0
BRDA:12,2,2,0
BRDA:12,2,3,0
BRDA:13,3,0,3
BRDA:13,3,1,0
BRDA:13,3,2,0
BRDA:14,4,0,3
BRDA:14,4,1,3
BRDA:14,4,2,0
BRDA:14,4,3,0
BRDA:20,5,0,0
BRDA:20,5,1,5
BRDA:23,6,0,5
BRDA:23,6,1,1
BRDA:24,7,0,5
BRDA:24,7,1,3
BRDA:25,8,0,5
BRDA:25,8,1,3
BRDA:26,9,0,5
BRDA:26,9,1,4
BRDA:41,10,0,0
BRDA:41,10,1,5
BRDA:41,11,0,5
BRDA:41,11,1,0
BRDA:65,12,0,5
BRDA:65,12,1,0
BRDA:66,13,0,5
BRDA:66,13,1,4
BRDA:69,14,0,5
BRDA:69,14,1,0
BRDA:70,15,0,5
BRDA:70,15,1,4
BRDA:73,16,0,5
BRDA:73,16,1,0
BRDA:74,17,0,5
BRDA:74,17,1,4
BRDA:93,18,0,3
BRDA:93,18,1,2
BRDA:139,19,0,3
BRDA:139,19,1,5
BRDA:139,20,0,8
BRDA:139,20,1,7
BRDA:139,20,2,6
BRDA:149,21,0,1
BRDA:149,21,1,4
BRDA:149,22,0,5
BRDA:149,22,1,4
BRDA:163,23,0,6
BRDA:163,23,1,0
BRDA:168,24,0,12
BRDA:168,24,1,6
BRDA:168,25,0,18
BRDA:168,25,1,12
BRDA:175,26,0,0
BRDA:175,26,1,6
BRDA:178,27,0,0
BRDA:178,27,1,0
BRDA:195,28,0,0
BRDA:195,28,1,4
BRF:65
BRH:45
end_of_record
TN:
SF:controllers\userController.js
FN:5,(anonymous_0)
FN:15,(anonymous_1)
FN:25,(anonymous_2)
FN:40,(anonymous_3)
FN:54,(anonymous_4)
FN:71,(anonymous_5)
FN:96,(anonymous_6)
FN:132,(anonymous_7)
FN:157,(anonymous_8)
FN:181,(anonymous_9)
FN:201,(anonymous_10)
FN:248,(anonymous_11)
FN:289,(anonymous_12)
FNF:13
FNH:0
FNDA:0,(anonymous_0)
FNDA:0,(anonymous_1)
FNDA:0,(anonymous_2)
FNDA:0,(anonymous_3)
FNDA:0,(anonymous_4)
FNDA:0,(anonymous_5)
FNDA:0,(anonymous_6)
FNDA:0,(anonymous_7)
FNDA:0,(anonymous_8)
FNDA:0,(anonymous_9)
FNDA:0,(anonymous_10)
FNDA:0,(anonymous_11)
FNDA:0,(anonymous_12)
DA:1,0
DA:2,0
DA:5,0
DA:6,0
DA:7,0
DA:8,0
DA:9,0
DA:11,0
DA:15,0
DA:16,0
DA:17,0
DA:18,0
DA:19,0
DA:21,0
DA:25,0
DA:26,0
DA:27,0
DA:28,0
DA:33,0
DA:34,0
DA:36,0
DA:40,0
DA:41,0
DA:42,0
DA:43,0
DA:48,0
DA:50,0
DA:54,0
DA:55,0
DA:56,0
DA:57,0
DA:63,0
DA:65,0
DA:67,0
DA:71,0
DA:72,0
DA:73,0
DA:75,0
DA:77,0
DA:78,0
DA:88,0
DA:90,0
DA:92,0
DA:96,0
DA:97,0
DA:98,0
DA:99,0
DA:100,0
DA:101,0
DA:102,0
DA:103,0
DA:106,0
DA:107,0
DA:108,0
DA:109,0
DA:111,0
DA:119,0
DA:126,0
DA:128,0
DA:132,0
DA:133,0
DA:134,0
DA:135,0
DA:137,0
DA:139,0
DA:140,0
DA:141,0
DA:142,0
DA:144,0
DA:146,0
DA:157,0
DA:158,0
DA:159,0
DA:160,0
DA:162,0
DA:165,0
DA:171,0
DA:173,0
DA:174,0
DA:176,0
DA:181,0
DA:182,0
DA:183,0
DA:185,0
DA:191,0
DA:193,0
DA:194,0
DA:196,0
DA:201,0
DA:202,0
DA:203,0
DA:204,0
DA:205,0
DA:207,0
DA:208,0
DA:210,0
DA:211,0
DA:215,0
DA:216,0
DA:217,0
DA:220,0
DA:221,0
DA:222,0
DA:223,0
DA:224,0
DA:227,0
DA:230,0
DA:241,0
DA:248,0
DA:249,0
DA:251,0
DA:252,0
DA:253,0
DA:254,0
DA:259,0
DA:275,0
DA:276,0
DA:277,0
DA:289,0
DA:290,0
DA:293,0
DA:294,0
LF:122
LH:0
BRDA:8,0,0,0
BRDA:8,0,1,0
BRDA:18,1,0,0
BRDA:18,1,1,0
BRDA:19,2,0,0
BRDA:19,2,1,0
BRDA:33,3,0,0
BRDA:33,3,1,0
BRDA:63,4,0,0
BRDA:63,4,1,0
BRDA:77,5,0,0
BRDA:77,5,1,0
BRDA:80,6,0,0
BRDA:80,6,1,0
BRDA:81,7,0,0
BRDA:81,7,1,0
BRDA:82,8,0,0
BRDA:82,8,1,0
BRDA:101,9,0,0
BRDA:101,9,1,0
BRDA:137,10,0,0
BRDA:137,10,1,0
BRDA:162,11,0,0
BRDA:162,11,1,0
BRDA:171,12,0,0
BRDA:171,12,1,0
BRDA:191,13,0,0
BRDA:191,13,1,0
BRDA:205,14,0,0
BRDA:205,14,1,0
BRDA:207,15,0,0
BRDA:207,15,1,0
BRDA:210,16,0,0
BRDA:210,16,1,0
BRDA:222,17,0,0
BRDA:222,17,1,0
BRDA:223,18,0,0
BRDA:223,18,1,0
BRDA:223,18,2,0
BRDA:224,19,0,0
BRDA:224,19,1,0
BRDA:251,20,0,0
BRDA:251,20,1,0
BRDA:252,21,0,0
BRDA:252,21,1,0
BRDA:253,22,0,0
BRDA:253,22,1,0
BRDA:253,22,2,0
BRDA:254,23,0,0
BRDA:254,23,1,0
BRDA:254,23,2,0
BRDA:254,23,3,0
BRDA:261,24,0,0
BRDA:261,24,1,0
BRDA:263,25,0,0
BRDA:263,25,1,0
BRDA:263,25,2,0
BRDA:265,26,0,0
BRDA:265,26,1,0
BRDA:266,27,0,0
BRDA:266,27,1,0
BRDA:267,28,0,0
BRDA:267,28,1,0
BRDA:268,29,0,0
BRDA:268,29,1,0
BRF:65
BRH:0
end_of_record
TN:
SF:controllers\userPlaceController.js
FN:6,(anonymous_0)
FN:59,(anonymous_1)
FN:72,(anonymous_2)
FN:86,(anonymous_3)
FN:95,(anonymous_4)
FN:124,(anonymous_5)
FN:165,(anonymous_6)
FN:179,(anonymous_7)
FNF:8
FNH:0
FNDA:0,(anonymous_0)
FNDA:0,(anonymous_1)
FNDA:0,(anonymous_2)
FNDA:0,(anonymous_3)
FNDA:0,(anonymous_4)
FNDA:0,(anonymous_5)
FNDA:0,(anonymous_6)
FNDA:0,(anonymous_7)
DA:1,0
DA:2,0
DA:3,0
DA:6,0
DA:7,0
DA:8,0
DA:9,0
DA:16,0
DA:18,0
DA:19,0
DA:25,0
DA:45,0
DA:46,0
DA:47,0
DA:53,0
DA:54,0
DA:59,0
DA:60,0
DA:61,0
DA:64,0
DA:66,0
DA:67,0
DA:72,0
DA:73,0
DA:74,0
DA:77,0
DA:79,0
DA:80,0
DA:86,0
DA:87,0
DA:88,0
DA:90,0
DA:95,0
DA:96,0
DA:97,0
DA:101,0
DA:111,0
DA:115,0
DA:116,0
DA:118,0
DA:124,0
DA:125,0
DA:126,0
DA:127,0
DA:129,0
DA:130,0
DA:133,0
DA:139,0
DA:142,0
DA:143,0
DA:144,0
DA:154,0
DA:157,0
DA:158,0
DA:160,0
DA:165,0
DA:166,0
DA:167,0
DA:168,0
DA:169,0
DA:171,0
DA:173,0
DA:174,0
DA:179,0
DA:180,0
DA:181,0
DA:182,0
DA:183,0
DA:185,0
DA:190,0
DA:191,0
DA:193,0
DA:195,0
DA:196,0
LF:74
LH:0
BRDA:9,0,0,0
BRDA:9,0,1,0
BRDA:18,1,0,0
BRDA:18,1,1,0
BRDA:18,2,0,0
BRDA:18,2,1,0
BRDA:18,2,2,0
BRDA:18,2,3,0
BRDA:18,2,4,0
BRDA:27,3,0,0
BRDA:27,3,1,0
BRDA:31,4,0,0
BRDA:31,4,1,0
BRDA:32,5,0,0
BRDA:32,5,1,0
BRDA:34,6,0,0
BRDA:34,6,1,0
BRDA:35,7,0,0
BRDA:35,7,1,0
BRDA:36,8,0,0
BRDA:36,8,1,0
BRDA:37,9,0,0
BRDA:37,9,1,0
BRDA:38,10,0,0
BRDA:38,10,1,0
BRDA:39,11,0,0
BRDA:39,11,1,0
BRDA:40,12,0,0
BRDA:40,12,1,0
BRDA:40,12,2,0
BRDA:104,13,0,0
BRDA:104,13,1,0
BRDA:105,14,0,0
BRDA:105,14,1,0
BRDA:106,15,0,0
BRDA:106,15,1,0
BRDA:129,16,0,0
BRDA:129,16,1,0
BRDA:139,17,0,0
BRDA:139,17,1,0
BRDA:168,18,0,0
BRDA:168,18,1,0
BRDA:182,19,0,0
BRDA:182,19,1,0
BRDA:190,20,0,0
BRDA:190,20,1,0
BRF:46
BRH:0
end_of_record
TN:
SF:controllers\walletController.js
FN:9,(anonymous_0)
FN:54,(anonymous_1)
FN:80,(anonymous_2)
FN:145,(anonymous_3)
FN:164,(anonymous_4)
FN:177,(anonymous_5)
FNF:6
FNH:5
FNDA:6,(anonymous_0)
FNDA:4,(anonymous_1)
FNDA:4,(anonymous_2)
FNDA:2,(anonymous_3)
FNDA:0,(anonymous_4)
FNDA:3,(anonymous_5)
DA:1,1
DA:2,1
DA:3,1
DA:4,1
DA:9,1
DA:10,6
DA:11,6
DA:12,6
DA:13,6
DA:15,6
DA:17,6
DA:18,5
DA:21,3
DA:22,3
DA:23,1
DA:26,2
DA:37,2
DA:39,2
DA:42,2
DA:44,2
DA:46,0
DA:47,0
DA:54,1
DA:55,4
DA:56,4
DA:57,4
DA:59,4
DA:61,4
DA:62,3
DA:64,2
DA:66,2
DA:67,1
DA:70,1
DA:72,0
DA:73,0
DA:80,1
DA:81,4
DA:82,4
DA:83,4
DA:84,4
DA:86,4
DA:88,4
DA:89,3
DA:92,3
DA:93,3
DA:94,1
DA:101,2
DA:102,2
DA:104,2
DA:105,1
DA:112,1
DA:123,1
DA:125,1
DA:128,1
DA:130,1
DA:137,0
DA:138,0
DA:145,1
DA:146,2
DA:147,2
DA:148,2
DA:150,1
DA:152,1
DA:154,1
DA:156,0
DA:157,0
DA:164,1
DA:165,0
DA:166,0
DA:167,0
DA:168,0
DA:170,0
DA:177,1
DA:178,3
DA:179,3
DA:180,3
DA:181,3
DA:183,3
DA:185,2
DA:187,2
DA:188,1
DA:191,1
DA:193,0
DA:194,0
LF:84
LH:69
BRDA:11,0,0,6
BRDA:11,0,1,2
BRDA:11,0,2,1
BRDA:13,1,0,6
BRDA:13,1,1,6
BRDA:17,2,0,1
BRDA:17,2,1,5
BRDA:18,3,0,2
BRDA:18,3,1,3
BRDA:18,4,0,5
BRDA:18,4,1,5
BRDA:22,5,0,1
BRDA:22,5,1,2
BRDA:56,6,0,4
BRDA:56,6,1,1
BRDA:56,6,2,1
BRDA:61,7,0,1
BRDA:61,7,1,3
BRDA:62,8,0,1
BRDA:62,8,1,2
BRDA:62,9,0,3
BRDA:62,9,1,2
BRDA:66,10,0,1
BRDA:66,10,1,1
BRDA:82,11,0,4
BRDA:82,11,1,1
BRDA:82,11,2,1
BRDA:84,12,0,4
BRDA:84,12,1,4
BRDA:88,13,0,1
BRDA:88,13,1,3
BRDA:89,14,0,0
BRDA:89,14,1,3
BRDA:89,15,0,3
BRDA:89,15,1,3
BRDA:93,16,0,1
BRDA:93,16,1,2
BRDA:104,17,0,1
BRDA:104,17,1,1
BRDA:147,18,0,2
BRDA:147,18,1,1
BRDA:147,18,2,1
BRDA:148,19,0,1
BRDA:148,19,1,1
BRDA:181,20,0,3
BRDA:181,20,1,3
BRDA:183,21,0,1
BRDA:183,21,1,2
BRDA:185,22,0,2
BRDA:185,22,1,0
BRDA:187,23,0,1
BRDA:187,23,1,1
BRF:52
BRH:50
end_of_record
TN:
SF:services\attractionService.js
FN:8,(anonymous_0)
FN:33,(anonymous_1)
FNF:2
FNH:0
FNDA:0,(anonymous_0)
FNDA:0,(anonymous_1)
DA:1,0
DA:8,0
DA:9,0
DA:10,0
DA:11,0
DA:12,0
DA:13,0
DA:16,0
DA:17,0
DA:19,0
DA:29,0
DA:30,0
DA:33,0
DA:49,0
DA:50,0
LF:15
LH:0
BRDA:11,0,0,0
BRDA:11,0,1,0
BRDA:30,1,0,0
BRDA:30,1,1,0
BRDA:34,2,0,0
BRDA:34,2,1,0
BRDA:36,3,0,0
BRDA:36,3,1,0
BRDA:37,4,0,0
BRDA:37,4,1,0
BRDA:38,5,0,0
BRDA:38,5,1,0
BRDA:39,6,0,0
BRDA:39,6,1,0
BRDA:40,7,0,0
BRDA:40,7,1,0
BRDA:41,8,0,0
BRDA:41,8,1,0
BRDA:42,9,0,0
BRDA:42,9,1,0
BRF:20
BRH:0
end_of_record
TN:
SF:services\check_models.js
FN:4,listModels
FN:12,(anonymous_1)
FNF:2
FNH:0
FNDA:0,listModels
FNDA:0,(anonymous_1)
DA:1,0
DA:2,0
DA:5,0
DA:7,0
DA:9,0
DA:10,0
DA:11,0
DA:12,0
DA:13,0
DA:16,0
DA:20,0
LF:11
LH:0
BRDA:16,0,0,0
BRDA:16,0,1,0
BRF:2
BRH:0
end_of_record
TN:
SF:services\emailService.js
FN:18,(anonymous_0)
FNF:1
FNH:0
FNDA:0,(anonymous_0)
DA:1,0
DA:2,0
DA:5,0
DA:18,0
DA:19,0
DA:20,0
DA:22,0
DA:48,0
DA:49,0
DA:50,0
DA:52,0
DA:53,0
DA:57,0
LF:13
LH:0
BRDA:8,0,0,0
BRDA:8,0,1,0
BRDA:9,1,0,0
BRDA:9,1,1,0
BRDA:20,2,0,0
BRDA:20,2,1,0
BRDA:23,3,0,0
BRDA:23,3,1,0
BRDA:30,4,0,0
BRDA:30,4,1,0
BRDA:38,5,0,0
BRDA:38,5,1,0
BRF:12
BRH:0
end_of_record
TN:
SF:services\googleHotelsService.js
FN:8,(anonymous_0)
FNF:1
FNH:0
FNDA:0,(anonymous_0)
DA:1,0
DA:8,0
DA:9,0
DA:10,0
DA:11,0
DA:12,0
DA:13,0
DA:16,0
DA:20,0
DA:30,0
DA:38,0
DA:48,0
DA:49,0
DA:52,0
DA:53,0
LF:15
LH:0
BRDA:11,0,0,0
BRDA:11,0,1,0
BRDA:49,1,0,0
BRDA:49,1,1,0
BRF:4
BRH:0
end_of_record
TN:
SF:services\googlePlacesService.js
FN:8,searchNearbyPlaces
FN:60,(anonymous_1)
FN:87,_inferCategory
FN:98,_getPlaceholderImage
FNF:4
FNH:0
FNDA:0,searchNearbyPlaces
FNDA:0,(anonymous_1)
FNDA:0,_inferCategory
FNDA:0,_getPlaceholderImage
DA:1,0
DA:9,0
DA:12,0
DA:13,0
DA:14,0
DA:16,0
DA:18,0
DA:21,0
DA:22,0
DA:23,0
DA:24,0
DA:25,0
DA:26,0
DA:27,0
DA:28,0
DA:29,0
DA:32,0
DA:35,0
DA:46,0
DA:47,0
DA:49,0
DA:57,0
DA:58,0
DA:60,0
DA:78,0
DA:79,0
DA:80,0
DA:88,0
DA:89,0
DA:90,0
DA:91,0
DA:92,0
DA:99,0
DA:106,0
DA:109,0
LF:35
LH:0
BRDA:12,0,0,0
BRDA:12,0,1,0
BRDA:12,1,0,0
BRDA:12,1,1,0
BRDA:13,2,0,0
BRDA:13,2,1,0
BRDA:22,3,0,0
BRDA:22,3,1,0
BRDA:24,4,0,0
BRDA:24,4,1,0
BRDA:26,5,0,0
BRDA:26,5,1,0
BRDA:28,6,0,0
BRDA:28,6,1,0
BRDA:57,7,0,0
BRDA:57,7,1,0
BRDA:62,8,0,0
BRDA:62,8,1,0
BRDA:63,9,0,0
BRDA:63,9,1,0
BRDA:64,10,0,0
BRDA:64,10,1,0
BRDA:65,11,0,0
BRDA:65,11,1,0
BRDA:70,12,0,0
BRDA:70,12,1,0
BRDA:71,13,0,0
BRDA:71,13,1,0
BRDA:72,14,0,0
BRDA:72,14,1,0
BRDA:87,15,0,0
BRDA:87,16,0,0
BRDA:88,17,0,0
BRDA:88,17,1,0
BRDA:88,18,0,0
BRDA:88,18,1,0
BRDA:89,19,0,0
BRDA:89,19,1,0
BRDA:89,20,0,0
BRDA:89,20,1,0
BRDA:90,21,0,0
BRDA:90,21,1,0
BRDA:90,22,0,0
BRDA:90,22,1,0
BRDA:91,23,0,0
BRDA:91,23,1,0
BRDA:91,24,0,0
BRDA:91,24,1,0
BRDA:106,25,0,0
BRDA:106,25,1,0
BRF:50
BRH:0
end_of_record
TN:
SF:services\sentimentAnalyzer.js
FN:9,(anonymous_0)
FNF:1
FNH:0
FNDA:0,(anonymous_0)
DA:1,0
DA:9,0
DA:10,0
DA:11,0
DA:16,0
DA:17,0
DA:18,0
DA:19,0
DA:21,0
DA:22,0
DA:25,0
DA:26,0
LF:12
LH:0
BRDA:9,0,0,0
BRDA:18,1,0,0
BRDA:18,1,1,0
BRF:3
BRH:0
end_of_record
TN:
SF:services\walletService.js
FN:8,(anonymous_0)
FN:38,(anonymous_1)
FN:60,(anonymous_2)
FN:72,(anonymous_3)
FN:101,(anonymous_4)
FNF:5
FNH:5
FNDA:13,(anonymous_0)
FNDA:18,(anonymous_1)
FNDA:9,(anonymous_2)
FNDA:7,(anonymous_3)
FNDA:5,(anonymous_4)
DA:1,2
DA:2,2
DA:3,2
DA:8,2
DA:9,13
DA:12,13
DA:13,13
DA:14,7
DA:15,7
DA:17,6
DA:21,6
DA:22,6
DA:23,1
DA:24,1
DA:28,5
DA:29,5
DA:30,2
DA:31,2
DA:34,3
DA:35,3
DA:38,2
DA:39,18
DA:56,18
DA:57,18
DA:60,2
DA:61,9
DA:62,9
DA:63,9
DA:64,9
DA:65,9
DA:68,0
DA:72,2
DA:73,7
DA:74,7
DA:75,1
DA:78,6
DA:79,6
DA:80,2
DA:83,4
DA:94,4
DA:95,4
DA:96,4
DA:98,4
DA:101,2
DA:102,5
DA:113,5
DA:114,5
DA:115,5
DA:117,5
DA:120,2
LF:50
LH:49
BRDA:22,0,0,1
BRDA:22,0,1,5
BRDA:29,1,0,2
BRDA:29,1,1,3
BRDA:56,2,0,17
BRDA:56,2,1,1
BRDA:62,3,0,9
BRDA:62,3,1,0
BRDA:72,4,0,2
BRDA:74,5,0,1
BRDA:74,5,1,6
BRDA:79,6,0,2
BRDA:79,6,1,4
BRDA:91,7,0,4
BRDA:91,7,1,0
BRF:15
BRH:13
end_of_record
